{"name":"浦发银行","code":"SH600000","pe":"7.17","pb":0,"volumn":"3370.68亿","range52":"8.90 - 19.05","price":0.0,"lastupdate":0}
{"name":"武钢股份","code":"SH600005","pe":"42.56","pb":0,"volumn":"651.05亿","range52":"1.98 - 7.20","price":0.0,"lastupdate":0}
{"name":"上海机场","code":"SH600009","pe":"24.05","pb":0,"volumn":"532.42亿","range52":"12.60 - 27.99","price":0.0,"lastupdate":0}
{"name":"包钢股份","code":"SH600010","pe":"491.08","pb":0,"volumn":"1083.55亿","range52":"2.52 - 7.50","price":0.0,"lastupdate":0}
{"name":"华夏银行","code":"SH600015","pe":"8.02","pb":0,"volumn":"1442.55亿","range52":"7.62 - 17.96","price":0.0,"lastupdate":0}
{"name":"民生银行","code":"SH600016","pe":"8.03","pb":0,"volumn":"3635.30亿","range52":"5.91 - 11.54","price":0.0,"lastupdate":0}
{"name":"日照港","code":"SH600017","pe":"38.40","pb":0,"volumn":"203.61亿","range52":"2.38 - 7.10","price":0.0,"lastupdate":0}
{"name":"上港集团","code":"SH600018","pe":"-","pb":0,"volumn":"-","range52":"4.37 - 11.09","price":0.0,"lastupdate":0}
{"name":"宝钢股份","code":"SH600019","pe":"25.34","pb":0,"volumn":"1477.45亿","range52":"3.81 - 9.94","price":0.0,"lastupdate":0}
{"name":"中原高速","code":"SH600020","pe":"33.17","pb":0,"volumn":"185.41亿","range52":"2.12 - 8.79","price":0.0,"lastupdate":0}
{"name":"上海电力","code":"SH600021","pe":"41.06","pb":0,"volumn":"565.53亿","range52":"4.25 - 25.50","price":0.0,"lastupdate":0}
{"name":"中海发展","code":"SH600026","pe":"158.19","pb":0,"volumn":"514.08亿","range52":"3.93 - 14.26","price":0.0,"lastupdate":0}
{"name":"中国石化","code":"SH600028","pe":"20.73","pb":0,"volumn":"9830.98亿","range52":"4.89 - 9.27","price":0.0,"lastupdate":0}
{"name":"南方航空","code":"SH600029","pe":"26.58","pb":0,"volumn":"1058.33亿","range52":"2.25 - 11.65","price":0.0,"lastupdate":0}
{"name":"中信证券","code":"SH600030","pe":"33.39","pb":0,"volumn":"3785.41亿","range52":"11.00 - 38.40","price":0.0,"lastupdate":0}
{"name":"三一重工","code":"SH600031","pe":"-","pb":0,"volumn":"790.59亿","range52":"4.93 - 12.33","price":0.0,"lastupdate":0}
{"name":"福建高速","code":"SH600033","pe":"29.83","pb":0,"volumn":"179.21亿","range52":"2.10 - 7.03","price":0.0,"lastupdate":0}
{"name":"招商银行","code":"SH600036","pe":"7.90","pb":0,"volumn":"4595.06亿","range52":"9.63 - 19.45","price":0.0,"lastupdate":0}
{"name":"歌华有线","code":"SH600037","pe":"58.35","pb":0,"volumn":"358.45亿","range52":"9.75 - 34.87","price":0.0,"lastupdate":0}
{"name":"中直股份","code":"SH600038","pe":"88.54","pb":0,"volumn":"293.80亿","range52":"23.81 - 52.51","price":0.0,"lastupdate":0}
{"name":"保利地产","code":"SH600048","pe":"13.17","pb":0,"volumn":"1606.85亿","range52":"4.83 - 14.69","price":0.0,"lastupdate":0}
{"name":"中国联通","code":"SH600050","pe":"51.31","pb":0,"volumn":"2017.92亿","range52":"3.08 - 10.74","price":0.0,"lastupdate":0}
{"name":"华润万东","code":"SH600055","pe":"431.35","pb":0,"volumn":"88.59亿","range52":"14.69 - 40.28","price":0.0,"lastupdate":0}
{"name":"中国医药","code":"SH600056","pe":"35.13","pb":0,"volumn":"209.08亿","range52":"9.73 - 21.70","price":0.0,"lastupdate":0}
{"name":"五矿发展","code":"SH600058","pe":"128.75","pb":0,"volumn":"270.44亿","range52":"10.18 - 28.50","price":0.0,"lastupdate":0}
{"name":"古越龙山","code":"SH600059","pe":"57.71","pb":0,"volumn":"107.29亿","range52":"7.30 - 14.88","price":0.0,"lastupdate":0}
{"name":"海信电器","code":"SH600060","pe":"24.80","pb":0,"volumn":"353.68亿","range52":"9.41 - 28.29","price":0.0,"lastupdate":0}
{"name":"中纺投资","code":"SH600061","pe":"17370.71","pb":0,"volumn":"1077.21亿","range52":"5.51 - 33.10","price":0.0,"lastupdate":0}
{"name":"华润双鹤","code":"SH600062","pe":"29.21","pb":0,"volumn":"162.76亿","range52":"16.26 - 32.70","price":0.0,"lastupdate":0}
{"name":"宇通客车","code":"SH600066","pe":"16.74","pb":0,"volumn":"452.36亿","range52":"14.60 - 33.43","price":0.0,"lastupdate":0}
{"name":"冠城大通","code":"SH600067","pe":"21.92","pb":0,"volumn":"160.75亿","range52":"4.72 - 11.50","price":0.0,"lastupdate":0}
{"name":"中达股份","code":"SH600074","pe":"569.92","pb":0,"volumn":"292.82亿","range52":"3.37 - 13.68","price":0.0,"lastupdate":0}
{"name":"人福医药","code":"SH600079","pe":"49.41","pb":0,"volumn":"244.16亿","range52":"24.42 - 39.66","price":0.0,"lastupdate":0}
{"name":"同仁堂","code":"SH600085","pe":"57.85","pb":0,"volumn":"441.75亿","range52":"16.35 - 35.00","price":0.0,"lastupdate":0}
{"name":"特变电工","code":"SH600089","pe":"32.37","pb":0,"volumn":"569.94亿","range52":"8.22 - 19.58","price":0.0,"lastupdate":0}
{"name":"禾嘉股份","code":"SH600093","pe":"159.62","pb":0,"volumn":"56.56亿","range52":"5.86 - 19.88","price":0.0,"lastupdate":0}
{"name":"大名城","code":"SH600094","pe":"109.75","pb":0,"volumn":"340.36亿","range52":"5.81 - 18.63","price":0.0,"lastupdate":0}
{"name":"云天化","code":"SH600096","pe":"-","pb":0,"volumn":"175.91亿","range52":"6.74 - 17.17","price":0.0,"lastupdate":0}
{"name":"同方股份","code":"SH600100","pe":"80.09","pb":0,"volumn":"605.23亿","range52":"7.65 - 20.77","price":0.0,"lastupdate":0}
{"name":"上汽集团","code":"SH600104","pe":"10.64","pb":0,"volumn":"2976.90亿","range52":"14.23 - 29.18","price":0.0,"lastupdate":0}
{"name":"亚盛集团","code":"SH600108","pe":"121.69","pb":0,"volumn":"220.59亿","range52":"5.32 - 11.59","price":0.0,"lastupdate":0}
{"name":"国金证券","code":"SH600109","pe":"70.46","pb":0,"volumn":"706.38亿","range52":"11.32 - 29.06","price":0.0,"lastupdate":0}
{"name":"北方稀土","code":"SH600111","pe":"120.50","pb":0,"volumn":"782.56亿","range52":"18.63 - 35.35","price":0.0,"lastupdate":0}
{"name":"东方航空","code":"SH600115","pe":"33.49","pb":0,"volumn":"1144.49亿","range52":"2.24 - 9.30","price":0.0,"lastupdate":0}
{"name":"中国卫星","code":"SH600118","pe":"155.31","pb":0,"volumn":"567.95亿","range52":"16.09 - 47.34","price":0.0,"lastupdate":0}
{"name":"浙江东方","code":"SH600120","pe":"25.91","pb":0,"volumn":"159.78亿","range52":"10.04 - 38.48","price":0.0,"lastupdate":0}
{"name":"宏图高科","code":"SH600122","pe":"39.85","pb":0,"volumn":"179.40亿","range52":"4.62 - 16.58","price":0.0,"lastupdate":0}
{"name":"铁龙物流","code":"SH600125","pe":"55.04","pb":0,"volumn":"179.25亿","range52":"4.70 - 15.72","price":0.0,"lastupdate":0}
{"name":"太极集团","code":"SH600129","pe":"-","pb":0,"volumn":"87.73亿","range52":"8.09 - 18.68","price":0.0,"lastupdate":0}
{"name":"中青旅","code":"SH600138","pe":"51.19","pb":0,"volumn":"187.47亿","range52":"15.37 - 28.20","price":0.0,"lastupdate":0}
{"name":"兴发集团","code":"SH600141","pe":"18.33","pb":0,"volumn":"91.87亿","range52":"9.20 - 19.05","price":0.0,"lastupdate":0}
{"name":"金发科技","code":"SH600143","pe":"44.42","pb":0,"volumn":"247.04亿","range52":"4.27 - 10.50","price":0.0,"lastupdate":0}
{"name":"廊坊发展","code":"SH600149","pe":"2476.24","pb":0,"volumn":"93.60亿","range52":"9.06 - 25.57","price":0.0,"lastupdate":0}
{"name":"中国船舶","code":"SH600150","pe":"557.39","pb":0,"volumn":"785.94亿","range52":"18.25 - 63.00","price":0.0,"lastupdate":0}
{"name":"建发股份","code":"SH600153","pe":"17.71","pb":0,"volumn":"443.99亿","range52":"5.25 - 18.47","price":0.0,"lastupdate":0}
{"name":"永泰能源","code":"SH600157","pe":"168.90","pb":0,"volumn":"655.32亿","range52":"2.25 - 9.10","price":0.0,"lastupdate":0}
{"name":"中体产业","code":"SH600158","pe":"214.20","pb":0,"volumn":"220.89亿","range52":"8.45 - 26.74","price":0.0,"lastupdate":0}
{"name":"雅戈尔","code":"SH600177","pe":"24.45","pb":0,"volumn":"489.41亿","range52":"6.44 - 22.19","price":0.0,"lastupdate":0}
{"name":"瑞茂通","code":"SH600180","pe":"54.92","pb":0,"volumn":"271.91亿","range52":"9.58 - 35.12","price":0.0,"lastupdate":0}
{"name":"生益科技","code":"SH600183","pe":"28.16","pb":0,"volumn":"145.15亿","range52":"5.18 - 10.80","price":0.0,"lastupdate":0}
{"name":"光电股份","code":"SH600184","pe":"172.60","pb":0,"volumn":"109.72亿","range52":"17.88 - 54.50","price":0.0,"lastupdate":0}
{"name":"格力地产","code":"SH600185","pe":"16.30","pb":0,"volumn":"170.91亿","range52":"7.81 - 30.99","price":0.0,"lastupdate":0}
{"name":"复星医药","code":"SH600196","pe":"28.45","pb":0,"volumn":"635.86亿","range52":"18.01 - 29.46","price":0.0,"lastupdate":0}
{"name":"金宇集团","code":"SH600201","pe":"39.05","pb":0,"volumn":"169.13亿","range52":"27.10 - 62.50","price":0.0,"lastupdate":0}
{"name":"新湖中宝","code":"SH600208","pe":"62.62","pb":0,"volumn":"743.01亿","range52":"2.87 - 10.25","price":0.0,"lastupdate":0}
{"name":"*ST秦岭","code":"SH600217","pe":"-","pb":0,"volumn":"88.61亿","range52":"4.21 - 13.31","price":0.0,"lastupdate":0}
{"name":"南山铝业","code":"SH600219","pe":"36.77","pb":0,"volumn":"335.69亿","range52":"4.71 - 13.55","price":0.0,"lastupdate":0}
{"name":"鲁商置业","code":"SH600223","pe":"47.02","pb":0,"volumn":"97.49亿","range52":"3.19 - 10.60","price":0.0,"lastupdate":0}
{"name":"大杨创世","code":"SH600233","pe":"74.89","pb":0,"volumn":"36.12亿","range52":"8.30 - 23.68","price":0.0,"lastupdate":0}
{"name":"华业地产","code":"SH600240","pe":"63.48","pb":0,"volumn":"263.20亿","range52":"3.98 - 19.86","price":0.0,"lastupdate":0}
{"name":"中恒集团","code":"SH600252","pe":"19.63","pb":0,"volumn":"317.05亿","range52":"11.02 - 26.48","price":0.0,"lastupdate":0}
{"name":"广汇能源","code":"SH600256","pe":"58.96","pb":0,"volumn":"552.43亿","range52":"6.67 - 11.63","price":0.0,"lastupdate":0}
{"name":"广晟有色","code":"SH600259","pe":"928.01","pb":0,"volumn":"173.50亿","range52":"33.20 - 67.97","price":0.0,"lastupdate":0}
{"name":"外运发展","code":"SH600270","pe":"37.78","pb":0,"volumn":"244.84亿","range52":"10.12 - 30.50","price":0.0,"lastupdate":0}
{"name":"航天信息","code":"SH600271","pe":"46.18","pb":0,"volumn":"550.07亿","range52":"17.41 - 59.80","price":0.0,"lastupdate":0}
{"name":"恒瑞医药","code":"SH600276","pe":"51.30","pb":0,"volumn":"858.01亿","range52":"29.06 - 59.68","price":0.0,"lastupdate":0}
{"name":"亿利能源","code":"SH600277","pe":"93.88","pb":0,"volumn":"241.97亿","range52":"6.27 - 12.93","price":0.0,"lastupdate":0}
{"name":"南钢股份","code":"SH600282","pe":"67.56","pb":0,"volumn":"236.42亿","range52":"1.46 - 6.76","price":0.0,"lastupdate":0}
{"name":"浦东建设","code":"SH600284","pe":"33.30","pb":0,"volumn":"117.47亿","range52":"9.12 - 19.00","price":0.0,"lastupdate":0}
{"name":"江苏舜天","code":"SH600287","pe":"131.70","pb":0,"volumn":"72.03亿","range52":"5.70 - 17.38","price":0.0,"lastupdate":0}
{"name":"大恒科技","code":"SH600288","pe":"338.30","pb":0,"volumn":"124.18亿","range52":"7.25 - 38.72","price":0.0,"lastupdate":0}
{"name":"XD华仪电","code":"SH600290","pe":"80.49","pb":0,"volumn":"73.03亿","range52":"8.37 - 14.55","price":0.0,"lastupdate":0}
{"name":"恒顺醋业","code":"SH600305","pe":"39.91","pb":0,"volumn":"82.51亿","range52":"14.08 - 27.72","price":0.0,"lastupdate":0}
{"name":"商业城","code":"SH600306","pe":"55.74","pb":0,"volumn":"31.09亿","range52":"7.06 - 19.90","price":0.0,"lastupdate":0}
{"name":"万华化学","code":"SH600309","pe":"25.04","pb":0,"volumn":"535.18亿","range52":"14.20 - 27.07","price":0.0,"lastupdate":0}
{"name":"桂东电力","code":"SH600310","pe":"-","pb":0,"volumn":"81.45亿","range52":"8.77 - 29.30","price":0.0,"lastupdate":0}
{"name":"平高电气","code":"SH600312","pe":"38.57","pb":0,"volumn":"246.49亿","range52":"10.95 - 23.83","price":0.0,"lastupdate":0}
{"name":"上海家化","code":"SH600315","pe":"34.48","pb":0,"volumn":"309.62亿","range52":"29.99 - 50.28","price":0.0,"lastupdate":0}
{"name":"洪都航空","code":"SH600316","pe":"269.80","pb":0,"volumn":"260.10亿","range52":"15.05 - 38.07","price":0.0,"lastupdate":0}
{"name":"巢东股份","code":"SH600318","pe":"70.93","pb":0,"volumn":"74.71亿","range52":"8.32 - 39.50","price":0.0,"lastupdate":0}
{"name":"振华重工","code":"SH600320","pe":"188.05","pb":0,"volumn":"413.13亿","range52":"3.04 - 10.23","price":0.0,"lastupdate":0}
{"name":"兰太实业","code":"SH600328","pe":"-","pb":0,"volumn":"52.97亿","range52":"7.07 - 15.77","price":0.0,"lastupdate":0}
{"name":"中新药业","code":"SH600329","pe":"45.75","pb":0,"volumn":"163.68亿","range52":"12.42 - 24.49","price":0.0,"lastupdate":0}
{"name":"天通股份","code":"SH600330","pe":"964.13","pb":0,"volumn":"130.80亿","range52":"9.19 - 18.99","price":0.0,"lastupdate":0}
{"name":"白云山","code":"SH600332","pe":"37.49","pb":0,"volumn":"464.88亿","range52":"22.55 - 39.46","price":0.0,"lastupdate":0}
{"name":"国机汽车","code":"SH600335","pe":"20.01","pb":0,"volumn":"175.60亿","range52":"13.50 - 30.06","price":0.0,"lastupdate":0}
{"name":"美克家居","code":"SH600337","pe":"42.19","pb":0,"volumn":"103.69亿","range52":"5.50 - 16.92","price":0.0,"lastupdate":0}
{"name":"华夏幸福","code":"SH600340","pe":"22.71","pb":0,"volumn":"820.85亿","range52":"22.80 - 64.50","price":0.0,"lastupdate":0}
{"name":"阳泉煤业","code":"SH600348","pe":"36.85","pb":0,"volumn":"270.80亿","range52":"5.45 - 12.04","price":0.0,"lastupdate":0}
{"name":"浙江龙盛","code":"SH600352","pe":"16.31","pb":0,"volumn":"488.81亿","range52":"13.73 - 31.48","price":0.0,"lastupdate":0}
{"name":"恒丰纸业","code":"SH600356","pe":"45.08","pb":0,"volumn":"33.91亿","range52":"5.50 - 12.37","price":0.0,"lastupdate":0}
{"name":"国旅联合","code":"SH600358","pe":"-","pb":0,"volumn":"66.48亿","range52":"5.12 - 17.63","price":0.0,"lastupdate":0}
{"name":"华联综超","code":"SH600361","pe":"28.19","pb":0,"volumn":"65.91亿","range52":"4.20 - 9.95","price":0.0,"lastupdate":0}
{"name":"宁波韵升","code":"SH600366","pe":"68.81","pb":0,"volumn":"145.09亿","range52":"13.30 - 30.80","price":0.0,"lastupdate":0}
{"name":"西南证券","code":"SH600369","pe":"34.20","pb":0,"volumn":"694.91亿","range52":"8.25 - 27.80","price":0.0,"lastupdate":0}
{"name":"中文传媒","code":"SH600373","pe":"32.89","pb":0,"volumn":"285.37亿","range52":"11.88 - 22.80","price":0.0,"lastupdate":0}
{"name":"首开股份","code":"SH600376","pe":"16.91","pb":0,"volumn":"327.33亿","range52":"4.02 - 13.77","price":0.0,"lastupdate":0}
{"name":"天科股份","code":"SH600378","pe":"76.16","pb":0,"volumn":"57.09亿","range52":"11.82 - 19.22","price":0.0,"lastupdate":0}
{"name":"健康元","code":"SH600380","pe":"95.22","pb":0,"volumn":"337.30亿","range52":"4.85 - 27.98","price":0.0,"lastupdate":0}
{"name":"金地集团","code":"SH600383","pe":"14.81","pb":0,"volumn":"596.47亿","range52":"7.31 - 12.96","price":0.0,"lastupdate":0}
{"name":"成发科技","code":"SH600391","pe":"659.26","pb":0,"volumn":"170.41亿","range52":"11.36 - 58.00","price":0.0,"lastupdate":0}
{"name":"盛和资源","code":"SH600392","pe":"63.27","pb":0,"volumn":"127.15亿","range52":"15.03 - 37.69","price":0.0,"lastupdate":0}
{"name":"安源煤业","code":"SH600397","pe":"119.69","pb":0,"volumn":"111.37亿","range52":"3.35 - 10.64","price":0.0,"lastupdate":0}
{"name":"XD海澜之","code":"SH600398","pe":"30.23","pb":0,"volumn":"717.94亿","range52":"8.22 - 17.15","price":0.0,"lastupdate":0}
{"name":"抚顺特钢","code":"SH600399","pe":"163.38","pb":0,"volumn":"166.24亿","range52":"6.08 - 37.37","price":0.0,"lastupdate":0}
{"name":"红豆股份","code":"SH600400","pe":"95.51","pb":0,"volumn":"61.87亿","range52":"4.28 - 12.20","price":0.0,"lastupdate":0}
{"name":"*ST海润","code":"SH600401","pe":"-","pb":0,"volumn":"179.71亿","range52":"6.69 - 14.80","price":0.0,"lastupdate":0}
{"name":"国电南瑞","code":"SH600406","pe":"51.33","pb":0,"volumn":"568.86亿","range52":"12.62 - 25.18","price":0.0,"lastupdate":0}
{"name":"三友化工","code":"SH600409","pe":"44.45","pb":0,"volumn":"183.56亿","range52":"4.17 - 11.38","price":0.0,"lastupdate":0}
{"name":"华胜天成","code":"SH600410","pe":"282.50","pb":0,"volumn":"224.08亿","range52":"7.36 - 35.64","price":0.0,"lastupdate":0}
{"name":"小商品城","code":"SH600415","pe":"162.65","pb":0,"volumn":"665.16亿","range52":"4.87 - 30.48","price":0.0,"lastupdate":0}
{"name":"江淮汽车","code":"SH600418","pe":"45.71","pb":0,"volumn":"220.95亿","range52":"10.50 - 16.86","price":0.0,"lastupdate":0}
{"name":"现代制药","code":"SH600420","pe":"60.56","pb":0,"volumn":"115.06亿","range52":"15.25 - 45.99","price":0.0,"lastupdate":0}
{"name":"XD昆药集","code":"SH600422","pe":"37.18","pb":0,"volumn":"116.67亿","range52":"19.80 - 37.22","price":0.0,"lastupdate":0}
{"name":"华鲁恒升","code":"SH600426","pe":"17.00","pb":0,"volumn":"136.75亿","range52":"6.41 - 15.06","price":0.0,"lastupdate":0}
{"name":"片仔癀","code":"SH600436","pe":"51.28","pb":0,"volumn":"225.50亿","range52":"73.60 - 158.75","price":0.0,"lastupdate":0}
{"name":"*ST国通","code":"SH600444","pe":"-","pb":0,"volumn":"19.64亿","range52":"9.90 - 21.99","price":0.0,"lastupdate":0}
{"name":"金证股份","code":"SH600446","pe":"275.38","pb":0,"volumn":"475.38亿","range52":"21.90 - 170.00","price":0.0,"lastupdate":0}
{"name":"士兰微","code":"SH600460","pe":"66.48","pb":0,"volumn":"109.25亿","range52":"5.20 - 9.48","price":0.0,"lastupdate":0}
{"name":"蓝光发展","code":"SH600466","pe":"1354.27","pb":0,"volumn":"310.99亿","range52":"4.54 - 16.50","price":0.0,"lastupdate":0}
{"name":"风神股份","code":"SH600469","pe":"24.73","pb":0,"volumn":"82.04亿","range52":"8.16 - 24.68","price":0.0,"lastupdate":0}
{"name":"福能股份","code":"SH600483","pe":"24.35","pb":0,"volumn":"193.66亿","range52":"6.10 - 13.99","price":0.0,"lastupdate":0}
{"name":"信威集团","code":"SH600485","pe":"8571.52","pb":0,"volumn":"1267.73亿","range52":"15.52 - 52.23","price":0.0,"lastupdate":0}
{"name":"中金黄金","code":"SH600489","pe":"-","pb":0,"volumn":"474.74亿","range52":"7.41 - 16.51","price":0.0,"lastupdate":0}
{"name":"驰宏锌锗","code":"SH600497","pe":"190.63","pb":0,"volumn":"277.15亿","range52":"8.20 - 17.68","price":0.0,"lastupdate":0}
{"name":"烽火通信","code":"SH600498","pe":"53.14","pb":0,"volumn":"292.57亿","range52":"11.20 - 30.80","price":0.0,"lastupdate":0}
{"name":"科达洁能","code":"SH600499","pe":"38.49","pb":0,"volumn":"171.73亿","range52":"16.02 - 27.30","price":0.0,"lastupdate":0}
{"name":"安徽水利","code":"SH600502","pe":"35.80","pb":0,"volumn":"82.57亿","range52":"6.96 - 17.94","price":0.0,"lastupdate":0}
{"name":"方大特钢","code":"SH600507","pe":"24.55","pb":0,"volumn":"116.96亿","range52":"2.97 - 9.88","price":0.0,"lastupdate":0}
{"name":"国药股份","code":"SH600511","pe":"37.03","pb":0,"volumn":"181.32亿","range52":"19.28 - 41.55","price":0.0,"lastupdate":0}
{"name":"置信电气","code":"SH600517","pe":"72.20","pb":0,"volumn":"187.05亿","range52":"9.83 - 18.48","price":0.0,"lastupdate":0}
{"name":"康美药业","code":"SH600518","pe":"33.59","pb":0,"volumn":"844.09亿","range52":"13.80 - 40.80","price":0.0,"lastupdate":0}
{"name":"贵州茅台","code":"SH600519","pe":"17.99","pb":0,"volumn":"2880.46亿","range52":"139.22 - 269.00","price":0.0,"lastupdate":0}
{"name":"华海药业","code":"SH600521","pe":"56.40","pb":0,"volumn":"176.75亿","range52":"9.81 - 23.32","price":0.0,"lastupdate":0}
{"name":"长园集团","code":"SH600525","pe":"51.14","pb":0,"volumn":"192.39亿","range52":"8.53 - 21.93","price":0.0,"lastupdate":0}
{"name":"栖霞建设","code":"SH600533","pe":"1740.40","pb":0,"volumn":"69.09亿","range52":"3.02 - 6.88","price":0.0,"lastupdate":0}
{"name":"天士力","code":"SH600535","pe":"36.17","pb":0,"volumn":"517.87亿","range52":"35.83 - 51.43","price":0.0,"lastupdate":0}
{"name":"中国软件","code":"SH600536","pe":"902.55","pb":0,"volumn":"218.75亿","range52":"15.00 - 56.94","price":0.0,"lastupdate":0}
{"name":"山东黄金","code":"SH600547","pe":"55.48","pb":0,"volumn":"461.50亿","range52":"15.05 - 34.20","price":0.0,"lastupdate":0}
{"name":"厦门钨业","code":"SH600549","pe":"76.24","pb":0,"volumn":"332.04亿","range52":"23.49 - 43.58","price":0.0,"lastupdate":0}
{"name":"保变电气","code":"SH600550","pe":"374.20","pb":0,"volumn":"189.68亿","range52":"4.13 - 14.18","price":0.0,"lastupdate":0}
{"name":"方兴科技","code":"SH600552","pe":"85.73","pb":0,"volumn":"94.38亿","range52":"11.38 - 28.60","price":0.0,"lastupdate":0}
{"name":"康缘药业","code":"SH600557","pe":"43.42","pb":0,"volumn":"142.86亿","range52":"22.69 - 35.00","price":0.0,"lastupdate":0}
{"name":"老白干酒","code":"SH600559","pe":"151.01","pb":0,"volumn":"89.31亿","range52":"19.90 - 68.00","price":0.0,"lastupdate":0}
{"name":"国睿科技","code":"SH600562","pe":"107.71","pb":0,"volumn":"152.13亿","range52":"23.88 - 62.98","price":0.0,"lastupdate":0}
{"name":"恒生电子","code":"SH600570","pe":"206.07","pb":0,"volumn":"772.07亿","range52":"24.44 - 146.00","price":0.0,"lastupdate":0}
{"name":"信雅达","code":"SH600571","pe":"151.74","pb":0,"volumn":"168.29亿","range52":"14.30 - 92.00","price":0.0,"lastupdate":0}
{"name":"海油工程","code":"SH600583","pe":"14.88","pb":0,"volumn":"622.97亿","range52":"6.98 - 16.27","price":0.0,"lastupdate":0}
{"name":"海螺水泥","code":"SH600585","pe":"12.31","pb":0,"volumn":"1259.64亿","range52":"15.54 - 26.26","price":0.0,"lastupdate":0}
{"name":"新华医疗","code":"SH600587","pe":"68.69","pb":0,"volumn":"219.59亿","range52":"28.70 - 77.00","price":0.0,"lastupdate":0}
{"name":"DR用友网","code":"SH600588","pe":"105.84","pb":0,"volumn":"582.38亿","range52":"11.88 - 51.81","price":0.0,"lastupdate":0}
{"name":"益佰制药","code":"SH600594","pe":"43.00","pb":0,"volumn":"207.45亿","range52":"30.99 - 54.50","price":0.0,"lastupdate":0}
{"name":"中孚实业","code":"SH600595","pe":"357.97","pb":0,"volumn":"152.73亿","range52":"3.40 - 9.22","price":0.0,"lastupdate":0}
{"name":"北大荒","code":"SH600598","pe":"247.63","pb":0,"volumn":"329.23亿","range52":"6.49 - 19.80","price":0.0,"lastupdate":0}
{"name":"青岛啤酒","code":"SH600600","pe":"29.86","pb":0,"volumn":"594.30亿","range52":"37.28 - 48.18","price":0.0,"lastupdate":0}
{"name":"方正科技","code":"SH600601","pe":"86.73","pb":0,"volumn":"239.46亿","range52":"2.89 - 12.70","price":0.0,"lastupdate":0}
{"name":"国新能源","code":"SH600617","pe":"43.81","pb":0,"volumn":"213.83亿","range52":"17.00 - 39.86","price":0.0,"lastupdate":0}
{"name":"爱建股份","code":"SH600643","pe":"40.49","pb":0,"volumn":"218.56亿","range52":"8.92 - 22.23","price":0.0,"lastupdate":0}
{"name":"*ST乐电","code":"SH600644","pe":"-","pb":0,"volumn":"65.58亿","range52":"7.03 - 14.46","price":0.0,"lastupdate":0}
{"name":"同达创业","code":"SH600647","pe":"1927.25","pb":0,"volumn":"46.54亿","range52":"10.35 - 33.99","price":0.0,"lastupdate":0}
{"name":"外高桥","code":"SH600648","pe":"72.93","pb":0,"volumn":"423.26亿","range52":"25.38 - 43.40","price":0.0,"lastupdate":0}
{"name":"中安消","code":"SH600654","pe":"127.64","pb":0,"volumn":"243.77亿","range52":"7.68 - 20.98","price":0.0,"lastupdate":0}
{"name":"豫园商城","code":"SH600655","pe":"27.81","pb":0,"volumn":"299.68亿","range52":"7.01 - 21.27","price":0.0,"lastupdate":0}
{"name":"信达地产","code":"SH600657","pe":"18.74","pb":0,"volumn":"144.35亿","range52":"3.07 - 10.22","price":0.0,"lastupdate":0}
{"name":"电子城","code":"SH600658","pe":"38.99","pb":0,"volumn":"92.53亿","range52":"9.18 - 17.70","price":0.0,"lastupdate":0}
{"name":"福耀玻璃","code":"SH600660","pe":"16.86","pb":0,"volumn":"392.35亿","range52":"7.83 - 18.35","price":0.0,"lastupdate":0}
{"name":"陆家嘴","code":"SH600663","pe":"48.68","pb":0,"volumn":"779.57亿","range52":"15.36 - 46.69","price":0.0,"lastupdate":0}
{"name":"哈药股份","code":"SH600664","pe":"82.95","pb":0,"volumn":"204.98亿","range52":"5.82 - 12.28","price":0.0,"lastupdate":0}
{"name":"西南药业","code":"SH600666","pe":"261.47","pb":0,"volumn":"80.60亿","range52":"8.04 - 30.50","price":0.0,"lastupdate":0}
{"name":"川投能源","code":"SH600674","pe":"14.54","pb":0,"volumn":"559.95亿","range52":"11.13 - 27.95","price":0.0,"lastupdate":0}
{"name":"南京新百","code":"SH600682","pe":"49.21","pb":0,"volumn":"197.04亿","range52":"11.20 - 60.19","price":0.0,"lastupdate":0}
{"name":"京投银泰","code":"SH600683","pe":"323.40","pb":0,"volumn":"80.82亿","range52":"4.26 - 12.34","price":0.0,"lastupdate":0}
{"name":"广船国际","code":"SH600685","pe":"1217.99","pb":0,"volumn":"752.13亿","range52":"18.84 - 59.62","price":0.0,"lastupdate":0}
{"name":"金龙汽车","code":"SH600686","pe":"37.37","pb":0,"volumn":"102.55亿","range52":"7.77 - 22.11","price":0.0,"lastupdate":0}
{"name":"刚泰控股","code":"SH600687","pe":"51.78","pb":0,"volumn":"160.65亿","range52":"10.11 - 34.86","price":0.0,"lastupdate":0}
{"name":"上海石化","code":"SH600688","pe":"-","pb":0,"volumn":"1057.32亿","range52":"2.88 - 10.45","price":0.0,"lastupdate":0}
{"name":"青岛海尔","code":"SH600690","pe":"16.54","pb":0,"volumn":"825.80亿","range52":"13.63 - 29.14","price":0.0,"lastupdate":0}
{"name":"东百集团","code":"SH600693","pe":"252.56","pb":0,"volumn":"60.63亿","range52":"6.48 - 15.18","price":0.0,"lastupdate":0}
{"name":"大商股份","code":"SH600694","pe":"15.87","pb":0,"volumn":"173.82亿","range52":"25.02 - 73.01","price":0.0,"lastupdate":0}
{"name":"欧亚集团","code":"SH600697","pe":"19.05","pb":0,"volumn":"57.96亿","range52":"17.15 - 36.10","price":0.0,"lastupdate":0}
{"name":"三安光电","code":"SH600703","pe":"33.29","pb":0,"volumn":"528.87亿","range52":"12.43 - 24.56","price":0.0,"lastupdate":0}
{"name":"物产中大","code":"SH600704","pe":"64.35","pb":0,"volumn":"232.47亿","range52":"7.24 - 27.27","price":0.0,"lastupdate":0}
{"name":"中航资本","code":"SH600705","pe":"50.63","pb":0,"volumn":"989.17亿","range52":"14.82 - 30.82","price":0.0,"lastupdate":0}
{"name":"彩虹股份","code":"SH600707","pe":"-","pb":0,"volumn":"105.28亿","range52":"6.69 - 15.50","price":0.0,"lastupdate":0}
{"name":"海博股份","code":"SH600708","pe":"54.60","pb":0,"volumn":"92.53亿","range52":"6.82 - 17.83","price":0.0,"lastupdate":0}
{"name":"金瑞矿业","code":"SH600714","pe":"614.49","pb":0,"volumn":"41.84亿","range52":"7.77 - 16.38","price":0.0,"lastupdate":0}
{"name":"东软集团","code":"SH600718","pe":"131.19","pb":0,"volumn":"329.73亿","range52":"11.01 - 30.37","price":0.0,"lastupdate":0}
{"name":"祁连山","code":"SH600720","pe":"18.88","pb":0,"volumn":"91.21亿","range52":"6.05 - 13.14","price":0.0,"lastupdate":0}
{"name":"佳都科技","code":"SH600728","pe":"134.71","pb":0,"volumn":"154.68亿","range52":"11.94 - 38.21","price":0.0,"lastupdate":0}
{"name":"重庆百货","code":"SH600729","pe":"26.15","pb":0,"volumn":"132.12亿","range52":"18.90 - 32.60","price":0.0,"lastupdate":0}
{"name":"中粮屯河","code":"SH600737","pe":"927.32","pb":0,"volumn":"300.19亿","range52":"4.51 - 16.18","price":0.0,"lastupdate":0}
{"name":"辽宁成大","code":"SH600739","pe":"56.83","pb":0,"volumn":"461.97亿","range52":"14.16 - 31.98","price":0.0,"lastupdate":0}
{"name":"华域汽车","code":"SH600741","pe":"11.93","pb":0,"volumn":"550.22亿","range52":"9.02 - 24.09","price":0.0,"lastupdate":0}
{"name":"一汽富维","code":"SH600742","pe":"13.74","pb":0,"volumn":"75.96亿","range52":"17.89 - 40.30","price":0.0,"lastupdate":0}
{"name":"华远地产","code":"SH600743","pe":"20.52","pb":0,"volumn":"129.60亿","range52":"2.68 - 7.34","price":0.0,"lastupdate":0}
{"name":"江中药业","code":"SH600750","pe":"35.47","pb":0,"volumn":"97.50亿","range52":"15.27 - 35.99","price":0.0,"lastupdate":0}
{"name":"厦门国贸","code":"SH600755","pe":"33.60","pb":0,"volumn":"243.68亿","range52":"4.60 - 16.44","price":0.0,"lastupdate":0}
{"name":"洲际油气","code":"SH600759","pe":"240.64","pb":0,"volumn":"272.84亿","range52":"9.60 - 16.89","price":0.0,"lastupdate":0}
{"name":"安徽合力","code":"SH600761","pe":"23.10","pb":0,"volumn":"102.21亿","range52":"9.62 - 18.64","price":0.0,"lastupdate":0}
{"name":"通策医疗","code":"SH600763","pe":"121.10","pb":0,"volumn":"141.31亿","range52":"35.42 - 94.56","price":0.0,"lastupdate":0}
{"name":"运盛实业","code":"SH600767","pe":"282.79","pb":0,"volumn":"79.35亿","range52":"6.00 - 27.60","price":0.0,"lastupdate":0}
{"name":"综艺股份","code":"SH600770","pe":"435.81","pb":0,"volumn":"234.65亿","range52":"8.40 - 17.60","price":0.0,"lastupdate":0}
{"name":"西藏城投","code":"SH600773","pe":"165.35","pb":0,"volumn":"127.25亿","range52":"8.72 - 20.08","price":0.0,"lastupdate":0}
{"name":"鲁信创投","code":"SH600783","pe":"94.06","pb":0,"volumn":"297.30亿","range52":"14.65 - 44.13","price":0.0,"lastupdate":0}
{"name":"鲁银投资","code":"SH600784","pe":"853.73","pb":0,"volumn":"85.11亿","range52":"4.76 - 16.88","price":0.0,"lastupdate":0}
{"name":"鲁抗医药","code":"SH600789","pe":"-","pb":0,"volumn":"73.74亿","range52":"4.76 - 13.76","price":0.0,"lastupdate":0}
{"name":"国电电力","code":"SH600795","pe":"20.32","pb":0,"volumn":"1234.04亿","range52":"2.11 - 6.33","price":0.0,"lastupdate":0}
{"name":"宁波海运","code":"SH600798","pe":"456.47","pb":0,"volumn":"96.05亿","range52":"3.29 - 10.96","price":0.0,"lastupdate":0}
{"name":"华新水泥","code":"SH600801","pe":"16.14","pb":0,"volumn":"181.22亿","range52":"6.58 - 13.53","price":0.0,"lastupdate":0}
{"name":"鹏博士","code":"SH600804","pe":"88.56","pb":0,"volumn":"472.02亿","range52":"13.17 - 38.23","price":0.0,"lastupdate":0}
{"name":"悦达投资","code":"SH600805","pe":"12.35","pb":0,"volumn":"131.55亿","range52":"8.79 - 16.88","price":0.0,"lastupdate":0}
{"name":"安信信托","code":"SH600816","pe":"16.95","pb":0,"volumn":"165.93亿","range52":"13.78 - 39.98","price":0.0,"lastupdate":0}
{"name":"隧道股份","code":"SH600820","pe":"31.42","pb":0,"volumn":"446.78亿","range52":"4.61 - 15.52","price":0.0,"lastupdate":0}
{"name":"海通证券","code":"SH600837","pe":"25.86","pb":0,"volumn":"2742.19亿","range52":"8.94 - 31.66","price":0.0,"lastupdate":0}
{"name":"四川长虹","code":"SH600839","pe":"553.04","pb":0,"volumn":"370.22亿","range52":"2.98 - 7.97","price":0.0,"lastupdate":0}
{"name":"宝信软件","code":"SH600845","pe":"66.25","pb":0,"volumn":"217.31亿","range52":"26.14 - 66.66","price":0.0,"lastupdate":0}
{"name":"华东电脑","code":"SH600850","pe":"75.32","pb":0,"volumn":"188.06亿","range52":"21.52 - 66.18","price":0.0,"lastupdate":0}
{"name":"龙建股份","code":"SH600853","pe":"241.98","pb":0,"volumn":"45.57亿","range52":"2.61 - 8.90","price":0.0,"lastupdate":0}
{"name":"航天长峰","code":"SH600855","pe":"637.71","pb":0,"volumn":"108.57亿","range52":"12.85 - 37.20","price":0.0,"lastupdate":0}
{"name":"长百集团","code":"SH600856","pe":"528.83","pb":0,"volumn":"156.50亿","range52":"8.73 - 29.98","price":0.0,"lastupdate":0}
{"name":"银座股份","code":"SH600858","pe":"40.83","pb":0,"volumn":"61.84亿","range52":"6.82 - 10.81","price":0.0,"lastupdate":0}
{"name":"南通科技","code":"SH600862","pe":"-","pb":0,"volumn":"117.12亿","range52":"3.33 - 19.61","price":0.0,"lastupdate":0}
{"name":"智慧能源","code":"SH600869","pe":"143.37","pb":0,"volumn":"261.97亿","range52":"7.68 - 25.50","price":0.0,"lastupdate":0}
{"name":"中炬高新","code":"SH600872","pe":"60.36","pb":0,"volumn":"173.11亿","range52":"9.12 - 19.75","price":0.0,"lastupdate":0}
{"name":"梅花生物","code":"SH600873","pe":"55.51","pb":0,"volumn":"336.62亿","range52":"4.65 - 12.10","price":0.0,"lastupdate":0}
{"name":"东方电气","code":"SH600875","pe":"49.82","pb":0,"volumn":"636.81亿","range52":"11.20 - 30.83","price":0.0,"lastupdate":0}
{"name":"航天电子","code":"SH600879","pe":"91.93","pb":0,"volumn":"224.64亿","range52":"10.01 - 23.23","price":0.0,"lastupdate":0}
{"name":"博瑞传播","code":"SH600880","pe":"71.20","pb":0,"volumn":"158.86亿","range52":"9.68 - 16.15","price":0.0,"lastupdate":0}
{"name":"亚泰集团","code":"SH600881","pe":"-","pb":0,"volumn":"214.67亿","range52":"3.56 - 13.28","price":0.0,"lastupdate":0}
{"name":"伊利股份","code":"SH600887","pe":"25.61","pb":0,"volumn":"1117.27亿","range52":"21.34 - 39.98","price":0.0,"lastupdate":0}
{"name":"新疆众和","code":"SH600888","pe":"-","pb":0,"volumn":"77.27亿","range52":"5.03 - 13.20","price":0.0,"lastupdate":0}
{"name":"中房股份","code":"SH600890","pe":"-","pb":0,"volumn":"61.68亿","range52":"5.36 - 11.09","price":0.0,"lastupdate":0}
{"name":"中航动力","code":"SH600893","pe":"125.86","pb":0,"volumn":"1047.24亿","range52":"21.00 - 58.10","price":0.0,"lastupdate":0}
{"name":"长江电力","code":"SH600900","pe":"19.90","pb":0,"volumn":"2179.65亿","range52":"5.64 - 13.38","price":0.0,"lastupdate":0}
{"name":"东方证券","code":"SH600958","pe":"79.47","pb":0,"volumn":"1714.98亿","range52":"12.04 - 36.55","price":0.0,"lastupdate":0}
{"name":"中材国际","code":"SH600970","pe":"339.48","pb":0,"volumn":"194.28亿","range52":"6.59 - 19.19","price":0.0,"lastupdate":0}
{"name":"新五丰","code":"SH600975","pe":"-","pb":0,"volumn":"59.85亿","range52":"5.90 - 19.99","price":0.0,"lastupdate":0}
{"name":"健民集团","code":"SH600976","pe":"49.22","pb":0,"volumn":"56.02亿","range52":"18.58 - 40.18","price":0.0,"lastupdate":0}
{"name":"广安爱众","code":"SH600979","pe":"60.93","pb":0,"volumn":"64.32亿","range52":"4.37 - 9.73","price":0.0,"lastupdate":0}
{"name":"科达股份","code":"SH600986","pe":"111.89","pb":0,"volumn":"67.29亿","range52":"4.22 - 19.59","price":0.0,"lastupdate":0}
{"name":"四创电子","code":"SH600990","pe":"116.02","pb":0,"volumn":"94.17亿","range52":"22.19 - 73.60","price":0.0,"lastupdate":0}
{"name":"马应龙","code":"SH600993","pe":"47.75","pb":0,"volumn":"97.02亿","range52":"15.00 - 32.23","price":0.0,"lastupdate":0}
{"name":"九州通","code":"SH600998","pe":"76.97","pb":0,"volumn":"435.91亿","range52":"12.12 - 29.00","price":0.0,"lastupdate":0}
{"name":"招商证券","code":"SH600999","pe":"37.03","pb":0,"volumn":"2148.43亿","range52":"9.88 - 40.00","price":0.0,"lastupdate":0}
{"name":"唐山港","code":"SH601000","pe":"31.42","pb":0,"volumn":"349.42亿","range52":"4.11 - 17.98","price":0.0,"lastupdate":0}
{"name":"大秦铁路","code":"SH601006","pe":"14.45","pb":0,"volumn":"2076.89亿","range52":"6.24 - 14.72","price":0.0,"lastupdate":0}
{"name":"南京银行","code":"SH601009","pe":"8.74","pb":0,"volumn":"521.05亿","range52":"7.72 - 18.56","price":0.0,"lastupdate":0}
{"name":"文峰股份","code":"SH601010","pe":"58.35","pb":0,"volumn":"258.90亿","range52":"6.57 - 52.00","price":0.0,"lastupdate":0}
{"name":"隆基股份","code":"SH601012","pe":"99.03","pb":0,"volumn":"290.72亿","range52":"12.64 - 70.05","price":0.0,"lastupdate":0}
{"name":"春秋航空","code":"SH601021","pe":"63.19","pb":0,"volumn":"451.48亿","range52":"21.79 - 118.94","price":0.0,"lastupdate":0}
{"name":"玉龙股份","code":"SH601028","pe":"79.28","pb":0,"volumn":"106.18亿","range52":"11.58 - 30.50","price":0.0,"lastupdate":0}
{"name":"赛轮金宇","code":"SH601058","pe":"31.94","pb":0,"volumn":"106.46亿","range52":"11.00 - 23.77","price":0.0,"lastupdate":0}
{"name":"中国神华","code":"SH601088","pe":"14.06","pb":0,"volumn":"4516.93亿","range52":"13.45 - 25.58","price":0.0,"lastupdate":0}
{"name":"中南传媒","code":"SH601098","pe":"29.02","pb":0,"volumn":"442.35亿","range52":"12.40 - 25.27","price":0.0,"lastupdate":0}
{"name":"太平洋","code":"SH601099","pe":"67.07","pb":0,"volumn":"507.68亿","range52":"5.87 - 16.20","price":0.0,"lastupdate":0}
{"name":"中国化学","code":"SH601117","pe":"21.53","pb":0,"volumn":"649.68亿","range52":"5.09 - 13.59","price":0.0,"lastupdate":0}
{"name":"四方股份","code":"SH601126","pe":"35.11","pb":0,"volumn":"119.86亿","range52":"13.41 - 32.56","price":0.0,"lastupdate":0}
{"name":"深圳燃气","code":"SH601139","pe":"33.82","pb":0,"volumn":"236.11亿","range52":"6.58 - 12.88","price":0.0,"lastupdate":0}
{"name":"兴业银行","code":"SH601166","pe":"7.61","pb":0,"volumn":"3698.06亿","range52":"9.43 - 21.42","price":0.0,"lastupdate":0}
{"name":"西部矿业","code":"SH601168","pe":"98.65","pb":0,"volumn":"286.20亿","range52":"4.95 - 12.75","price":0.0,"lastupdate":0}
{"name":"北京银行","code":"SH601169","pe":"8.53","pb":0,"volumn":"1371.77亿","range52":"6.66 - 12.97","price":0.0,"lastupdate":0}
{"name":"中国铁建","code":"SH601186","pe":"27.48","pb":0,"volumn":"3117.70亿","range52":"4.35 - 28.18","price":0.0,"lastupdate":0}
{"name":"东兴证券","code":"SH601198","pe":"-","pb":0,"volumn":"788.26亿","range52":"11.02 - 35.78","price":0.0,"lastupdate":0}
{"name":"江南水务","code":"SH601199","pe":"44.60","pb":0,"volumn":"81.22亿","range52":"14.72 - 39.28","price":0.0,"lastupdate":0}
{"name":"东材科技","code":"SH601208","pe":"44.35","pb":0,"volumn":"69.27亿","range52":"6.50 - 12.51","price":0.0,"lastupdate":0}
{"name":"林洋电子","code":"SH601222","pe":"33.19","pb":0,"volumn":"141.36亿","range52":"17.38 - 45.39","price":0.0,"lastupdate":0}
{"name":"华电重工","code":"SH601226","pe":"51.09","pb":0,"volumn":"186.96亿","range52":"12.00 - 26.30","price":0.0,"lastupdate":0}
{"name":"广汽集团","code":"SH601238","pe":"28.17","pb":0,"volumn":"807.60亿","range52":"7.15 - 13.44","price":0.0,"lastupdate":0}
{"name":"庞大集团","code":"SH601258","pe":"224.84","pb":0,"volumn":"318.17亿","range52":"4.27 - 10.47","price":0.0,"lastupdate":0}
{"name":"农业银行","code":"SH601288","pe":"7.14","pb":0,"volumn":"12861.85亿","range52":"2.34 - 4.25","price":0.0,"lastupdate":0}
{"name":"中国北车","code":"SH601299","pe":"72.68","pb":0,"volumn":"3991.78亿","range52":"4.26 - 42.31","price":0.0,"lastupdate":0}
{"name":"骆驼股份","code":"SH601311","pe":"27.70","pb":0,"volumn":"170.51亿","range52":"10.10 - 22.96","price":0.0,"lastupdate":0}
{"name":"中国平安","code":"SH601318","pe":"20.63","pb":0,"volumn":"8103.63亿","range52":"38.48 - 93.40","price":0.0,"lastupdate":0}
{"name":"交通银行","code":"SH601328","pe":"7.77","pb":0,"volumn":"5138.98亿","range52":"3.64 - 7.41","price":0.0,"lastupdate":0}
{"name":"新华保险","code":"SH601336","pe":"26.21","pb":0,"volumn":"1679.25亿","range52":"19.45 - 60.04","price":0.0,"lastupdate":0}
{"name":"XD陕鼓动","code":"SH601369","pe":"36.05","pb":0,"volumn":"188.79亿","range52":"5.43 - 12.35","price":0.0,"lastupdate":0}
{"name":"兴业证券","code":"SH601377","pe":"33.91","pb":0,"volumn":"904.28亿","range52":"5.81 - 19.45","price":0.0,"lastupdate":0}
{"name":"中国中铁","code":"SH601390","pe":"43.81","pb":0,"volumn":"4539.01亿","range52":"2.50 - 23.08","price":0.0,"lastupdate":0}
{"name":"工商银行","code":"SH601398","pe":"6.99","pb":0,"volumn":"19281.58亿","range52":"3.37 - 5.85","price":0.0,"lastupdate":0}
{"name":"大智慧","code":"SH601519","pe":"494.64","pb":0,"volumn":"665.48亿","range52":"5.82 - 35.00","price":0.0,"lastupdate":0}
{"name":"东吴证券","code":"SH601555","pe":"44.75","pb":0,"volumn":"701.73亿","range52":"6.89 - 30.00","price":0.0,"lastupdate":0}
{"name":"三星电气","code":"SH601567","pe":"52.26","pb":0,"volumn":"199.56亿","range52":"9.30 - 48.37","price":0.0,"lastupdate":0}
{"name":"北辰实业","code":"SH601588","pe":"39.49","pb":0,"volumn":"223.23亿","range52":"2.39 - 7.34","price":0.0,"lastupdate":0}
{"name":"中国铝业","code":"SH601600","pe":"-","pb":0,"volumn":"1284.83亿","range52":"2.97 - 10.88","price":0.0,"lastupdate":0}
{"name":"中国太保","code":"SH601601","pe":"28.56","pb":0,"volumn":"3155.39亿","range52":"15.88 - 37.88","price":0.0,"lastupdate":0}
{"name":"中国中冶","code":"SH601618","pe":"51.09","pb":0,"volumn":"2107.83亿","range52":"1.63 - 11.58","price":0.0,"lastupdate":0}
{"name":"中国人寿","code":"SH601628","pe":"28.88","pb":0,"volumn":"10757.55亿","range52":"13.00 - 42.50","price":0.0,"lastupdate":0}
{"name":"长城汽车","code":"SH601633","pe":"18.67","pb":0,"volumn":"1600.31亿","range52":"24.86 - 59.50","price":0.0,"lastupdate":0}
{"name":"中国建筑","code":"SH601668","pe":"14.49","pb":0,"volumn":"3270.00亿","range52":"2.77 - 10.77","price":0.0,"lastupdate":0}
{"name":"中国电建","code":"SH601669","pe":"36.66","pb":0,"volumn":"1754.88亿","range52":"2.68 - 16.62","price":0.0,"lastupdate":0}
{"name":"滨化股份","code":"SH601678","pe":"26.55","pb":0,"volumn":"91.67亿","range52":"6.93 - 16.20","price":0.0,"lastupdate":0}
{"name":"XD华泰证","code":"SH601688","pe":"28.51","pb":0,"volumn":"1631.28亿","range52":"7.38 - 34.30","price":0.0,"lastupdate":0}
{"name":"潞安环能","code":"SH601699","pe":"32.34","pb":0,"volumn":"317.55亿","range52":"7.22 - 15.20","price":0.0,"lastupdate":0}
{"name":"风范股份","code":"SH601700","pe":"67.75","pb":0,"volumn":"146.39亿","range52":"11.25 - 40.50","price":0.0,"lastupdate":0}
{"name":"中国南车","code":"SH601766","pe":"82.33","pb":0,"volumn":"4375.55亿","range52":"4.15 - 39.47","price":0.0,"lastupdate":0}
{"name":"星宇股份","code":"SH601799","pe":"23.63","pb":0,"volumn":"66.17亿","range52":"15.54 - 31.00","price":0.0,"lastupdate":0}
{"name":"中国交建","code":"SH601800","pe":"24.90","pb":0,"volumn":"3492.13亿","range52":"3.55 - 24.46","price":0.0,"lastupdate":0}
{"name":"皖新传媒","code":"SH601801","pe":"34.30","pb":0,"volumn":"244.43亿","range52":"11.62 - 29.99","price":0.0,"lastupdate":0}
{"name":"光大银行","code":"SH601818","pe":"8.97","pb":0,"volumn":"2590.69亿","range52":"2.39 - 5.94","price":0.0,"lastupdate":0}
{"name":"中国石油","code":"SH601857","pe":"30.99","pb":0,"volumn":"24506.51亿","range52":"7.45 - 15.36","price":0.0,"lastupdate":0}
{"name":"招商轮船","code":"SH601872","pe":"200.52","pb":0,"volumn":"484.84亿","range52":"2.26 - 11.45","price":0.0,"lastupdate":0}
{"name":"正泰电器","code":"SH601877","pe":"21.35","pb":0,"volumn":"392.45亿","range52":"19.73 - 46.95","price":0.0,"lastupdate":0}
{"name":"方正证券","code":"SH601901","pe":"71.01","pb":0,"volumn":"1242.22亿","range52":"5.26 - 17.15","price":0.0,"lastupdate":0}
{"name":"京运通","code":"SH601908","pe":"129.48","pb":0,"volumn":"168.77亿","range52":"6.68 - 22.18","price":0.0,"lastupdate":0}
{"name":"永辉超市","code":"SH601933","pe":"55.64","pb":0,"volumn":"455.97亿","range52":"5.79 - 12.63","price":0.0,"lastupdate":0}
{"name":"建设银行","code":"SH601939","pe":"7.52","pb":0,"volumn":"17125.75亿","range52":"3.86 - 7.45","price":0.0,"lastupdate":0}
{"name":"金钼股份","code":"SH601958","pe":"266.84","pb":0,"volumn":"503.03亿","range52":"5.72 - 15.09","price":0.0,"lastupdate":0}
{"name":"中国汽研","code":"SH601965","pe":"29.90","pb":0,"volumn":"124.89亿","range52":"10.85 - 20.30","price":0.0,"lastupdate":0}
{"name":"中国银行","code":"SH601988","pe":"8.40","pb":0,"volumn":"14248.37亿","range52":"2.53 - 5.29","price":0.0,"lastupdate":0}
{"name":"中国重工","code":"SH601989","pe":"106.66","pb":0,"volumn":"2673.46亿","range52":"4.36 - 16.18","price":0.0,"lastupdate":0}
{"name":"中信银行","code":"SH601998","pe":"9.06","pb":0,"volumn":"3705.56亿","range52":"3.99 - 8.67","price":0.0,"lastupdate":0}
{"name":"晶方科技","code":"SH603005","pe":"60.12","pb":0,"volumn":"122.53亿","range52":"33.16 - 63.50","price":0.0,"lastupdate":0}
{"name":"创力集团","code":"SH603012","pe":"50.45","pb":0,"volumn":"86.67亿","range52":"19.53 - 28.59","price":0.0,"lastupdate":0}
{"name":"中科曙光","code":"SH603019","pe":"320.05","pb":0,"volumn":"405.33亿","range52":"7.62 - 126.40","price":0.0,"lastupdate":0}
{"name":"爱普股份","code":"SH603020","pe":"61.43","pb":0,"volumn":"73.50亿","range52":"29.48 - 46.18","price":0.0,"lastupdate":0}
{"name":"全筑股份","code":"SH603030","pe":"354.02","pb":0,"volumn":"68.85亿","range52":"14.18 - 46.00","price":0.0,"lastupdate":0}
{"name":"康尼机电","code":"SH603111","pe":"58.74","pb":0,"volumn":"88.61亿","range52":"8.27 - 34.49","price":0.0,"lastupdate":0}
{"name":"华贸物流","code":"SH603128","pe":"81.57","pb":0,"volumn":"99.08亿","range52":"8.99 - 28.67","price":0.0,"lastupdate":0}
{"name":"腾龙股份","code":"SH603158","pe":"61.07","pb":0,"volumn":"42.18亿","range52":"20.92 - 38.92","price":0.0,"lastupdate":0}
{"name":"海天味业","code":"SH603288","pe":"43.00","pb":0,"volumn":"898.81亿","range52":"31.58 - 75.49","price":0.0,"lastupdate":0}
{"name":"浙江鼎力","code":"SH603338","pe":"197.23","pb":0,"volumn":"51.34亿","range52":"42.57 - 80.36","price":0.0,"lastupdate":0}
{"name":"日出东方","code":"SH603366","pe":"52.49","pb":0,"volumn":"96.72亿","range52":"12.88 - 30.68","price":0.0,"lastupdate":0}
{"name":"柳州医药","code":"SH603368","pe":"49.57","pb":0,"volumn":"85.67亿","range52":"31.46 - 77.50","price":0.0,"lastupdate":0}
{"name":"九洲药业","code":"SH603456","pe":"113.32","pb":0,"volumn":"120.39亿","range52":"18.52 - 56.84","price":0.0,"lastupdate":0}
{"name":"贵人鸟","code":"SH603555","pe":"91.38","pb":0,"volumn":"285.76亿","range52":"10.66 - 48.91","price":0.0,"lastupdate":0}
{"name":"健盛集团","code":"SH603558","pe":"50.75","pb":0,"volumn":"40.93亿","range52":"27.72 - 52.30","price":0.0,"lastupdate":0}
{"name":"东方电缆","code":"SH603606","pe":"77.85","pb":0,"volumn":"50.46亿","range52":"9.84 - 41.98","price":0.0,"lastupdate":0}
{"name":"火炬电子","code":"SH603678","pe":"87.63","pb":0,"volumn":"122.80亿","range52":"14.95 - 74.96","price":0.0,"lastupdate":0}
{"name":"龙韵股份","code":"SH603729","pe":"207.98","pb":0,"volumn":"67.95亿","range52":"31.93 - 109.35","price":0.0,"lastupdate":0}
{"name":"北部湾旅","code":"SH603869","pe":"168.76","pb":0,"volumn":"60.55亿","range52":"7.24 - 36.60","price":0.0,"lastupdate":0}
{"name":"好莱客","code":"SH603898","pe":"52.77","pb":0,"volumn":"76.47亿","range52":"23.48 - 88.70","price":0.0,"lastupdate":0}
{"name":"晨光文具","code":"SH603899","pe":"66.63","pb":0,"volumn":"175.03亿","range52":"18.94 - 42.67","price":0.0,"lastupdate":0}
