{"name":"神州泰岳","code":"SZ300002","pe":"75.84","pb":0,"volumn":"452.13亿","range52":"11.16 - 38.66","price":0.0,"lastupdate":0}
{"name":"乐普医疗","code":"SZ300003","pe":"63.47","pb":0,"volumn":"290.78亿","range52":"9.35 - 39.60","price":0.0,"lastupdate":0}
{"name":"南风股份","code":"SZ300004","pe":"169.91","pb":0,"volumn":"186.88亿","range52":"19.11 - 74.80","price":0.0,"lastupdate":0}
{"name":"探路者","code":"SZ300005","pe":"44.93","pb":0,"volumn":"139.71亿","range52":"8.50 - 32.60","price":0.0,"lastupdate":0}
{"name":"莱美药业","code":"SZ300006","pe":"276.95","pb":0,"volumn":"99.06亿","range52":"18.93 - 62.99","price":0.0,"lastupdate":0}
{"name":"汉威电子","code":"SZ300007","pe":"161.88","pb":0,"volumn":"98.16亿","range52":"10.11 - 76.50","price":0.0,"lastupdate":0}
{"name":"安科生物","code":"SZ300009","pe":"78.03","pb":0,"volumn":"90.10亿","range52":"11.77 - 30.80","price":0.0,"lastupdate":0}
{"name":"立思辰","code":"SZ300010","pe":"207.21","pb":0,"volumn":"160.34亿","range52":"6.16 - 61.40","price":0.0,"lastupdate":0}
{"name":"鼎汉技术","code":"SZ300011","pe":"91.61","pb":0,"volumn":"178.15亿","range52":"8.22 - 34.53","price":0.0,"lastupdate":0}
{"name":"华测检测","code":"SZ300012","pe":"70.72","pb":0,"volumn":"97.77亿","range52":"10.39 - 27.86","price":0.0,"lastupdate":0}
{"name":"新宁物流","code":"SZ300013","pe":"866.81","pb":0,"volumn":"60.44亿","range52":"8.30 - 39.20","price":0.0,"lastupdate":0}
{"name":"亿纬锂能","code":"SZ300014","pe":"108.75","pb":0,"volumn":"91.76亿","range52":"12.86 - 50.98","price":0.0,"lastupdate":0}
{"name":"爱尔眼科","code":"SZ300015","pe":"80.39","pb":0,"volumn":"266.36亿","range52":"17.61 - 45.30","price":0.0,"lastupdate":0}
{"name":"北陆药业","code":"SZ300016","pe":"116.33","pb":0,"volumn":"106.27亿","range52":"6.26 - 37.98","price":0.0,"lastupdate":0}
{"name":"网宿科技","code":"SZ300017","pe":"64.00","pb":0,"volumn":"341.58亿","range52":"23.15 - 141.00","price":0.0,"lastupdate":0}
{"name":"中元华电","code":"SZ300018","pe":"189.24","pb":0,"volumn":"93.62亿","range52":"4.83 - 50.50","price":0.0,"lastupdate":0}
{"name":"硅宝科技","code":"SZ300019","pe":"56.67","pb":0,"volumn":"46.27亿","range52":"7.61 - 32.90","price":0.0,"lastupdate":0}
{"name":"银江股份","code":"SZ300020","pe":"73.60","pb":0,"volumn":"145.55亿","range52":"16.03 - 54.65","price":0.0,"lastupdate":0}
{"name":"大禹节水","code":"SZ300021","pe":"223.67","pb":0,"volumn":"46.75亿","range52":"6.70 - 18.50","price":0.0,"lastupdate":0}
{"name":"宝德股份","code":"SZ300023","pe":"193.51","pb":0,"volumn":"28.69亿","range52":"7.07 - 32.97","price":0.0,"lastupdate":0}
{"name":"机器人","code":"SZ300024","pe":"115.08","pb":0,"volumn":"380.67亿","range52":"25.20 - 63.50","price":0.0,"lastupdate":0}
{"name":"华谊兄弟","code":"SZ300027","pe":"56.33","pb":0,"volumn":"434.77亿","range52":"15.88 - 81.80","price":0.0,"lastupdate":0}
{"name":"金亚科技","code":"SZ300028","pe":"408.06","pb":0,"volumn":"127.00亿","range52":"5.05 - 55.98","price":0.0,"lastupdate":0}
{"name":"天龙光电","code":"SZ300029","pe":"86.68","pb":0,"volumn":"33.06亿","range52":"5.51 - 19.25","price":0.0,"lastupdate":0}
{"name":"阳普医疗","code":"SZ300030","pe":"118.34","pb":0,"volumn":"64.44亿","range52":"8.11 - 30.50","price":0.0,"lastupdate":0}
{"name":"宝通带业","code":"SZ300031","pe":"55.28","pb":0,"volumn":"41.37亿","range52":"5.76 - 16.48","price":0.0,"lastupdate":0}
{"name":"金龙机电","code":"SZ300032","pe":"87.73","pb":0,"volumn":"193.66亿","range52":"12.51 - 71.38","price":0.0,"lastupdate":0}
{"name":"同花顺","code":"SZ300033","pe":"476.52","pb":0,"volumn":"584.26亿","range52":"11.80 - 181.87","price":0.0,"lastupdate":0}
{"name":"钢研高纳","code":"SZ300034","pe":"94.11","pb":0,"volumn":"104.80亿","range52":"14.30 - 35.70","price":0.0,"lastupdate":0}
{"name":"中科电气","code":"SZ300035","pe":"74.70","pb":0,"volumn":"37.42亿","range52":"6.91 - 17.53","price":0.0,"lastupdate":0}
{"name":"超图软件","code":"SZ300036","pe":"132.07","pb":0,"volumn":"57.69亿","range52":"9.26 - 55.99","price":0.0,"lastupdate":0}
{"name":"新宙邦","code":"SZ300037","pe":"58.38","pb":0,"volumn":"66.43亿","range52":"16.60 - 44.91","price":0.0,"lastupdate":0}
{"name":"上海凯宝","code":"SZ300039","pe":"31.67","pb":0,"volumn":"113.55亿","range52":"11.63 - 32.50","price":0.0,"lastupdate":0}
{"name":"回天新材","code":"SZ300041","pe":"51.65","pb":0,"volumn":"57.66亿","range52":"8.37 - 39.03","price":0.0,"lastupdate":0}
{"name":"朗科科技","code":"SZ300042","pe":"222.63","pb":0,"volumn":"37.14亿","range52":"8.11 - 29.17","price":0.0,"lastupdate":0}
{"name":"互动娱乐","code":"SZ300043","pe":"56.28","pb":0,"volumn":"186.63亿","range52":"9.23 - 40.50","price":0.0,"lastupdate":0}
{"name":"赛为智能","code":"SZ300044","pe":"116.39","pb":0,"volumn":"41.67亿","range52":"6.54 - 23.07","price":0.0,"lastupdate":0}
{"name":"华力创通","code":"SZ300045","pe":"169.28","pb":0,"volumn":"90.46亿","range52":"12.64 - 35.99","price":0.0,"lastupdate":0}
{"name":"台基股份","code":"SZ300046","pe":"102.05","pb":0,"volumn":"43.33亿","range52":"6.90 - 30.95","price":0.0,"lastupdate":0}
{"name":"天源迪科","code":"SZ300047","pe":"194.52","pb":0,"volumn":"65.16亿","range52":"7.01 - 23.40","price":0.0,"lastupdate":0}
{"name":"合康变频","code":"SZ300048","pe":"141.64","pb":0,"volumn":"50.18亿","range52":"6.57 - 15.99","price":0.0,"lastupdate":0}
{"name":"福瑞股份","code":"SZ300049","pe":"135.44","pb":0,"volumn":"121.48亿","range52":"8.58 - 99.00","price":0.0,"lastupdate":0}
{"name":"世纪鼎利","code":"SZ300050","pe":"123.29","pb":0,"volumn":"73.47亿","range52":"8.48 - 36.74","price":0.0,"lastupdate":0}
{"name":"三五互联","code":"SZ300051","pe":"4238.91","pb":0,"volumn":"62.76亿","range52":"8.10 - 23.51","price":0.0,"lastupdate":0}
{"name":"中青宝","code":"SZ300052","pe":"-","pb":0,"volumn":"85.93亿","range52":"10.15 - 90.48","price":0.0,"lastupdate":0}
{"name":"欧比特","code":"SZ300053","pe":"355.81","pb":0,"volumn":"75.40亿","range52":"5.97 - 39.95","price":0.0,"lastupdate":0}
{"name":"鼎龙股份","code":"SZ300054","pe":"73.26","pb":0,"volumn":"106.34亿","range52":"9.70 - 25.40","price":0.0,"lastupdate":0}
{"name":"万邦达","code":"SZ300055","pe":"98.76","pb":0,"volumn":"264.89亿","range52":"21.20 - 144.39","price":0.0,"lastupdate":0}
{"name":"万顺股份","code":"SZ300057","pe":"39.66","pb":0,"volumn":"68.79亿","range52":"8.79 - 17.50","price":0.0,"lastupdate":0}
{"name":"蓝色光标","code":"SZ300058","pe":"60.16","pb":0,"volumn":"293.68亿","range52":"19.63 - 68.79","price":0.0,"lastupdate":0}
{"name":"东方财富","code":"SZ300059","pe":"410.17","pb":0,"volumn":"1421.64亿","range52":"8.99 - 83.95","price":0.0,"lastupdate":0}
{"name":"康耐特","code":"SZ300061","pe":"71.50","pb":0,"volumn":"28.05亿","range52":"6.87 - 20.00","price":0.0,"lastupdate":0}
{"name":"中能电气","code":"SZ300062","pe":"96.12","pb":0,"volumn":"28.62亿","range52":"6.75 - 20.70","price":0.0,"lastupdate":0}
{"name":"天龙集团","code":"SZ300063","pe":"-","pb":0,"volumn":"52.24亿","range52":"6.28 - 25.99","price":0.0,"lastupdate":0}
{"name":"豫金刚石","code":"SZ300064","pe":"157.69","pb":0,"volumn":"104.52亿","range52":"3.95 - 19.10","price":0.0,"lastupdate":0}
{"name":"三川股份","code":"SZ300066","pe":"44.11","pb":0,"volumn":"57.65亿","range52":"8.86 - 26.35","price":0.0,"lastupdate":0}
{"name":"安诺其","code":"SZ300067","pe":"53.80","pb":0,"volumn":"63.86亿","range52":"6.07 - 20.86","price":0.0,"lastupdate":0}
{"name":"南都电源","code":"SZ300068","pe":"120.62","pb":0,"volumn":"104.66亿","range52":"5.88 - 18.30","price":0.0,"lastupdate":0}
{"name":"金利华电","code":"SZ300069","pe":"983.00","pb":0,"volumn":"40.95亿","range52":"8.21 - 35.85","price":0.0,"lastupdate":0}
{"name":"碧水源","code":"SZ300070","pe":"55.39","pb":0,"volumn":"522.47亿","range52":"24.74 - 57.60","price":0.0,"lastupdate":0}
{"name":"华谊嘉信","code":"SZ300071","pe":"95.61","pb":0,"volumn":"80.26亿","range52":"11.25 - 40.80","price":0.0,"lastupdate":0}
{"name":"三聚环保","code":"SZ300072","pe":"47.81","pb":0,"volumn":"226.43亿","range52":"13.42 - 47.99","price":0.0,"lastupdate":0}
{"name":"当升科技","code":"SZ300073","pe":"-","pb":0,"volumn":"41.06亿","range52":"8.30 - 29.00","price":0.0,"lastupdate":0}
{"name":"数字政通","code":"SZ300075","pe":"134.35","pb":0,"volumn":"161.82亿","range52":"23.80 - 89.99","price":0.0,"lastupdate":0}
{"name":"GQY视讯","code":"SZ300076","pe":"198.65","pb":0,"volumn":"38.84亿","range52":"11.08 - 33.94","price":0.0,"lastupdate":0}
{"name":"国民技术","code":"SZ300077","pe":"847.57","pb":0,"volumn":"154.20亿","range52":"13.20 - 58.88","price":0.0,"lastupdate":0}
{"name":"新大新材","code":"SZ300080","pe":"230.35","pb":0,"volumn":"58.73亿","range52":"5.81 - 12.84","price":0.0,"lastupdate":0}
{"name":"恒信移动","code":"SZ300081","pe":"381.01","pb":0,"volumn":"69.69亿","range52":"9.37 - 62.30","price":0.0,"lastupdate":0}
{"name":"奥克股份","code":"SZ300082","pe":"95.50","pb":0,"volumn":"68.74亿","range52":"8.01 - 21.50","price":0.0,"lastupdate":0}
{"name":"海默科技","code":"SZ300084","pe":"94.18","pb":0,"volumn":"44.73亿","range52":"9.29 - 35.20","price":0.0,"lastupdate":0}
{"name":"康芝药业","code":"SZ300086","pe":"181.35","pb":0,"volumn":"76.59亿","range52":"10.51 - 29.90","price":0.0,"lastupdate":0}
{"name":"荃银高科","code":"SZ300087","pe":"593.13","pb":0,"volumn":"28.65亿","range52":"7.60 - 20.35","price":0.0,"lastupdate":0}
{"name":"长信科技","code":"SZ300088","pe":"85.04","pb":0,"volumn":"136.58亿","range52":"13.58 - 27.98","price":0.0,"lastupdate":0}
{"name":"盛运环保","code":"SZ300090","pe":"53.55","pb":0,"volumn":"127.50亿","range52":"12.99 - 42.00","price":0.0,"lastupdate":0}
{"name":"金通灵","code":"SZ300091","pe":"379.87","pb":0,"volumn":"80.32亿","range52":"6.03 - 41.15","price":0.0,"lastupdate":0}
{"name":"科新机电","code":"SZ300092","pe":"167.48","pb":0,"volumn":"29.20亿","range52":"8.23 - 39.28","price":0.0,"lastupdate":0}
{"name":"国联水产","code":"SZ300094","pe":"133.87","pb":0,"volumn":"80.18亿","range52":"4.75 - 22.92","price":0.0,"lastupdate":0}
{"name":"易联众","code":"SZ300096","pe":"225.23","pb":0,"volumn":"87.12亿","range52":"9.26 - 37.86","price":0.0,"lastupdate":0}
{"name":"尤洛卡","code":"SZ300099","pe":"-","pb":0,"volumn":"35.71亿","range52":"9.16 - 23.12","price":0.0,"lastupdate":0}
{"name":"双林股份","code":"SZ300100","pe":"50.17","pb":0,"volumn":"78.74亿","range52":"5.21 - 22.94","price":0.0,"lastupdate":0}
{"name":"乾照光电","code":"SZ300102","pe":"126.47","pb":0,"volumn":"55.90亿","range52":"7.43 - 20.80","price":0.0,"lastupdate":0}
{"name":"达刚路机","code":"SZ300103","pe":"116.18","pb":0,"volumn":"46.77亿","range52":"8.96 - 25.45","price":0.0,"lastupdate":0}
{"name":"乐视网","code":"SZ300104","pe":"296.65","pb":0,"volumn":"1108.60亿","range52":"20.62 - 147.62","price":0.0,"lastupdate":0}
{"name":"龙源技术","code":"SZ300105","pe":"65.86","pb":0,"volumn":"92.38亿","range52":"10.27 - 36.60","price":0.0,"lastupdate":0}
{"name":"西部牧业","code":"SZ300106","pe":"123.39","pb":0,"volumn":"27.47亿","range52":"11.61 - 21.45","price":0.0,"lastupdate":0}
{"name":"建新股份","code":"SZ300107","pe":"157.07","pb":0,"volumn":"47.80亿","range52":"7.38 - 21.00","price":0.0,"lastupdate":0}
{"name":"双龙股份","code":"SZ300108","pe":"71.33","pb":0,"volumn":"60.66亿","range52":"6.16 - 22.84","price":0.0,"lastupdate":0}
{"name":"新开源","code":"SZ300109","pe":"195.63","pb":0,"volumn":"73.68亿","range52":"7.00 - 68.00","price":0.0,"lastupdate":0}
{"name":"向日葵","code":"SZ300111","pe":"359.51","pb":0,"volumn":"75.25亿","range52":"3.28 - 14.70","price":0.0,"lastupdate":0}
{"name":"万讯自控","code":"SZ300112","pe":"170.52","pb":0,"volumn":"38.57亿","range52":"6.43 - 18.10","price":0.0,"lastupdate":0}
{"name":"顺网科技","code":"SZ300113","pe":"97.24","pb":0,"volumn":"175.40亿","range52":"19.05 - 70.98","price":0.0,"lastupdate":0}
{"name":"中航电测","code":"SZ300114","pe":"89.63","pb":0,"volumn":"79.74亿","range52":"12.30 - 43.58","price":0.0,"lastupdate":0}
{"name":"长盈精密","code":"SZ300115","pe":"55.71","pb":0,"volumn":"180.07亿","range52":"16.51 - 44.50","price":0.0,"lastupdate":0}
{"name":"坚瑞消防","code":"SZ300116","pe":"234.49","pb":0,"volumn":"38.12亿","range52":"4.49 - 14.20","price":0.0,"lastupdate":0}
{"name":"嘉寓股份","code":"SZ300117","pe":"71.67","pb":0,"volumn":"37.34亿","range52":"5.04 - 12.50","price":0.0,"lastupdate":0}
{"name":"东方日升","code":"SZ300118","pe":"247.87","pb":0,"volumn":"86.63亿","range52":"4.49 - 14.92","price":0.0,"lastupdate":0}
{"name":"瑞普生物","code":"SZ300119","pe":"190.80","pb":0,"volumn":"65.38亿","range52":"8.57 - 28.55","price":0.0,"lastupdate":0}
{"name":"经纬电材","code":"SZ300120","pe":"827.29","pb":0,"volumn":"35.76亿","range52":"5.52 - 18.26","price":0.0,"lastupdate":0}
{"name":"智飞生物","code":"SZ300122","pe":"154.23","pb":0,"volumn":"236.16亿","range52":"18.32 - 64.89","price":0.0,"lastupdate":0}
{"name":"太阳鸟","code":"SZ300123","pe":"898.76","pb":0,"volumn":"43.97亿","range52":"7.46 - 20.49","price":0.0,"lastupdate":0}
{"name":"汇川技术","code":"SZ300124","pe":"50.72","pb":0,"volumn":"341.01亿","range52":"24.20 - 81.38","price":0.0,"lastupdate":0}
{"name":"易世达","code":"SZ300125","pe":"-","pb":0,"volumn":"49.27亿","range52":"9.74 - 42.80","price":0.0,"lastupdate":0}
{"name":"银河磁体","code":"SZ300127","pe":"77.20","pb":0,"volumn":"57.07亿","range52":"10.50 - 27.85","price":0.0,"lastupdate":0}
{"name":"锦富新材","code":"SZ300128","pe":"569.15","pb":0,"volumn":"91.63亿","range52":"9.24 - 29.44","price":0.0,"lastupdate":0}
{"name":"泰胜风能","code":"SZ300129","pe":"53.78","pb":0,"volumn":"55.86亿","range52":"4.52 - 19.95","price":0.0,"lastupdate":0}
{"name":"新国都","code":"SZ300130","pe":"106.29","pb":0,"volumn":"84.62亿","range52":"10.13 - 96.50","price":0.0,"lastupdate":0}
{"name":"英唐智控","code":"SZ300131","pe":"368.56","pb":0,"volumn":"81.37亿","range52":"6.92 - 37.14","price":0.0,"lastupdate":0}
{"name":"青松股份","code":"SZ300132","pe":"95.24","pb":0,"volumn":"37.16亿","range52":"6.25 - 18.95","price":0.0,"lastupdate":0}
{"name":"华策影视","code":"SZ300133","pe":"61.26","pb":0,"volumn":"243.65亿","range52":"17.05 - 41.85","price":0.0,"lastupdate":0}
{"name":"大富科技","code":"SZ300134","pe":"66.62","pb":0,"volumn":"208.24亿","range52":"10.11 - 63.15","price":0.0,"lastupdate":0}
{"name":"宝利沥青","code":"SZ300135","pe":"143.46","pb":0,"volumn":"91.60亿","range52":"5.35 - 19.70","price":0.0,"lastupdate":0}
{"name":"信维通信","code":"SZ300136","pe":"111.91","pb":0,"volumn":"88.21亿","range52":"11.80 - 38.29","price":0.0,"lastupdate":0}
{"name":"先河环保","code":"SZ300137","pe":"87.00","pb":0,"volumn":"65.68亿","range52":"13.08 - 25.49","price":0.0,"lastupdate":0}
{"name":"晨光生物","code":"SZ300138","pe":"120.80","pb":0,"volumn":"28.39亿","range52":"7.40 - 17.60","price":0.0,"lastupdate":0}
{"name":"福星晓程","code":"SZ300139","pe":"94.54","pb":0,"volumn":"66.83亿","range52":"20.30 - 82.20","price":0.0,"lastupdate":0}
{"name":"启源装备","code":"SZ300140","pe":"1150.24","pb":0,"volumn":"81.12亿","range52":"8.89 - 69.98","price":0.0,"lastupdate":0}
{"name":"沃森生物","code":"SZ300142","pe":"90.45","pb":0,"volumn":"132.54亿","range52":"27.70 - 62.98","price":0.0,"lastupdate":0}
{"name":"宋城演艺","code":"SZ300144","pe":"98.71","pb":0,"volumn":"401.54亿","range52":"12.35 - 72.00","price":0.0,"lastupdate":0}
{"name":"汤臣倍健","code":"SZ300146","pe":"56.92","pb":0,"volumn":"301.83亿","range52":"23.90 - 77.48","price":0.0,"lastupdate":0}
{"name":"香雪制药","code":"SZ300147","pe":"75.41","pb":0,"volumn":"150.63亿","range52":"15.03 - 32.75","price":0.0,"lastupdate":0}
{"name":"量子高科","code":"SZ300149","pe":"100.09","pb":0,"volumn":"44.95亿","range52":"5.63 - 17.50","price":0.0,"lastupdate":0}
{"name":"世纪瑞尔","code":"SZ300150","pe":"60.67","pb":0,"volumn":"77.68亿","range52":"6.33 - 33.88","price":0.0,"lastupdate":0}
{"name":"昌红科技","code":"SZ300151","pe":"148.99","pb":0,"volumn":"73.26亿","range52":"8.54 - 40.36","price":0.0,"lastupdate":0}
{"name":"科泰电源","code":"SZ300153","pe":"127.33","pb":0,"volumn":"42.30亿","range52":"6.61 - 34.19","price":0.0,"lastupdate":0}
{"name":"瑞凌股份","code":"SZ300154","pe":"40.77","pb":0,"volumn":"46.18亿","range52":"6.96 - 22.19","price":0.0,"lastupdate":0}
{"name":"安居宝","code":"SZ300155","pe":"135.97","pb":0,"volumn":"96.39亿","range52":"11.04 - 32.67","price":0.0,"lastupdate":0}
{"name":"神雾环保","code":"SZ300156","pe":"164.63","pb":0,"volumn":"84.85亿","range52":"9.09 - 31.93","price":0.0,"lastupdate":0}
{"name":"恒泰艾普","code":"SZ300157","pe":"177.68","pb":0,"volumn":"91.33亿","range52":"9.86 - 36.86","price":0.0,"lastupdate":0}
{"name":"新研股份","code":"SZ300159","pe":"125.52","pb":0,"volumn":"140.89亿","range52":"6.81 - 44.79","price":0.0,"lastupdate":0}
{"name":"秀强股份","code":"SZ300160","pe":"74.45","pb":0,"volumn":"31.21亿","range52":"6.50 - 17.83","price":0.0,"lastupdate":0}
{"name":"华中数控","code":"SZ300161","pe":"-","pb":0,"volumn":"41.26亿","range52":"10.69 - 28.56","price":0.0,"lastupdate":0}
{"name":"先锋新材","code":"SZ300163","pe":"192.74","pb":0,"volumn":"51.63亿","range52":"8.85 - 33.20","price":0.0,"lastupdate":0}
{"name":"通源石油","code":"SZ300164","pe":"470.79","pb":0,"volumn":"56.02亿","range52":"8.60 - 25.88","price":0.0,"lastupdate":0}
{"name":"天瑞仪器","code":"SZ300165","pe":"108.54","pb":0,"volumn":"53.45亿","range52":"12.26 - 41.16","price":0.0,"lastupdate":0}
{"name":"迪威视讯","code":"SZ300167","pe":"-","pb":0,"volumn":"71.10亿","range52":"9.86 - 29.27","price":0.0,"lastupdate":0}
{"name":"万达信息","code":"SZ300168","pe":"276.01","pb":0,"volumn":"527.76亿","range52":"14.80 - 118.00","price":0.0,"lastupdate":0}
{"name":"天晟新材","code":"SZ300169","pe":"309.46","pb":0,"volumn":"41.30亿","range52":"4.88 - 13.98","price":0.0,"lastupdate":0}
{"name":"汉得信息","code":"SZ300170","pe":"106.97","pb":0,"volumn":"189.81亿","range52":"11.42 - 42.49","price":0.0,"lastupdate":0}
{"name":"东富龙","code":"SZ300171","pe":"66.88","pb":0,"volumn":"246.47亿","range52":"21.01 - 82.21","price":0.0,"lastupdate":0}
{"name":"中电环保","code":"SZ300172","pe":"81.73","pb":0,"volumn":"70.61亿","range52":"12.52 - 56.35","price":0.0,"lastupdate":0}
{"name":"智慧松德","code":"SZ300173","pe":"1013.79","pb":0,"volumn":"83.63亿","range52":"6.43 - 50.33","price":0.0,"lastupdate":0}
{"name":"元力股份","code":"SZ300174","pe":"245.92","pb":0,"volumn":"34.04亿","range52":"6.72 - 25.60","price":0.0,"lastupdate":0}
{"name":"朗源股份","code":"SZ300175","pe":"73.46","pb":0,"volumn":"64.88亿","range52":"3.31 - 16.66","price":0.0,"lastupdate":0}
{"name":"鸿特精密","code":"SZ300176","pe":"158.43","pb":0,"volumn":"25.76亿","range52":"8.11 - 26.67","price":0.0,"lastupdate":0}
{"name":"中海达","code":"SZ300177","pe":"96.77","pb":0,"volumn":"85.62亿","range52":"11.85 - 34.89","price":0.0,"lastupdate":0}
{"name":"腾邦国际","code":"SZ300178","pe":"123.26","pb":0,"volumn":"171.81亿","range52":"12.13 - 74.99","price":0.0,"lastupdate":0}
{"name":"四方达","code":"SZ300179","pe":"132.16","pb":0,"volumn":"54.79亿","range52":"5.63 - 32.00","price":0.0,"lastupdate":0}
{"name":"华峰超纤","code":"SZ300180","pe":"47.02","pb":0,"volumn":"59.57亿","range52":"10.20 - 45.89","price":0.0,"lastupdate":0}
{"name":"佐力药业","code":"SZ300181","pe":"56.57","pb":0,"volumn":"60.54亿","range52":"10.26 - 37.29","price":0.0,"lastupdate":0}
{"name":"捷成股份","code":"SZ300182","pe":"64.89","pb":0,"volumn":"180.10亿","range52":"16.58 - 51.88","price":0.0,"lastupdate":0}
{"name":"东软载波","code":"SZ300183","pe":"54.05","pb":0,"volumn":"143.88亿","range52":"21.63 - 81.88","price":0.0,"lastupdate":0}
{"name":"力源信息","code":"SZ300184","pe":"192.76","pb":0,"volumn":"51.74亿","range52":"6.50 - 33.08","price":0.0,"lastupdate":0}
{"name":"通裕重工","code":"SZ300185","pe":"100.43","pb":0,"volumn":"82.71亿","range52":"3.35 - 9.52","price":0.0,"lastupdate":0}
{"name":"大华农","code":"SZ300186","pe":"44.01","pb":0,"volumn":"56.06亿","range52":"6.51 - 18.45","price":0.0,"lastupdate":0}
{"name":"永清环保","code":"SZ300187","pe":"170.19","pb":0,"volumn":"93.24亿","range52":"18.00 - 52.60","price":0.0,"lastupdate":0}
{"name":"美亚柏科","code":"SZ300188","pe":"94.43","pb":0,"volumn":"109.59亿","range52":"12.66 - 58.04","price":0.0,"lastupdate":0}
{"name":"神农大丰","code":"SZ300189","pe":"-","pb":0,"volumn":"59.80亿","range52":"5.70 - 16.56","price":0.0,"lastupdate":0}
{"name":"维尔利","code":"SZ300190","pe":"95.92","pb":0,"volumn":"93.19亿","range52":"13.04 - 59.74","price":0.0,"lastupdate":0}
{"name":"潜能恒信","code":"SZ300191","pe":"2153.76","pb":0,"volumn":"82.37亿","range52":"7.01 - 37.88","price":0.0,"lastupdate":0}
{"name":"佳士科技","code":"SZ300193","pe":"97.99","pb":0,"volumn":"50.61亿","range52":"8.67 - 23.88","price":0.0,"lastupdate":0}
{"name":"福安药业","code":"SZ300194","pe":"161.78","pb":0,"volumn":"62.17亿","range52":"16.65 - 32.50","price":0.0,"lastupdate":0}
{"name":"长荣股份","code":"SZ300195","pe":"50.92","pb":0,"volumn":"105.32亿","range52":"21.00 - 73.50","price":0.0,"lastupdate":0}
{"name":"长海股份","code":"SZ300196","pe":"38.05","pb":0,"volumn":"60.10亿","range52":"14.25 - 33.99","price":0.0,"lastupdate":0}
{"name":"铁汉生态","code":"SZ300197","pe":"49.06","pb":0,"volumn":"121.27亿","range52":"11.28 - 49.60","price":0.0,"lastupdate":0}
{"name":"纳川股份","code":"SZ300198","pe":"167.12","pb":0,"volumn":"53.48亿","range52":"6.71 - 18.20","price":0.0,"lastupdate":0}
{"name":"高盟新材","code":"SZ300200","pe":"64.58","pb":0,"volumn":"32.68亿","range52":"6.22 - 17.91","price":0.0,"lastupdate":0}
{"name":"海伦哲","code":"SZ300201","pe":"488.26","pb":0,"volumn":"40.19亿","range52":"3.68 - 11.00","price":0.0,"lastupdate":0}
{"name":"聚龙股份","code":"SZ300202","pe":"64.91","pb":0,"volumn":"232.71亿","range52":"19.07 - 47.05","price":0.0,"lastupdate":0}
{"name":"舒泰神","code":"SZ300204","pe":"54.15","pb":0,"volumn":"113.79亿","range52":"19.37 - 66.01","price":0.0,"lastupdate":0}
{"name":"天喻信息","code":"SZ300205","pe":"333.28","pb":0,"volumn":"118.52亿","range52":"12.23 - 42.13","price":0.0,"lastupdate":0}
{"name":"理邦仪器","code":"SZ300206","pe":"-","pb":0,"volumn":"75.66亿","range52":"15.58 - 40.50","price":0.0,"lastupdate":0}
{"name":"欣旺达","code":"SZ300207","pe":"67.99","pb":0,"volumn":"118.35亿","range52":"12.68 - 55.51","price":0.0,"lastupdate":0}
{"name":"恒顺众昇","code":"SZ300208","pe":"85.74","pb":0,"volumn":"148.21亿","range52":"5.12 - 58.48","price":0.0,"lastupdate":0}
{"name":"天泽信息","code":"SZ300209","pe":"1020.80","pb":0,"volumn":"80.18亿","range52":"8.25 - 59.53","price":0.0,"lastupdate":0}
{"name":"森远股份","code":"SZ300210","pe":"52.02","pb":0,"volumn":"57.18亿","range52":"9.83 - 27.48","price":0.0,"lastupdate":0}
{"name":"亿通科技","code":"SZ300211","pe":"284.61","pb":0,"volumn":"27.58亿","range52":"12.02 - 37.00","price":0.0,"lastupdate":0}
{"name":"易华录","code":"SZ300212","pe":"110.25","pb":0,"volumn":"173.66亿","range52":"23.30 - 60.85","price":0.0,"lastupdate":0}
{"name":"日科化学","code":"SZ300214","pe":"57.58","pb":0,"volumn":"37.14亿","range52":"4.65 - 12.02","price":0.0,"lastupdate":0}
{"name":"电科院","code":"SZ300215","pe":"145.25","pb":0,"volumn":"83.16亿","range52":"7.09 - 31.59","price":0.0,"lastupdate":0}
{"name":"千山药机","code":"SZ300216","pe":"128.06","pb":0,"volumn":"176.31亿","range52":"9.10 - 109.00","price":0.0,"lastupdate":0}
{"name":"东方电热","code":"SZ300217","pe":"63.21","pb":0,"volumn":"61.81亿","range52":"8.69 - 23.30","price":0.0,"lastupdate":0}
{"name":"安利股份","code":"SZ300218","pe":"64.67","pb":0,"volumn":"33.98亿","range52":"5.25 - 16.69","price":0.0,"lastupdate":0}
{"name":"鸿利光电","code":"SZ300219","pe":"63.28","pb":0,"volumn":"65.76亿","range52":"5.68 - 27.14","price":0.0,"lastupdate":0}
{"name":"金运激光","code":"SZ300220","pe":"941.19","pb":0,"volumn":"51.69亿","range52":"13.61 - 53.30","price":0.0,"lastupdate":0}
{"name":"银禧科技","code":"SZ300221","pe":"188.44","pb":0,"volumn":"51.45亿","range52":"4.75 - 33.04","price":0.0,"lastupdate":0}
{"name":"科大智能","code":"SZ300222","pe":"103.55","pb":0,"volumn":"88.01亿","range52":"9.23 - 59.00","price":0.0,"lastupdate":0}
{"name":"北京君正","code":"SZ300223","pe":"-","pb":0,"volumn":"62.31亿","range52":"13.07 - 59.91","price":0.0,"lastupdate":0}
{"name":"正海磁材","code":"SZ300224","pe":"81.95","pb":0,"volumn":"105.63亿","range52":"12.30 - 42.98","price":0.0,"lastupdate":0}
{"name":"金力泰","code":"SZ300225","pe":"49.19","pb":0,"volumn":"42.49亿","range52":"6.96 - 19.58","price":0.0,"lastupdate":0}
{"name":"上海钢联","code":"SZ300226","pe":"3135.97","pb":0,"volumn":"179.49亿","range52":"8.36 - 143.00","price":0.0,"lastupdate":0}
{"name":"光韵达","code":"SZ300227","pe":"161.30","pb":0,"volumn":"44.09亿","range52":"11.71 - 33.50","price":0.0,"lastupdate":0}
{"name":"富瑞特装","code":"SZ300228","pe":"57.78","pb":0,"volumn":"103.68亿","range52":"44.27 - 95.10","price":0.0,"lastupdate":0}
{"name":"拓尔思","code":"SZ300229","pe":"99.87","pb":0,"volumn":"96.44亿","range52":"12.37 - 50.49","price":0.0,"lastupdate":0}
{"name":"永利带业","code":"SZ300230","pe":"50.35","pb":0,"volumn":"28.98亿","range52":"5.43 - 20.55","price":0.0,"lastupdate":0}
{"name":"银信科技","code":"SZ300231","pe":"115.85","pb":0,"volumn":"68.04亿","range52":"9.84 - 34.86","price":0.0,"lastupdate":0}
{"name":"开尔新材","code":"SZ300234","pe":"50.29","pb":0,"volumn":"54.12亿","range52":"13.34 - 36.79","price":0.0,"lastupdate":0}
{"name":"方直科技","code":"SZ300235","pe":"193.42","pb":0,"volumn":"48.28亿","range52":"8.63 - 38.80","price":0.0,"lastupdate":0}
{"name":"上海新阳","code":"SZ300236","pe":"85.02","pb":0,"volumn":"56.69亿","range52":"12.76 - 57.05","price":0.0,"lastupdate":0}
{"name":"美晨科技","code":"SZ300237","pe":"58.72","pb":0,"volumn":"66.48亿","range52":"13.90 - 66.00","price":0.0,"lastupdate":0}
{"name":"冠昊生物","code":"SZ300238","pe":"172.74","pb":0,"volumn":"87.58亿","range52":"14.64 - 83.91","price":0.0,"lastupdate":0}
{"name":"东宝生物","code":"SZ300239","pe":"906.50","pb":0,"volumn":"36.33亿","range52":"7.80 - 18.39","price":0.0,"lastupdate":0}
{"name":"飞力达","code":"SZ300240","pe":"137.96","pb":0,"volumn":"49.49亿","range52":"8.56 - 31.40","price":0.0,"lastupdate":0}
{"name":"瑞丰高材","code":"SZ300243","pe":"92.87","pb":0,"volumn":"35.48亿","range52":"6.66 - 17.15","price":0.0,"lastupdate":0}
{"name":"迪安诊断","code":"SZ300244","pe":"220.89","pb":0,"volumn":"292.28亿","range52":"31.00 - 168.54","price":0.0,"lastupdate":0}
{"name":"天玑科技","code":"SZ300245","pe":"83.16","pb":0,"volumn":"61.14亿","range52":"8.93 - 40.65","price":0.0,"lastupdate":0}
{"name":"宝莱特","code":"SZ300246","pe":"262.20","pb":0,"volumn":"86.92亿","range52":"11.03 - 62.68","price":0.0,"lastupdate":0}
{"name":"桑乐金","code":"SZ300247","pe":"175.99","pb":0,"volumn":"34.63亿","range52":"6.05 - 20.57","price":0.0,"lastupdate":0}
{"name":"依米康","code":"SZ300249","pe":"249.58","pb":0,"volumn":"36.25亿","range52":"5.40 - 24.80","price":0.0,"lastupdate":0}
{"name":"初灵信息","code":"SZ300250","pe":"256.39","pb":0,"volumn":"60.73亿","range52":"12.30 - 74.98","price":0.0,"lastupdate":0}
{"name":"光线传媒","code":"SZ300251","pe":"116.72","pb":0,"volumn":"357.90亿","range52":"17.01 - 65.23","price":0.0,"lastupdate":0}
{"name":"金信诺","code":"SZ300252","pe":"134.62","pb":0,"volumn":"134.51亿","range52":"14.01 - 86.49","price":0.0,"lastupdate":0}
{"name":"卫宁软件","code":"SZ300253","pe":"300.54","pb":0,"volumn":"381.90亿","range52":"22.10 - 206.80","price":0.0,"lastupdate":0}
{"name":"仟源医药","code":"SZ300254","pe":"123.96","pb":0,"volumn":"51.39亿","range52":"8.71 - 44.30","price":0.0,"lastupdate":0}
{"name":"常山药业","code":"SZ300255","pe":"74.10","pb":0,"volumn":"100.29亿","range52":"16.07 - 65.16","price":0.0,"lastupdate":0}
{"name":"星星科技","code":"SZ300256","pe":"131.63","pb":0,"volumn":"65.69亿","range52":"10.80 - 29.62","price":0.0,"lastupdate":0}
{"name":"精锻科技","code":"SZ300258","pe":"34.49","pb":0,"volumn":"43.83亿","range52":"9.82 - 27.55","price":0.0,"lastupdate":0}
{"name":"新天科技","code":"SZ300259","pe":"61.39","pb":0,"volumn":"64.03亿","range52":"9.55 - 27.95","price":0.0,"lastupdate":0}
{"name":"新莱应材","code":"SZ300260","pe":"346.65","pb":0,"volumn":"27.00亿","range52":"8.76 - 28.58","price":0.0,"lastupdate":0}
{"name":"雅本化学","code":"SZ300261","pe":"114.59","pb":0,"volumn":"63.06亿","range52":"8.01 - 25.36","price":0.0,"lastupdate":0}
{"name":"巴安水务","code":"SZ300262","pe":"107.60","pb":0,"volumn":"85.00亿","range52":"10.17 - 39.60","price":0.0,"lastupdate":0}
{"name":"隆华节能","code":"SZ300263","pe":"81.96","pb":0,"volumn":"121.83亿","range52":"11.81 - 44.00","price":0.0,"lastupdate":0}
{"name":"佳创视讯","code":"SZ300264","pe":"169.40","pb":0,"volumn":"36.56亿","range52":"5.51 - 19.47","price":0.0,"lastupdate":0}
{"name":"通光线缆","code":"SZ300265","pe":"132.90","pb":0,"volumn":"45.21亿","range52":"9.30 - 40.40","price":0.0,"lastupdate":0}
{"name":"兴源环境","code":"SZ300266","pe":"178.38","pb":0,"volumn":"119.22亿","range52":"11.27 - 88.59","price":0.0,"lastupdate":0}
{"name":"尔康制药","code":"SZ300267","pe":"74.40","pb":0,"volumn":"237.87亿","range52":"12.85 - 58.90","price":0.0,"lastupdate":0}
{"name":"万福生科","code":"SZ300268","pe":"1122.95","pb":0,"volumn":"29.23亿","range52":"4.77 - 25.45","price":0.0,"lastupdate":0}
{"name":"联建光电","code":"SZ300269","pe":"73.54","pb":0,"volumn":"115.20亿","range52":"7.01 - 70.22","price":0.0,"lastupdate":0}
{"name":"中威电子","code":"SZ300270","pe":"118.33","pb":0,"volumn":"55.68亿","range52":"13.09 - 51.44","price":0.0,"lastupdate":0}
{"name":"开能环保","code":"SZ300272","pe":"100.98","pb":0,"volumn":"65.93亿","range52":"8.11 - 29.50","price":0.0,"lastupdate":0}
{"name":"和佳股份","code":"SZ300273","pe":"80.54","pb":0,"volumn":"197.31亿","range52":"17.98 - 42.57","price":0.0,"lastupdate":0}
{"name":"阳光电源","code":"SZ300274","pe":"82.20","pb":0,"volumn":"255.41亿","range52":"9.55 - 41.78","price":0.0,"lastupdate":0}
{"name":"梅安森","code":"SZ300275","pe":"418.74","pb":0,"volumn":"42.48亿","range52":"9.03 - 29.62","price":0.0,"lastupdate":0}
{"name":"三丰智能","code":"SZ300276","pe":"185.79","pb":0,"volumn":"50.79亿","range52":"8.42 - 21.00","price":0.0,"lastupdate":0}
{"name":"海联讯","code":"SZ300277","pe":"-","pb":0,"volumn":"34.75亿","range52":"6.90 - 28.71","price":0.0,"lastupdate":0}
{"name":"南通锻压","code":"SZ300280","pe":"-","pb":0,"volumn":"29.39亿","range52":"6.70 - 27.60","price":0.0,"lastupdate":0}
{"name":"金明精机","code":"SZ300281","pe":"61.32","pb":0,"volumn":"37.08亿","range52":"7.31 - 38.35","price":0.0,"lastupdate":0}
{"name":"汇冠股份","code":"SZ300282","pe":"151.42","pb":0,"volumn":"40.93亿","range52":"11.11 - 37.30","price":0.0,"lastupdate":0}
{"name":"温州宏丰","code":"SZ300283","pe":"165.15","pb":0,"volumn":"36.10亿","range52":"8.70 - 28.78","price":0.0,"lastupdate":0}
{"name":"苏交科","code":"SZ300284","pe":"45.85","pb":0,"volumn":"120.84亿","range52":"8.03 - 28.71","price":0.0,"lastupdate":0}
{"name":"安科瑞","code":"SZ300286","pe":"61.93","pb":0,"volumn":"45.65亿","range52":"14.28 - 83.80","price":0.0,"lastupdate":0}
{"name":"飞利信","code":"SZ300287","pe":"183.43","pb":0,"volumn":"181.58亿","range52":"19.85 - 89.00","price":0.0,"lastupdate":0}
{"name":"朗玛信息","code":"SZ300288","pe":"756.52","pb":0,"volumn":"264.27亿","range52":"42.31 - 288.09","price":0.0,"lastupdate":0}
{"name":"利德曼","code":"SZ300289","pe":"52.15","pb":0,"volumn":"68.24亿","range52":"22.23 - 48.39","price":0.0,"lastupdate":0}
{"name":"荣科科技","code":"SZ300290","pe":"90.69","pb":0,"volumn":"52.02亿","range52":"9.90 - 45.00","price":0.0,"lastupdate":0}
{"name":"华录百纳","code":"SZ300291","pe":"147.33","pb":0,"volumn":"232.24亿","range52":"23.17 - 98.78","price":0.0,"lastupdate":0}
{"name":"蓝英装备","code":"SZ300293","pe":"106.56","pb":0,"volumn":"74.14亿","range52":"11.80 - 34.20","price":0.0,"lastupdate":0}
{"name":"三六五网","code":"SZ300295","pe":"123.26","pb":0,"volumn":"160.08亿","range52":"39.20 - 216.00","price":0.0,"lastupdate":0}
{"name":"利亚德","code":"SZ300296","pe":"51.80","pb":0,"volumn":"95.67亿","range52":"9.63 - 35.45","price":0.0,"lastupdate":0}
{"name":"长方照明","code":"SZ300301","pe":"127.23","pb":0,"volumn":"63.52亿","range52":"6.24 - 27.28","price":0.0,"lastupdate":0}
{"name":"同有科技","code":"SZ300302","pe":"235.11","pb":0,"volumn":"68.57亿","range52":"17.70 - 70.22","price":0.0,"lastupdate":0}
{"name":"聚飞光电","code":"SZ300303","pe":"44.97","pb":0,"volumn":"83.27亿","range52":"10.75 - 37.91","price":0.0,"lastupdate":0}
{"name":"云意电气","code":"SZ300304","pe":"59.45","pb":0,"volumn":"48.88亿","range52":"13.80 - 50.90","price":0.0,"lastupdate":0}
{"name":"裕兴股份","code":"SZ300305","pe":"80.29","pb":0,"volumn":"56.74亿","range52":"11.18 - 40.00","price":0.0,"lastupdate":0}
{"name":"远方光电","code":"SZ300306","pe":"60.59","pb":0,"volumn":"52.85亿","range52":"12.10 - 52.75","price":0.0,"lastupdate":0}
{"name":"慈星股份","code":"SZ300307","pe":"-","pb":0,"volumn":"115.57亿","range52":"6.73 - 16.88","price":0.0,"lastupdate":0}
{"name":"中际装备","code":"SZ300308","pe":"-","pb":0,"volumn":"39.79亿","range52":"7.23 - 19.54","price":0.0,"lastupdate":0}
{"name":"宜通世纪","code":"SZ300310","pe":"135.92","pb":0,"volumn":"67.82亿","range52":"10.49 - 36.29","price":0.0,"lastupdate":0}
{"name":"任子行","code":"SZ300311","pe":"131.30","pb":0,"volumn":"55.14亿","range52":"14.16 - 51.70","price":0.0,"lastupdate":0}
{"name":"邦讯技术","code":"SZ300312","pe":"180.12","pb":0,"volumn":"61.29亿","range52":"11.82 - 45.99","price":0.0,"lastupdate":0}
{"name":"天山生物","code":"SZ300313","pe":"-","pb":0,"volumn":"25.45亿","range52":"10.52 - 32.91","price":0.0,"lastupdate":0}
{"name":"戴维医疗","code":"SZ300314","pe":"115.54","pb":0,"volumn":"63.09亿","range52":"13.30 - 48.30","price":0.0,"lastupdate":0}
{"name":"掌趣科技","code":"SZ300315","pe":"113.85","pb":0,"volumn":"416.66亿","range52":"15.53 - 77.11","price":0.0,"lastupdate":0}
{"name":"晶盛机电","code":"SZ300316","pe":"246.96","pb":0,"volumn":"167.22亿","range52":"9.40 - 47.90","price":0.0,"lastupdate":0}
{"name":"珈伟股份","code":"SZ300317","pe":"-","pb":0,"volumn":"40.35亿","range52":"7.05 - 33.17","price":0.0,"lastupdate":0}
{"name":"博晖创新","code":"SZ300318","pe":"215.00","pb":0,"volumn":"78.40亿","range52":"9.11 - 47.85","price":0.0,"lastupdate":0}
{"name":"麦捷科技","code":"SZ300319","pe":"120.33","pb":0,"volumn":"32.72亿","range52":"11.70 - 37.63","price":0.0,"lastupdate":0}
{"name":"海达股份","code":"SZ300320","pe":"51.19","pb":0,"volumn":"42.68亿","range52":"8.73 - 37.98","price":0.0,"lastupdate":0}
{"name":"同大股份","code":"SZ300321","pe":"109.38","pb":0,"volumn":"32.39亿","range52":"16.13 - 98.29","price":0.0,"lastupdate":0}
{"name":"旋极信息","code":"SZ300324","pe":"246.81","pb":0,"volumn":"172.09亿","range52":"15.50 - 87.12","price":0.0,"lastupdate":0}
{"name":"德威新材","code":"SZ300325","pe":"76.23","pb":0,"volumn":"47.46亿","range52":"5.63 - 21.88","price":0.0,"lastupdate":0}
{"name":"凯利泰","code":"SZ300326","pe":"85.33","pb":0,"volumn":"92.26亿","range52":"23.58 - 91.00","price":0.0,"lastupdate":0}
{"name":"中颖电子","code":"SZ300327","pe":"99.68","pb":0,"volumn":"33.62亿","range52":"7.00 - 24.35","price":0.0,"lastupdate":0}
{"name":"宜安科技","code":"SZ300328","pe":"151.20","pb":0,"volumn":"74.19亿","range52":"14.51 - 84.55","price":0.0,"lastupdate":0}
{"name":"海伦钢琴","code":"SZ300329","pe":"158.19","pb":0,"volumn":"39.79亿","range52":"6.48 - 37.80","price":0.0,"lastupdate":0}
{"name":"华虹计通","code":"SZ300330","pe":"286.38","pb":0,"volumn":"30.43亿","range52":"10.69 - 20.74","price":0.0,"lastupdate":0}
{"name":"苏大维格","code":"SZ300331","pe":"963.78","pb":0,"volumn":"41.39亿","range52":"26.58 - 52.54","price":0.0,"lastupdate":0}
{"name":"天壕节能","code":"SZ300332","pe":"67.42","pb":0,"volumn":"94.57亿","range52":"9.20 - 30.14","price":0.0,"lastupdate":0}
{"name":"兆日科技","code":"SZ300333","pe":"179.64","pb":0,"volumn":"68.43亿","range52":"13.50 - 64.78","price":0.0,"lastupdate":0}
{"name":"津膜科技","code":"SZ300334","pe":"109.68","pb":0,"volumn":"88.43亿","range52":"18.37 - 46.43","price":0.0,"lastupdate":0}
{"name":"迪森股份","code":"SZ300335","pe":"83.20","pb":0,"volumn":"54.84亿","range52":"9.33 - 22.15","price":0.0,"lastupdate":0}
{"name":"新文化","code":"SZ300336","pe":"106.58","pb":0,"volumn":"153.20亿","range52":"21.70 - 64.50","price":0.0,"lastupdate":0}
{"name":"银邦股份","code":"SZ300337","pe":"490.52","pb":0,"volumn":"85.82亿","range52":"11.53 - 32.50","price":0.0,"lastupdate":0}
{"name":"开元仪器","code":"SZ300338","pe":"111.48","pb":0,"volumn":"54.66亿","range52":"10.38 - 44.95","price":0.0,"lastupdate":0}
{"name":"润和软件","code":"SZ300339","pe":"115.45","pb":0,"volumn":"122.95亿","range52":"12.82 - 43.20","price":0.0,"lastupdate":0}
{"name":"科恒股份","code":"SZ300340","pe":"-","pb":0,"volumn":"38.05亿","range52":"12.90 - 47.50","price":0.0,"lastupdate":0}
{"name":"天银机电","code":"SZ300342","pe":"65.43","pb":0,"volumn":"63.00亿","range52":"14.99 - 46.75","price":0.0,"lastupdate":0}
{"name":"太空板业","code":"SZ300344","pe":"-","pb":0,"volumn":"41.76亿","range52":"6.82 - 17.70","price":0.0,"lastupdate":0}
{"name":"红宇新材","code":"SZ300345","pe":"197.06","pb":0,"volumn":"32.67亿","range52":"12.12 - 38.49","price":0.0,"lastupdate":0}
{"name":"南大光电","code":"SZ300346","pe":"92.48","pb":0,"volumn":"47.28亿","range52":"26.10 - 86.20","price":0.0,"lastupdate":0}
{"name":"泰格医药","code":"SZ300347","pe":"134.58","pb":0,"volumn":"181.18亿","range52":"26.70 - 109.70","price":0.0,"lastupdate":0}
{"name":"金卡股份","code":"SZ300349","pe":"63.04","pb":0,"volumn":"83.27亿","range52":"21.71 - 60.60","price":0.0,"lastupdate":0}
{"name":"华鹏飞","code":"SZ300350","pe":"277.38","pb":0,"volumn":"82.25亿","range52":"12.06 - 98.80","price":0.0,"lastupdate":0}
{"name":"永贵电器","code":"SZ300351","pe":"86.77","pb":0,"volumn":"101.09亿","range52":"15.35 - 85.00","price":0.0,"lastupdate":0}
{"name":"北信源","code":"SZ300352","pe":"202.01","pb":0,"volumn":"137.40亿","range52":"17.27 - 57.44","price":0.0,"lastupdate":0}
{"name":"东土科技","code":"SZ300353","pe":"207.44","pb":0,"volumn":"57.06亿","range52":"13.54 - 40.30","price":0.0,"lastupdate":0}
{"name":"东华测试","code":"SZ300354","pe":"728.87","pb":0,"volumn":"54.66亿","range52":"13.40 - 74.35","price":0.0,"lastupdate":0}
{"name":"蒙草抗旱","code":"SZ300355","pe":"51.22","pb":0,"volumn":"87.77亿","range52":"12.35 - 48.38","price":0.0,"lastupdate":0}
{"name":"光一科技","code":"SZ300356","pe":"424.13","pb":0,"volumn":"100.15亿","range52":"10.86 - 64.94","price":0.0,"lastupdate":0}
{"name":"我武生物","code":"SZ300357","pe":"76.73","pb":0,"volumn":"84.69亿","range52":"24.06 - 58.44","price":0.0,"lastupdate":0}
{"name":"楚天科技","code":"SZ300358","pe":"57.74","pb":0,"volumn":"80.61亿","range52":"32.10 - 73.30","price":0.0,"lastupdate":0}
{"name":"全通教育","code":"SZ300359","pe":"833.60","pb":0,"volumn":"360.15亿","range52":"34.83 - 370.52","price":0.0,"lastupdate":0}
{"name":"炬华科技","code":"SZ300360","pe":"33.08","pb":0,"volumn":"71.97亿","range52":"21.20 - 73.88","price":0.0,"lastupdate":0}
{"name":"博腾股份","code":"SZ300363","pe":"97.14","pb":0,"volumn":"123.47亿","range52":"30.12 - 145.75","price":0.0,"lastupdate":0}
{"name":"恒华科技","code":"SZ300365","pe":"82.97","pb":0,"volumn":"50.17亿","range52":"27.45 - 71.90","price":0.0,"lastupdate":0}
{"name":"绿盟科技","code":"SZ300369","pe":"150.82","pb":0,"volumn":"188.07亿","range52":"49.20 - 140.70","price":0.0,"lastupdate":0}
{"name":"安控科技","code":"SZ300370","pe":"94.28","pb":0,"volumn":"54.06亿","range52":"22.35 - 64.80","price":0.0,"lastupdate":0}
{"name":"汇中股份","code":"SZ300371","pe":"48.12","pb":0,"volumn":"34.73亿","range52":"21.50 - 63.48","price":0.0,"lastupdate":0}
{"name":"欣泰电气","code":"SZ300372","pe":"77.27","pb":0,"volumn":"33.80亿","range52":"19.20 - 51.68","price":0.0,"lastupdate":0}
{"name":"扬杰科技","code":"SZ300373","pe":"79.80","pb":0,"volumn":"92.29亿","range52":"23.40 - 66.64","price":0.0,"lastupdate":0}
{"name":"鹏翎股份","code":"SZ300375","pe":"38.35","pb":0,"volumn":"48.73亿","range52":"23.50 - 59.44","price":0.0,"lastupdate":0}
{"name":"易事特","code":"SZ300376","pe":"60.82","pb":0,"volumn":"102.17亿","range52":"22.08 - 84.20","price":0.0,"lastupdate":0}
{"name":"赢时胜","code":"SZ300377","pe":"375.08","pb":0,"volumn":"180.05亿","range52":"25.90 - 176.00","price":0.0,"lastupdate":0}
{"name":"鼎捷软件","code":"SZ300378","pe":"220.16","pb":0,"volumn":"136.20亿","range52":"22.21 - 106.45","price":0.0,"lastupdate":0}
{"name":"东方通","code":"SZ300379","pe":"166.61","pb":0,"volumn":"110.04亿","range52":"26.40 - 131.77","price":0.0,"lastupdate":0}
{"name":"安硕信息","code":"SZ300380","pe":"538.92","pb":0,"volumn":"209.66亿","range52":"27.17 - 333.00","price":0.0,"lastupdate":0}
{"name":"斯莱克","code":"SZ300382","pe":"65.25","pb":0,"volumn":"60.70亿","range52":"42.18 - 130.10","price":0.0,"lastupdate":0}
{"name":"光环新网","code":"SZ300383","pe":"159.19","pb":0,"volumn":"157.18亿","range52":"40.18 - 153.00","price":0.0,"lastupdate":0}
{"name":"三联虹普","code":"SZ300384","pe":"85.19","pb":0,"volumn":"105.35亿","range52":"58.60 - 253.00","price":0.0,"lastupdate":0}
{"name":"雪浪环境","code":"SZ300385","pe":"125.17","pb":0,"volumn":"61.30亿","range52":"40.10 - 78.20","price":0.0,"lastupdate":0}
{"name":"飞天诚信","code":"SZ300386","pe":"60.68","pb":0,"volumn":"151.88亿","range52":"108.89 - 189.99","price":0.0,"lastupdate":0}
{"name":"国祯环保","code":"SZ300388","pe":"290.73","pb":0,"volumn":"81.43亿","range52":"29.92 - 109.68","price":0.0,"lastupdate":0}
{"name":"艾比森","code":"SZ300389","pe":"49.20","pb":0,"volumn":"79.09亿","range52":"69.50 - 117.48","price":0.0,"lastupdate":0}
{"name":"天华超净","code":"SZ300390","pe":"96.63","pb":0,"volumn":"41.64亿","range52":"27.17 - 49.47","price":0.0,"lastupdate":0}
{"name":"康跃科技","code":"SZ300391","pe":"121.89","pb":0,"volumn":"31.88亿","range52":"25.90 - 53.28","price":0.0,"lastupdate":0}
{"name":"腾信股份","code":"SZ300392","pe":"204.68","pb":0,"volumn":"189.54亿","range52":"31.32 - 218.90","price":0.0,"lastupdate":0}
{"name":"中来股份","code":"SZ300393","pe":"51.75","pb":0,"volumn":"55.29亿","range52":"19.70 - 53.30","price":0.0,"lastupdate":0}
{"name":"天孚通信","code":"SZ300394","pe":"90.12","pb":0,"volumn":"58.21亿","range52":"25.69 - 82.66","price":0.0,"lastupdate":0}
{"name":"菲利华","code":"SZ300395","pe":"63.07","pb":0,"volumn":"43.55亿","range52":"25.26 - 84.90","price":0.0,"lastupdate":0}
{"name":"飞凯材料","code":"SZ300398","pe":"69.31","pb":0,"volumn":"68.14亿","range52":"21.78 - 98.09","price":0.0,"lastupdate":0}
{"name":"京天利","code":"SZ300399","pe":"486.56","pb":0,"volumn":"173.99亿","range52":"14.54 - 224.55","price":0.0,"lastupdate":0}
{"name":"劲拓股份","code":"SZ300400","pe":"169.65","pb":0,"volumn":"56.15亿","range52":"9.84 - 74.06","price":0.0,"lastupdate":0}
{"name":"花园生物","code":"SZ300401","pe":"109.14","pb":0,"volumn":"41.52亿","range52":"9.25 - 53.80","price":0.0,"lastupdate":0}
{"name":"宝色股份","code":"SZ300402","pe":"93.20","pb":0,"volumn":"40.72亿","range52":"5.36 - 26.88","price":0.0,"lastupdate":0}
{"name":"地尔汉宇","code":"SZ300403","pe":"58.82","pb":0,"volumn":"80.45亿","range52":"23.16 - 79.30","price":0.0,"lastupdate":0}
{"name":"科隆精化","code":"SZ300405","pe":"129.18","pb":0,"volumn":"33.06亿","range52":"19.74 - 73.73","price":0.0,"lastupdate":0}
{"name":"九强生物","code":"SZ300406","pe":"56.76","pb":0,"volumn":"123.61亿","range52":"18.34 - 140.12","price":0.0,"lastupdate":0}
{"name":"凯发电气","code":"SZ300407","pe":"58.58","pb":0,"volumn":"45.06亿","range52":"26.81 - 77.70","price":0.0,"lastupdate":0}
{"name":"三环集团","code":"SZ300408","pe":"45.79","pb":0,"volumn":"318.77亿","range52":"35.27 - 81.18","price":0.0,"lastupdate":0}
{"name":"道氏技术","code":"SZ300409","pe":"56.60","pb":0,"volumn":"41.72亿","range52":"20.76 - 74.33","price":0.0,"lastupdate":0}
{"name":"正业科技","code":"SZ300410","pe":"82.81","pb":0,"volumn":"27.61亿","range52":"12.95 - 51.60","price":0.0,"lastupdate":0}
{"name":"金盾股份","code":"SZ300411","pe":"92.40","pb":0,"volumn":"37.59亿","range52":"15.36 - 52.60","price":0.0,"lastupdate":0}
{"name":"迦南科技","code":"SZ300412","pe":"102.21","pb":0,"volumn":"46.18亿","range52":"16.32 - 118.58","price":0.0,"lastupdate":0}
{"name":"唐德影视","code":"SZ300426","pe":"157.26","pb":0,"volumn":"86.70亿","range52":"27.40 - 114.99","price":0.0,"lastupdate":0}
{"name":"强力新材","code":"SZ300429","pe":"71.09","pb":0,"volumn":"52.18亿","range52":"20.98 - 68.88","price":0.0,"lastupdate":0}
{"name":"暴风科技","code":"SZ300431","pe":"1018.45","pb":0,"volumn":"147.05亿","range52":"9.43 - 122.54","price":0.0,"lastupdate":0}
{"name":"富临精工","code":"SZ300432","pe":"65.36","pb":0,"volumn":"75.01亿","range52":"16.76 - 65.77","price":0.0,"lastupdate":0}
{"name":"蓝思科技","code":"SZ300433","pe":"74.72","pb":0,"volumn":"685.48亿","range52":"27.59 - 118.79","price":0.0,"lastupdate":0}
{"name":"中泰股份","code":"SZ300435","pe":"99.40","pb":0,"volumn":"45.12亿","range52":"17.68 - 60.52","price":0.0,"lastupdate":0}
{"name":"新和成","code":"SZ002001","pe":"30.70","pb":0,"volumn":"210.27亿","range52":"11.70 - 23.23","price":0.0,"lastupdate":0}
{"name":"鸿达兴业","code":"SZ002002","pe":"49.90","pb":0,"volumn":"182.63亿","range52":"7.63 - 23.50","price":0.0,"lastupdate":0}
{"name":"伟星股份","code":"SZ002003","pe":"21.67","pb":0,"volumn":"50.60亿","range52":"7.40 - 16.07","price":0.0,"lastupdate":0}
{"name":"华邦颖泰","code":"SZ002004","pe":"46.34","pb":0,"volumn":"252.31亿","range52":"12.39 - 39.43","price":0.0,"lastupdate":0}
{"name":"德豪润达","code":"SZ002005","pe":"-","pb":0,"volumn":"155.70亿","range52":"6.90 - 12.75","price":0.0,"lastupdate":0}
{"name":"精功科技","code":"SZ002006","pe":"770.37","pb":0,"volumn":"53.25亿","range52":"5.66 - 13.90","price":0.0,"lastupdate":0}
{"name":"华兰生物","code":"SZ002007","pe":"60.89","pb":0,"volumn":"312.74亿","range52":"20.81 - 56.70","price":0.0,"lastupdate":0}
{"name":"大族激光","code":"SZ002008","pe":"37.94","pb":0,"volumn":"285.64亿","range52":"9.80 - 29.57","price":0.0,"lastupdate":0}
{"name":"天奇股份","code":"SZ002009","pe":"92.42","pb":0,"volumn":"89.43亿","range52":"7.39 - 33.70","price":0.0,"lastupdate":0}
{"name":"盾安环境","code":"SZ002011","pe":"127.70","pb":0,"volumn":"149.37亿","range52":"7.58 - 19.55","price":0.0,"lastupdate":0}
{"name":"凯恩股份","code":"SZ002012","pe":"125.11","pb":0,"volumn":"48.26亿","range52":"4.71 - 10.70","price":0.0,"lastupdate":0}
{"name":"中航机电","code":"SZ002013","pe":"67.85","pb":0,"volumn":"227.06亿","range52":"10.98 - 34.69","price":0.0,"lastupdate":0}
{"name":"永新股份","code":"SZ002014","pe":"26.90","pb":0,"volumn":"42.15亿","range52":"7.01 - 14.19","price":0.0,"lastupdate":0}
{"name":"世荣兆业","code":"SZ002016","pe":"-","pb":0,"volumn":"122.17亿","range52":"5.67 - 16.12","price":0.0,"lastupdate":0}
{"name":"东信和平","code":"SZ002017","pe":"107.55","pb":0,"volumn":"62.97亿","range52":"9.00 - 25.41","price":0.0,"lastupdate":0}
{"name":"华信国际","code":"SZ002018","pe":"298.24","pb":0,"volumn":"298.52亿","range52":"6.08 - 26.80","price":0.0,"lastupdate":0}
{"name":"亿帆鑫富","code":"SZ002019","pe":"53.53","pb":0,"volumn":"152.79亿","range52":"7.03 - 38.00","price":0.0,"lastupdate":0}
{"name":"科华生物","code":"SZ002022","pe":"66.88","pb":0,"volumn":"194.78亿","range52":"12.95 - 40.73","price":0.0,"lastupdate":0}
{"name":"海特高新","code":"SZ002023","pe":"75.74","pb":0,"volumn":"117.00亿","range52":"9.84 - 38.51","price":0.0,"lastupdate":0}
{"name":"苏宁云商","code":"SZ002024","pe":"111.57","pb":0,"volumn":"967.18亿","range52":"4.56 - 14.40","price":0.0,"lastupdate":0}
{"name":"航天电器","code":"SZ002025","pe":"43.60","pb":0,"volumn":"91.08亿","range52":"9.76 - 29.11","price":0.0,"lastupdate":0}
{"name":"山东威达","code":"SZ002026","pe":"72.33","pb":0,"volumn":"48.87亿","range52":"4.88 - 15.38","price":0.0,"lastupdate":0}
{"name":"七喜控股","code":"SZ002027","pe":"423.10","pb":0,"volumn":"41.36亿","range52":"3.19 - 13.90","price":0.0,"lastupdate":0}
{"name":"思源电气","code":"SZ002028","pe":"25.88","pb":0,"volumn":"118.10亿","range52":"8.99 - 21.79","price":0.0,"lastupdate":0}
{"name":"七匹狼","code":"SZ002029","pe":"45.51","pb":0,"volumn":"111.39亿","range52":"6.48 - 18.48","price":0.0,"lastupdate":0}
{"name":"达安基因","code":"SZ002030","pe":"178.26","pb":0,"volumn":"273.00亿","range52":"8.22 - 58.00","price":0.0,"lastupdate":0}
{"name":"巨轮股份","code":"SZ002031","pe":"61.21","pb":0,"volumn":"99.25亿","range52":"5.26 - 20.98","price":0.0,"lastupdate":0}
{"name":"苏泊尔","code":"SZ002032","pe":"22.28","pb":0,"volumn":"162.90亿","range52":"10.60 - 27.80","price":0.0,"lastupdate":0}
{"name":"丽江旅游","code":"SZ002033","pe":"34.70","pb":0,"volumn":"67.09亿","range52":"9.77 - 24.75","price":0.0,"lastupdate":0}
{"name":"美欣达","code":"SZ002034","pe":"-","pb":0,"volumn":"28.77亿","range52":"9.48 - 38.00","price":0.0,"lastupdate":0}
{"name":"华帝股份","code":"SZ002035","pe":"22.32","pb":0,"volumn":"60.61亿","range52":"8.63 - 18.56","price":0.0,"lastupdate":0}
{"name":"久联发展","code":"SZ002037","pe":"38.68","pb":0,"volumn":"85.67亿","range52":"8.77 - 26.17","price":0.0,"lastupdate":0}
{"name":"双鹭药业","code":"SZ002038","pe":"34.61","pb":0,"volumn":"244.14亿","range52":"37.68 - 73.00","price":0.0,"lastupdate":0}
{"name":"黔源电力","code":"SZ002039","pe":"12.99","pb":0,"volumn":"51.77亿","range52":"7.99 - 18.60","price":0.0,"lastupdate":0}
{"name":"南京港","code":"SZ002040","pe":"228.30","pb":0,"volumn":"44.65亿","range52":"4.11 - 21.49","price":0.0,"lastupdate":0}
{"name":"登海种业","code":"SZ002041","pe":"42.36","pb":0,"volumn":"153.68亿","range52":"18.80 - 49.99","price":0.0,"lastupdate":0}
{"name":"华孚色纺","code":"SZ002042","pe":"40.55","pb":0,"volumn":"82.13亿","range52":"3.85 - 10.79","price":0.0,"lastupdate":0}
{"name":"兔宝宝","code":"SZ002043","pe":"92.30","pb":0,"volumn":"45.37亿","range52":"3.04 - 9.86","price":0.0,"lastupdate":0}
{"name":"江苏三友","code":"SZ002044","pe":"188.23","pb":0,"volumn":"91.22亿","range52":"5.36 - 46.88","price":0.0,"lastupdate":0}
{"name":"国光电器","code":"SZ002045","pe":"44.85","pb":0,"volumn":"40.73亿","range52":"3.90 - 10.53","price":0.0,"lastupdate":0}
{"name":"轴研科技","code":"SZ002046","pe":"472.85","pb":0,"volumn":"47.41亿","range52":"5.41 - 16.30","price":0.0,"lastupdate":0}
{"name":"宝鹰股份","code":"SZ002047","pe":"52.93","pb":0,"volumn":"145.64亿","range52":"2.73 - 11.53","price":0.0,"lastupdate":0}
{"name":"宁波华翔","code":"SZ002048","pe":"25.08","pb":0,"volumn":"122.92亿","range52":"7.21 - 25.68","price":0.0,"lastupdate":0}
{"name":"同方国芯","code":"SZ002049","pe":"74.18","pb":0,"volumn":"229.68亿","range52":"21.03 - 56.88","price":0.0,"lastupdate":0}
{"name":"三花股份","code":"SZ002050","pe":"35.83","pb":0,"volumn":"174.73亿","range52":"9.55 - 28.40","price":0.0,"lastupdate":0}
{"name":"中工国际","code":"SZ002051","pe":"33.08","pb":0,"volumn":"273.44亿","range52":"13.99 - 38.65","price":0.0,"lastupdate":0}
{"name":"同洲电子","code":"SZ002052","pe":"-","pb":0,"volumn":"101.76亿","range52":"6.89 - 20.55","price":0.0,"lastupdate":0}
{"name":"云南盐化","code":"SZ002053","pe":"92.47","pb":0,"volumn":"55.03亿","range52":"6.03 - 30.53","price":0.0,"lastupdate":0}
{"name":"德美化工","code":"SZ002054","pe":"53.67","pb":0,"volumn":"48.15亿","range52":"5.48 - 15.77","price":0.0,"lastupdate":0}
{"name":"得润电子","code":"SZ002055","pe":"158.03","pb":0,"volumn":"162.18亿","range52":"6.57 - 38.38","price":0.0,"lastupdate":0}
{"name":"横店东磁","code":"SZ002056","pe":"32.58","pb":0,"volumn":"127.63亿","range52":"11.12 - 32.30","price":0.0,"lastupdate":0}
{"name":"威尔泰","code":"SZ002058","pe":"664.26","pb":0,"volumn":"24.27亿","range52":"5.02 - 18.29","price":0.0,"lastupdate":0}
{"name":"云南旅游","code":"SZ002059","pe":"132.06","pb":0,"volumn":"76.92亿","range52":"7.00 - 22.68","price":0.0,"lastupdate":0}
{"name":"粤水电","code":"SZ002060","pe":"59.81","pb":0,"volumn":"59.99亿","range52":"3.45 - 10.61","price":0.0,"lastupdate":0}
{"name":"江山化工","code":"SZ002061","pe":"-","pb":0,"volumn":"64.63亿","range52":"3.44 - 15.40","price":0.0,"lastupdate":0}
{"name":"宏润建设","code":"SZ002062","pe":"41.03","pb":0,"volumn":"85.84亿","range52":"3.44 - 10.90","price":0.0,"lastupdate":0}
{"name":"远光软件","code":"SZ002063","pe":"90.16","pb":0,"volumn":"183.05亿","range52":"13.60 - 48.95","price":0.0,"lastupdate":0}
{"name":"华峰氨纶","code":"SZ002064","pe":"33.24","pb":0,"volumn":"136.49亿","range52":"5.53 - 19.40","price":0.0,"lastupdate":0}
{"name":"瑞泰科技","code":"SZ002066","pe":"655.62","pb":0,"volumn":"37.14亿","range52":"3.78 - 17.51","price":0.0,"lastupdate":0}
{"name":"景兴纸业","code":"SZ002067","pe":"626.70","pb":0,"volumn":"69.25亿","range52":"1.85 - 6.80","price":0.0,"lastupdate":0}
{"name":"黑猫股份","code":"SZ002068","pe":"58.34","pb":0,"volumn":"57.49亿","range52":"3.80 - 10.30","price":0.0,"lastupdate":0}
{"name":"獐子岛","code":"SZ002069","pe":"-","pb":0,"volumn":"125.72亿","range52":"10.85 - 19.90","price":0.0,"lastupdate":0}
{"name":"众和股份","code":"SZ002070","pe":"149.01","pb":0,"volumn":"71.34亿","range52":"5.20 - 13.30","price":0.0,"lastupdate":0}
{"name":"长城影视","code":"SZ002071","pe":"59.18","pb":0,"volumn":"128.99亿","range52":"4.72 - 33.70","price":0.0,"lastupdate":0}
{"name":"凯瑞德","code":"SZ002072","pe":"-","pb":0,"volumn":"45.94亿","range52":"5.75 - 31.00","price":0.0,"lastupdate":0}
{"name":"软控股份","code":"SZ002073","pe":"79.86","pb":0,"volumn":"139.86亿","range52":"7.38 - 20.90","price":0.0,"lastupdate":0}
{"name":"东源电器","code":"SZ002074","pe":"202.74","pb":0,"volumn":"73.17亿","range52":"4.11 - 33.87","price":0.0,"lastupdate":0}
{"name":"沙钢股份","code":"SZ002075","pe":"767.47","pb":0,"volumn":"252.20亿","range52":"2.33 - 18.52","price":0.0,"lastupdate":0}
{"name":"雪莱特","code":"SZ002076","pe":"223.73","pb":0,"volumn":"42.64亿","range52":"5.68 - 18.35","price":0.0,"lastupdate":0}
{"name":"大港股份","code":"SZ002077","pe":"172.71","pb":0,"volumn":"68.10亿","range52":"4.80 - 17.84","price":0.0,"lastupdate":0}
{"name":"太阳纸业","code":"SZ002078","pe":"36.23","pb":0,"volumn":"171.98亿","range52":"2.93 - 7.77","price":0.0,"lastupdate":0}
{"name":"苏州固锝","code":"SZ002079","pe":"177.40","pb":0,"volumn":"76.36亿","range52":"3.62 - 11.80","price":0.0,"lastupdate":0}
{"name":"金螳螂","code":"SZ002081","pe":"27.93","pb":0,"volumn":"535.53亿","range52":"12.05 - 49.20","price":0.0,"lastupdate":0}
{"name":"栋梁新材","code":"SZ002082","pe":"31.75","pb":0,"volumn":"30.94亿","range52":"5.48 - 14.38","price":0.0,"lastupdate":0}
{"name":"孚日股份","code":"SZ002083","pe":"80.66","pb":0,"volumn":"67.65亿","range52":"3.30 - 7.97","price":0.0,"lastupdate":0}
{"name":"海鸥卫浴","code":"SZ002084","pe":"140.23","pb":0,"volumn":"57.70亿","range52":"3.93 - 17.34","price":0.0,"lastupdate":0}
{"name":"万丰奥威","code":"SZ002085","pe":"41.64","pb":0,"volumn":"189.28亿","range52":"7.33 - 54.65","price":0.0,"lastupdate":0}
{"name":"东方海洋","code":"SZ002086","pe":"121.02","pb":0,"volumn":"50.72亿","range52":"7.19 - 22.48","price":0.0,"lastupdate":0}
{"name":"新野纺织","code":"SZ002087","pe":"46.30","pb":0,"volumn":"38.62亿","range52":"2.91 - 8.15","price":0.0,"lastupdate":0}
{"name":"鲁阳股份","code":"SZ002088","pe":"49.98","pb":0,"volumn":"36.36亿","range52":"6.60 - 16.98","price":0.0,"lastupdate":0}
{"name":"新海宜","code":"SZ002089","pe":"80.16","pb":0,"volumn":"116.10亿","range52":"5.00 - 22.79","price":0.0,"lastupdate":0}
{"name":"金智科技","code":"SZ002090","pe":"53.92","pb":0,"volumn":"78.79亿","range52":"6.80 - 39.02","price":0.0,"lastupdate":0}
{"name":"江苏国泰","code":"SZ002091","pe":"35.08","pb":0,"volumn":"74.52亿","range52":"10.02 - 22.66","price":0.0,"lastupdate":0}
{"name":"中泰化学","code":"SZ002092","pe":"98.22","pb":0,"volumn":"147.09亿","range52":"4.79 - 11.96","price":0.0,"lastupdate":0}
{"name":"青岛金王","code":"SZ002094","pe":"109.70","pb":0,"volumn":"59.14亿","range52":"6.48 - 23.04","price":0.0,"lastupdate":0}
{"name":"生意宝","code":"SZ002095","pe":"563.80","pb":0,"volumn":"176.84亿","range52":"12.00 - 97.55","price":0.0,"lastupdate":0}
{"name":"南岭民爆","code":"SZ002096","pe":"40.17","pb":0,"volumn":"79.46亿","range52":"8.84 - 24.79","price":0.0,"lastupdate":0}
{"name":"山河智能","code":"SZ002097","pe":"-","pb":0,"volumn":"79.61亿","range52":"5.36 - 16.50","price":0.0,"lastupdate":0}
{"name":"浔兴股份","code":"SZ002098","pe":"53.42","pb":0,"volumn":"41.77亿","range52":"5.63 - 29.81","price":0.0,"lastupdate":0}
{"name":"海翔药业","code":"SZ002099","pe":"69.67","pb":0,"volumn":"147.01亿","range52":"4.61 - 21.54","price":0.0,"lastupdate":0}
{"name":"天康生物","code":"SZ002100","pe":"42.53","pb":0,"volumn":"90.65亿","range52":"7.13 - 22.51","price":0.0,"lastupdate":0}
{"name":"广东鸿图","code":"SZ002101","pe":"47.04","pb":0,"volumn":"51.99亿","range52":"7.11 - 29.54","price":0.0,"lastupdate":0}
{"name":"冠福股份","code":"SZ002102","pe":"379.21","pb":0,"volumn":"107.71亿","range52":"3.95 - 15.96","price":0.0,"lastupdate":0}
{"name":"广博股份","code":"SZ002103","pe":"464.10","pb":0,"volumn":"53.71亿","range52":"5.01 - 27.80","price":0.0,"lastupdate":0}
{"name":"信隆实业","code":"SZ002105","pe":"741.08","pb":0,"volumn":"36.85亿","range52":"3.73 - 11.76","price":0.0,"lastupdate":0}
{"name":"沃华医药","code":"SZ002107","pe":"251.33","pb":0,"volumn":"132.65亿","range52":"8.03 - 62.79","price":0.0,"lastupdate":0}
{"name":"沧州明珠","code":"SZ002108","pe":"45.80","pb":0,"volumn":"80.87亿","range52":"6.94 - 24.86","price":0.0,"lastupdate":0}
{"name":"兴化股份","code":"SZ002109","pe":"-","pb":0,"volumn":"34.05亿","range52":"4.50 - 9.95","price":0.0,"lastupdate":0}
{"name":"威海广泰","code":"SZ002111","pe":"74.07","pb":0,"volumn":"84.90亿","range52":"6.48 - 28.60","price":0.0,"lastupdate":0}
{"name":"三变科技","code":"SZ002112","pe":"253.82","pb":0,"volumn":"36.85亿","range52":"4.00 - 18.99","price":0.0,"lastupdate":0}
{"name":"天润控股","code":"SZ002113","pe":"-","pb":0,"volumn":"32.62亿","range52":"6.19 - 27.76","price":0.0,"lastupdate":0}
{"name":"三维通信","code":"SZ002115","pe":"254.48","pb":0,"volumn":"64.15亿","range52":"4.99 - 17.50","price":0.0,"lastupdate":0}
{"name":"东港股份","code":"SZ002117","pe":"69.44","pb":0,"volumn":"119.87亿","range52":"6.50 - 36.83","price":0.0,"lastupdate":0}
{"name":"紫鑫药业","code":"SZ002118","pe":"217.84","pb":0,"volumn":"102.55亿","range52":"6.45 - 23.80","price":0.0,"lastupdate":0}
{"name":"新海股份","code":"SZ002120","pe":"39.04","pb":0,"volumn":"33.75亿","range52":"5.86 - 23.10","price":0.0,"lastupdate":0}
{"name":"科陆电子","code":"SZ002121","pe":"98.15","pb":0,"volumn":"124.50亿","range52":"6.20 - 32.99","price":0.0,"lastupdate":0}
{"name":"天马股份","code":"SZ002122","pe":"287.64","pb":0,"volumn":"127.23亿","range52":"3.45 - 12.89","price":0.0,"lastupdate":0}
{"name":"荣信股份","code":"SZ002123","pe":"-","pb":0,"volumn":"94.00亿","range52":"6.65 - 21.50","price":0.0,"lastupdate":0}
{"name":"天邦股份","code":"SZ002124","pe":"1221.77","pb":0,"volumn":"36.64亿","range52":"5.40 - 21.03","price":0.0,"lastupdate":0}
{"name":"湘潭电化","code":"SZ002125","pe":"-","pb":0,"volumn":"30.28亿","range52":"5.36 - 18.71","price":0.0,"lastupdate":0}
{"name":"银轮股份","code":"SZ002126","pe":"41.55","pb":0,"volumn":"68.00亿","range52":"4.94 - 22.00","price":0.0,"lastupdate":0}
{"name":"露天煤业","code":"SZ002128","pe":"32.44","pb":0,"volumn":"235.35亿","range52":"6.05 - 15.17","price":0.0,"lastupdate":0}
{"name":"中环股份","code":"SZ002129","pe":"410.36","pb":0,"volumn":"546.05亿","range52":"11.25 - 56.00","price":0.0,"lastupdate":0}
{"name":"沃尔核材","code":"SZ002130","pe":"94.88","pb":0,"volumn":"124.71亿","range52":"5.20 - 25.27","price":0.0,"lastupdate":0}
{"name":"恒星科技","code":"SZ002132","pe":"122.96","pb":0,"volumn":"57.54亿","range52":"3.51 - 10.18","price":0.0,"lastupdate":0}
{"name":"广宇集团","code":"SZ002133","pe":"57.41","pb":0,"volumn":"66.58亿","range52":"3.36 - 9.35","price":0.0,"lastupdate":0}
{"name":"天津普林","code":"SZ002134","pe":"429.69","pb":0,"volumn":"37.05亿","range52":"4.50 - 15.07","price":0.0,"lastupdate":0}
{"name":"东南网架","code":"SZ002135","pe":"124.06","pb":0,"volumn":"78.60亿","range52":"3.15 - 11.69","price":0.0,"lastupdate":0}
{"name":"安纳达","code":"SZ002136","pe":"694.15","pb":0,"volumn":"32.34亿","range52":"5.73 - 16.66","price":0.0,"lastupdate":0}
{"name":"顺络电子","code":"SZ002138","pe":"57.80","pb":0,"volumn":"126.40亿","range52":"13.52 - 39.93","price":0.0,"lastupdate":0}
{"name":"拓邦股份","code":"SZ002139","pe":"67.89","pb":0,"volumn":"47.42亿","range52":"5.50 - 23.93","price":0.0,"lastupdate":0}
{"name":"东华科技","code":"SZ002140","pe":"44.10","pb":0,"volumn":"116.59亿","range52":"16.01 - 33.16","price":0.0,"lastupdate":0}
{"name":"蓉胜超微","code":"SZ002141","pe":"2274.00","pb":0,"volumn":"42.07亿","range52":"4.82 - 23.78","price":0.0,"lastupdate":0}
{"name":"宁波银行","code":"SZ002142","pe":"10.73","pb":0,"volumn":"630.79亿","range52":"7.51 - 21.53","price":0.0,"lastupdate":0}
{"name":"印纪传媒","code":"SZ002143","pe":"54.57","pb":0,"volumn":"279.30亿","range52":"4.38 - 28.50","price":0.0,"lastupdate":0}
{"name":"宏达高科","code":"SZ002144","pe":"23.64","pb":0,"volumn":"49.85亿","range52":"13.81 - 32.88","price":0.0,"lastupdate":0}
{"name":"中核钛白","code":"SZ002145","pe":"313.42","pb":0,"volumn":"95.84亿","range52":"6.96 - 24.63","price":0.0,"lastupdate":0}
{"name":"荣盛发展","code":"SZ002146","pe":"14.24","pb":0,"volumn":"449.13亿","range52":"8.10 - 24.11","price":0.0,"lastupdate":0}
{"name":"方圆支承","code":"SZ002147","pe":"-","pb":0,"volumn":"41.80亿","range52":"4.14 - 16.98","price":0.0,"lastupdate":0}
{"name":"北纬通信","code":"SZ002148","pe":"610.87","pb":0,"volumn":"70.49亿","range52":"15.52 - 71.45","price":0.0,"lastupdate":0}
{"name":"西部材料","code":"SZ002149","pe":"-","pb":0,"volumn":"40.86亿","range52":"8.60 - 25.05","price":0.0,"lastupdate":0}
{"name":"通润装备","code":"SZ002150","pe":"61.90","pb":0,"volumn":"37.15亿","range52":"4.25 - 15.43","price":0.0,"lastupdate":0}
{"name":"北斗星通","code":"SZ002151","pe":"403.21","pb":0,"volumn":"122.00亿","range52":"24.36 - 57.89","price":0.0,"lastupdate":0}
{"name":"广电运通","code":"SZ002152","pe":"42.44","pb":0,"volumn":"348.36亿","range52":"9.95 - 45.60","price":0.0,"lastupdate":0}
{"name":"石基信息","code":"SZ002153","pe":"101.41","pb":0,"volumn":"390.14亿","range52":"18.02 - 147.98","price":0.0,"lastupdate":0}
{"name":"报喜鸟","code":"SZ002154","pe":"68.02","pb":0,"volumn":"101.03亿","range52":"5.31 - 19.48","price":0.0,"lastupdate":0}
{"name":"辰州矿业","code":"SZ002155","pe":"161.63","pb":0,"volumn":"160.50亿","range52":"7.11 - 18.27","price":0.0,"lastupdate":0}
{"name":"通富微电","code":"SZ002156","pe":"86.47","pb":0,"volumn":"116.04亿","range52":"3.84 - 16.45","price":0.0,"lastupdate":0}
{"name":"汉钟精机","code":"SZ002158","pe":"36.31","pb":0,"volumn":"66.21亿","range52":"9.87 - 26.74","price":0.0,"lastupdate":0}
{"name":"斯米克","code":"SZ002162","pe":"504.11","pb":0,"volumn":"67.65亿","range52":"4.50 - 17.24","price":0.0,"lastupdate":0}
{"name":"*ST三鑫","code":"SZ002163","pe":"495.43","pb":0,"volumn":"94.50亿","range52":"2.88 - 12.56","price":0.0,"lastupdate":0}
{"name":"宁波东力","code":"SZ002164","pe":"158.15","pb":0,"volumn":"61.14亿","range52":"3.28 - 14.77","price":0.0,"lastupdate":0}
{"name":"红宝丽","code":"SZ002165","pe":"49.80","pb":0,"volumn":"49.38亿","range52":"4.48 - 9.43","price":0.0,"lastupdate":0}
{"name":"莱茵生物","code":"SZ002166","pe":"116.19","pb":0,"volumn":"51.07亿","range52":"10.95 - 38.56","price":0.0,"lastupdate":0}
{"name":"东方锆业","code":"SZ002167","pe":"25352.68","pb":0,"volumn":"83.58亿","range52":"9.11 - 21.42","price":0.0,"lastupdate":0}
{"name":"深圳惠程","code":"SZ002168","pe":"-","pb":0,"volumn":"109.78亿","range52":"6.61 - 16.16","price":0.0,"lastupdate":0}
{"name":"芭田股份","code":"SZ002170","pe":"108.66","pb":0,"volumn":"167.07亿","range52":"4.24 - 19.62","price":0.0,"lastupdate":0}
{"name":"游族网络","code":"SZ002174","pe":"43.87","pb":0,"volumn":"230.63亿","range52":"15.12 - 94.80","price":0.0,"lastupdate":0}
{"name":"广陆数测","code":"SZ002175","pe":"713.04","pb":0,"volumn":"147.85亿","range52":"8.66 - 103.33","price":0.0,"lastupdate":0}
{"name":"江特电机","code":"SZ002176","pe":"248.12","pb":0,"volumn":"110.91亿","range52":"8.09 - 23.30","price":0.0,"lastupdate":0}
{"name":"御银股份","code":"SZ002177","pe":"84.14","pb":0,"volumn":"111.21亿","range52":"3.16 - 15.66","price":0.0,"lastupdate":0}
{"name":"延华智能","code":"SZ002178","pe":"222.94","pb":0,"volumn":"132.16亿","range52":"8.12 - 37.62","price":0.0,"lastupdate":0}
{"name":"中航光电","code":"SZ002179","pe":"47.26","pb":0,"volumn":"177.97亿","range52":"11.13 - 41.59","price":0.0,"lastupdate":0}
{"name":"粤传媒","code":"SZ002181","pe":"78.94","pb":0,"volumn":"167.12亿","range52":"7.19 - 26.77","price":0.0,"lastupdate":0}
{"name":"云海金属","code":"SZ002182","pe":"159.15","pb":0,"volumn":"46.94亿","range52":"6.49 - 19.57","price":0.0,"lastupdate":0}
{"name":"怡亚通","code":"SZ002183","pe":"108.25","pb":0,"volumn":"375.94亿","range52":"4.60 - 39.30","price":0.0,"lastupdate":0}
{"name":"海得控制","code":"SZ002184","pe":"122.81","pb":0,"volumn":"75.70亿","range52":"4.42 - 41.25","price":0.0,"lastupdate":0}
{"name":"华天科技","code":"SZ002185","pe":"41.45","pb":0,"volumn":"129.93亿","range52":"4.65 - 19.65","price":0.0,"lastupdate":0}
{"name":"全聚德","code":"SZ002186","pe":"59.46","pb":0,"volumn":"75.42亿","range52":"13.48 - 36.18","price":0.0,"lastupdate":0}
{"name":"广百股份","code":"SZ002187","pe":"25.36","pb":0,"volumn":"61.64亿","range52":"6.15 - 18.19","price":0.0,"lastupdate":0}
{"name":"利达光电","code":"SZ002189","pe":"382.49","pb":0,"volumn":"66.27亿","range52":"5.86 - 42.30","price":0.0,"lastupdate":0}
{"name":"成飞集成","code":"SZ002190","pe":"270.90","pb":0,"volumn":"156.58亿","range52":"11.74 - 72.18","price":0.0,"lastupdate":0}
{"name":"劲嘉股份","code":"SZ002191","pe":"27.26","pb":0,"volumn":"177.16亿","range52":"7.80 - 28.68","price":0.0,"lastupdate":0}
{"name":"*ST路翔","code":"SZ002192","pe":"-","pb":0,"volumn":"55.41亿","range52":"12.24 - 40.81","price":0.0,"lastupdate":0}
{"name":"山东如意","code":"SZ002193","pe":"1708.64","pb":0,"volumn":"23.86亿","range52":"6.35 - 16.65","price":0.0,"lastupdate":0}
{"name":"武汉凡谷","code":"SZ002194","pe":"64.70","pb":0,"volumn":"89.55亿","range52":"5.83 - 18.67","price":0.0,"lastupdate":0}
{"name":"二三四五","code":"SZ002195","pe":"290.18","pb":0,"volumn":"492.09亿","range52":"8.92 - 112.75","price":0.0,"lastupdate":0}
{"name":"证通电子","code":"SZ002197","pe":"169.55","pb":0,"volumn":"101.28亿","range52":"6.50 - 40.00","price":0.0,"lastupdate":0}
{"name":"嘉应制药","code":"SZ002198","pe":"88.58","pb":0,"volumn":"63.18亿","range52":"8.14 - 24.37","price":0.0,"lastupdate":0}
{"name":"云投生态","code":"SZ002200","pe":"1098.88","pb":0,"volumn":"48.08亿","range52":"12.06 - 28.50","price":0.0,"lastupdate":0}
{"name":"九鼎新材","code":"SZ002201","pe":"317.46","pb":0,"volumn":"35.32亿","range52":"5.32 - 16.29","price":0.0,"lastupdate":0}
{"name":"金风科技","code":"SZ002202","pe":"26.72","pb":0,"volumn":"541.88亿","range52":"4.97 - 21.95","price":0.0,"lastupdate":0}
{"name":"大连重工","code":"SZ002204","pe":"743.35","pb":0,"volumn":"163.39亿","range52":"5.34 - 19.16","price":0.0,"lastupdate":0}
{"name":"国统股份","code":"SZ002205","pe":"42.45","pb":0,"volumn":"26.05亿","range52":"9.42 - 24.88","price":0.0,"lastupdate":0}
{"name":"海利得","code":"SZ002206","pe":"40.91","pb":0,"volumn":"66.88亿","range52":"4.50 - 14.87","price":0.0,"lastupdate":0}
{"name":"准油股份","code":"SZ002207","pe":"658.03","pb":0,"volumn":"56.45亿","range52":"11.20 - 26.68","price":0.0,"lastupdate":0}
{"name":"合肥城建","code":"SZ002208","pe":"43.13","pb":0,"volumn":"70.45亿","range52":"4.61 - 25.49","price":0.0,"lastupdate":0}
{"name":"达意隆","code":"SZ002209","pe":"203.87","pb":0,"volumn":"27.86亿","range52":"4.67 - 15.45","price":0.0,"lastupdate":0}
{"name":"飞马国际","code":"SZ002210","pe":"76.15","pb":0,"volumn":"116.65亿","range52":"4.64 - 29.33","price":0.0,"lastupdate":0}
{"name":"特尔佳","code":"SZ002213","pe":"204.46","pb":0,"volumn":"30.71亿","range52":"5.80 - 17.14","price":0.0,"lastupdate":0}
{"name":"大立科技","code":"SZ002214","pe":"135.37","pb":0,"volumn":"69.83亿","range52":"8.25 - 37.38","price":0.0,"lastupdate":0}
{"name":"诺普信","code":"SZ002215","pe":"79.32","pb":0,"volumn":"166.24亿","range52":"5.85 - 23.62","price":0.0,"lastupdate":0}
{"name":"三全食品","code":"SZ002216","pe":"157.76","pb":0,"volumn":"123.93亿","range52":"13.01 - 33.78","price":0.0,"lastupdate":0}
{"name":"合力泰","code":"SZ002217","pe":"108.13","pb":0,"volumn":"169.10亿","range52":"3.61 - 18.19","price":0.0,"lastupdate":0}
{"name":"拓日新能","code":"SZ002218","pe":"-","pb":0,"volumn":"83.21亿","range52":"5.34 - 14.44","price":0.0,"lastupdate":0}
{"name":"恒康医疗","code":"SZ002219","pe":"97.33","pb":0,"volumn":"229.89亿","range52":"14.20 - 39.99","price":0.0,"lastupdate":0}
{"name":"天宝股份","code":"SZ002220","pe":"56.56","pb":0,"volumn":"76.73亿","range52":"6.01 - 17.99","price":0.0,"lastupdate":0}
{"name":"福晶科技","code":"SZ002222","pe":"-","pb":0,"volumn":"43.58亿","range52":"5.55 - 16.50","price":0.0,"lastupdate":0}
{"name":"鱼跃医疗","code":"SZ002223","pe":"81.36","pb":0,"volumn":"253.36亿","range52":"15.60 - 51.12","price":0.0,"lastupdate":0}
{"name":"三力士","code":"SZ002224","pe":"57.40","pb":0,"volumn":"116.47亿","range52":"5.07 - 18.99","price":0.0,"lastupdate":0}
{"name":"濮耐股份","code":"SZ002225","pe":"50.89","pb":0,"volumn":"85.23亿","range52":"4.82 - 10.63","price":0.0,"lastupdate":0}
{"name":"江南化工","code":"SZ002226","pe":"53.87","pb":0,"volumn":"85.51亿","range52":"9.41 - 24.45","price":0.0,"lastupdate":0}
{"name":"奥特迅","code":"SZ002227","pe":"118.69","pb":0,"volumn":"78.23亿","range52":"14.95 - 43.70","price":0.0,"lastupdate":0}
{"name":"合兴包装","code":"SZ002228","pe":"68.08","pb":0,"volumn":"80.83亿","range52":"4.55 - 24.70","price":0.0,"lastupdate":0}
{"name":"鸿博股份","code":"SZ002229","pe":"631.95","pb":0,"volumn":"110.78亿","range52":"5.60 - 38.19","price":0.0,"lastupdate":0}
{"name":"科大讯飞","code":"SZ002230","pe":"149.97","pb":0,"volumn":"592.56亿","range52":"21.60 - 68.84","price":0.0,"lastupdate":0}
{"name":"启明信息","code":"SZ002232","pe":"937.36","pb":0,"volumn":"74.36亿","range52":"5.50 - 20.50","price":0.0,"lastupdate":0}
{"name":"塔牌集团","code":"SZ002233","pe":"19.21","pb":0,"volumn":"106.20亿","range52":"5.23 - 13.09","price":0.0,"lastupdate":0}
{"name":"民和股份","code":"SZ002234","pe":"63.06","pb":0,"volumn":"38.36亿","range52":"6.48 - 13.70","price":0.0,"lastupdate":0}
{"name":"安妮股份","code":"SZ002235","pe":"-","pb":0,"volumn":"58.29亿","range52":"6.20 - 30.69","price":0.0,"lastupdate":0}
{"name":"大华股份","code":"SZ002236","pe":"41.38","pb":0,"volumn":"432.18亿","range52":"21.16 - 70.72","price":0.0,"lastupdate":0}
{"name":"恒邦股份","code":"SZ002237","pe":"51.44","pb":0,"volumn":"135.83亿","range52":"12.26 - 36.12","price":0.0,"lastupdate":0}
{"name":"天威视讯","code":"SZ002238","pe":"39.16","pb":0,"volumn":"98.18亿","range52":"9.72 - 26.61","price":0.0,"lastupdate":0}
{"name":"金飞达","code":"SZ002239","pe":"399.29","pb":0,"volumn":"48.67亿","range52":"4.99 - 14.26","price":0.0,"lastupdate":0}
{"name":"威华股份","code":"SZ002240","pe":"614.56","pb":0,"volumn":"85.58亿","range52":"4.54 - 29.84","price":0.0,"lastupdate":0}
{"name":"歌尔声学","code":"SZ002241","pe":"29.91","pb":0,"volumn":"499.30亿","range52":"23.33 - 71.34","price":0.0,"lastupdate":0}
