{"name":"平安银行","code":"SZ000001","pe":"11.24","pb":0,"volumn":"2289.55亿","range52":"8.97 - 23.28","price":0.0,"lastupdate":0}
{"name":"万科A","code":"SZ000002","pe":"10.85","pb":0,"volumn":"1612.73亿","range52":"6.52 - 15.29","price":0.0,"lastupdate":0}
{"name":"南玻A","code":"SZ000012","pe":"36.80","pb":0,"volumn":"321.47亿","range52":"6.64 - 16.32","price":0.0,"lastupdate":0}
{"name":"深康佳A","code":"SZ000016","pe":"378.57","pb":0,"volumn":"192.52亿","range52":"2.65 - 15.99","price":0.0,"lastupdate":0}
{"name":"中冠A","code":"SZ000018","pe":"1208.58","pb":0,"volumn":"51.86亿","range52":"7.64 - 35.99","price":0.0,"lastupdate":0}
{"name":"深华发A","code":"SZ000020","pe":"569.76","pb":0,"volumn":"42.76亿","range52":"5.00 - 16.85","price":0.0,"lastupdate":0}
{"name":"飞亚达A","code":"SZ000026","pe":"45.36","pb":0,"volumn":"66.38亿","range52":"6.15 - 18.03","price":0.0,"lastupdate":0}
{"name":"国药一致","code":"SZ000028","pe":"39.70","pb":0,"volumn":"270.67亿","range52":"25.65 - 86.49","price":0.0,"lastupdate":0}
{"name":"中国天楹","code":"SZ000035","pe":"50.51","pb":0,"volumn":"107.20亿","range52":"9.86 - 21.67","price":0.0,"lastupdate":0}
{"name":"中洲控股","code":"SZ000042","pe":"35.85","pb":0,"volumn":"109.58亿","range52":"10.49 - 28.37","price":0.0,"lastupdate":0}
{"name":"中航地产","code":"SZ000043","pe":"16.60","pb":0,"volumn":"81.77亿","range52":"4.28 - 13.55","price":0.0,"lastupdate":0}
{"name":"泛海控股","code":"SZ000046","pe":"55.03","pb":0,"volumn":"857.69亿","range52":"4.07 - 19.49","price":0.0,"lastupdate":0}
{"name":"德赛电池","code":"SZ000049","pe":"35.33","pb":0,"volumn":"86.20亿","range52":"29.60 - 79.48","price":0.0,"lastupdate":0}
{"name":"深天马A","code":"SZ000050","pe":"42.75","pb":0,"volumn":"304.44亿","range52":"9.86 - 32.67","price":0.0,"lastupdate":0}
{"name":"*ST华锦","code":"SZ000059","pe":"-","pb":0,"volumn":"173.06亿","range52":"3.94 - 13.19","price":0.0,"lastupdate":0}
{"name":"中金岭南","code":"SZ000060","pe":"88.56","pb":0,"volumn":"403.58亿","range52":"5.30 - 20.26","price":0.0,"lastupdate":0}
{"name":"中兴通讯","code":"SZ000063","pe":"37.00","pb":0,"volumn":"1070.79亿","range52":"10.43 - 32.26","price":0.0,"lastupdate":0}
{"name":"北方国际","code":"SZ000065","pe":"43.52","pb":0,"volumn":"80.33亿","range52":"6.91 - 37.74","price":0.0,"lastupdate":0}
{"name":"华侨城A","code":"SZ000069","pe":"16.31","pb":0,"volumn":"754.04亿","range52":"4.30 - 10.88","price":0.0,"lastupdate":0}
{"name":"深圳机场","code":"SZ000089","pe":"68.89","pb":0,"volumn":"152.09亿","range52":"3.30 - 9.55","price":0.0,"lastupdate":0}
{"name":"天健集团","code":"SZ000090","pe":"28.07","pb":0,"volumn":"128.24亿","range52":"6.11 - 27.17","price":0.0,"lastupdate":0}
{"name":"TCL集团","code":"SZ000100","pe":"23.70","pb":0,"volumn":"759.01亿","range52":"1.98 - 6.76","price":0.0,"lastupdate":0}
{"name":"华数传媒","code":"SZ000156","pe":"121.06","pb":0,"volumn":"520.13亿","range52":"14.38 - 52.77","price":0.0,"lastupdate":0}
{"name":"中联重科","code":"SZ000157","pe":"101.96","pb":0,"volumn":"605.69亿","range52":"4.37 - 8.73","price":0.0,"lastupdate":0}
{"name":"申万宏源","code":"SZ000166","pe":"198.11","pb":0,"volumn":"2700.96亿","range52":"14.82 - 21.10","price":0.0,"lastupdate":0}
{"name":"美的集团","code":"SZ000333","pe":"13.79","pb":0,"volumn":"1558.58亿","range52":"16.34 - 52.00","price":0.0,"lastupdate":0}
{"name":"潍柴动力","code":"SZ000338","pe":"13.79","pb":0,"volumn":"629.98亿","range52":"15.90 - 35.76","price":0.0,"lastupdate":0}
{"name":"许继电气","code":"SZ000400","pe":"29.77","pb":0,"volumn":"289.99亿","range52":"18.62 - 40.61","price":0.0,"lastupdate":0}
{"name":"金融街","code":"SZ000402","pe":"12.20","pb":0,"volumn":"421.74亿","range52":"4.46 - 14.68","price":0.0,"lastupdate":0}
{"name":"华意压缩","code":"SZ000404","pe":"32.41","pb":0,"volumn":"55.29亿","range52":"4.91 - 10.56","price":0.0,"lastupdate":0}
{"name":"胜利股份","code":"SZ000407","pe":"200.65","pb":0,"volumn":"68.97亿","range52":"5.30 - 9.90","price":0.0,"lastupdate":0}
{"name":"山东地矿","code":"SZ000409","pe":"-","pb":0,"volumn":"90.81亿","range52":"8.78 - 21.38","price":0.0,"lastupdate":0}
{"name":"沈阳机床","code":"SZ000410","pe":"888.21","pb":0,"volumn":"227.19亿","range52":"4.86 - 31.91","price":0.0,"lastupdate":0}
{"name":"渤海租赁","code":"SZ000415","pe":"37.38","pb":0,"volumn":"361.96亿","range52":"5.41 - 22.32","price":0.0,"lastupdate":0}
{"name":"小天鹅A","code":"SZ000418","pe":"17.43","pb":0,"volumn":"134.15亿","range52":"6.74 - 22.99","price":0.0,"lastupdate":0}
{"name":"东阿阿胶","code":"SZ000423","pe":"23.45","pb":0,"volumn":"343.36亿","range52":"30.32 - 54.62","price":0.0,"lastupdate":0}
{"name":"徐工机械","code":"SZ000425","pe":"-","pb":0,"volumn":"347.37亿","range52":"6.41 - 16.55","price":0.0,"lastupdate":0}
{"name":"海虹控股","code":"SZ000503","pe":"8509.01","pb":0,"volumn":"455.07亿","range52":"12.33 - 50.63","price":0.0,"lastupdate":0}
{"name":"丽珠集团","code":"SZ000513","pe":"41.64","pb":0,"volumn":"214.86亿","range52":"32.68 - 81.26","price":0.0,"lastupdate":0}
{"name":"国际医学","code":"SZ000516","pe":"58.13","pb":0,"volumn":"221.87亿","range52":"3.39 - 34.50","price":0.0,"lastupdate":0}
{"name":"美菱电器","code":"SZ000521","pe":"21.82","pb":0,"volumn":"65.45亿","range52":"2.95 - 9.03","price":0.0,"lastupdate":0}
{"name":"广州浪奇","code":"SZ000523","pe":"149.43","pb":0,"volumn":"66.77亿","range52":"5.85 - 16.42","price":0.0,"lastupdate":0}
{"name":"柳工","code":"SZ000528","pe":"109.01","pb":0,"volumn":"159.78亿","range52":"5.46 - 15.92","price":0.0,"lastupdate":0}
{"name":"云南白药","code":"SZ000538","pe":"28.87","pb":0,"volumn":"723.56亿","range52":"47.13 - 119.30","price":0.0,"lastupdate":0}
{"name":"中天城投","code":"SZ000540","pe":"35.09","pb":0,"volumn":"562.66亿","range52":"4.80 - 36.53","price":0.0,"lastupdate":0}
{"name":"佛山照明","code":"SZ000541","pe":"54.54","pb":0,"volumn":"160.48亿","range52":"5.57 - 16.83","price":0.0,"lastupdate":0}
{"name":"闽福发A","code":"SZ000547","pe":"95.92","pb":0,"volumn":"214.19亿","range52":"2.89 - 28.00","price":0.0,"lastupdate":0}
{"name":"海南海药","code":"SZ000566","pe":"140.07","pb":0,"volumn":"228.01亿","range52":"8.39 - 41.81","price":0.0,"lastupdate":0}
{"name":"泸州老窖","code":"SZ000568","pe":"38.87","pb":0,"volumn":"360.38亿","range52":"15.56 - 31.48","price":0.0,"lastupdate":0}
{"name":"广东甘化","code":"SZ000576","pe":"-","pb":0,"volumn":"74.18亿","range52":"6.05 - 17.85","price":0.0,"lastupdate":0}
{"name":"威孚高科","code":"SZ000581","pe":"24.06","pb":0,"volumn":"370.43亿","range52":"19.72 - 44.37","price":0.0,"lastupdate":0}
{"name":"桐君阁","code":"SZ000591","pe":"1029.64","pb":0,"volumn":"67.42亿","range52":"6.28 - 27.85","price":0.0,"lastupdate":0}
{"name":"韶能股份","code":"SZ000601","pe":"39.34","pb":0,"volumn":"96.60亿","range52":"3.06 - 9.47","price":0.0,"lastupdate":0}
{"name":"华媒控股","code":"SZ000607","pe":"62.37","pb":0,"volumn":"125.38亿","range52":"3.62 - 12.32","price":0.0,"lastupdate":0}
{"name":"西安旅游","code":"SZ000610","pe":"-","pb":0,"volumn":"35.04亿","range52":"5.84 - 16.25","price":0.0,"lastupdate":0}
{"name":"海航投资","code":"SZ000616","pe":"92.58","pb":0,"volumn":"177.49亿","range52":"2.52 - 12.41","price":0.0,"lastupdate":0}
{"name":"海螺型材","code":"SZ000619","pe":"50.00","pb":0,"volumn":"50.40亿","range52":"5.61 - 15.39","price":0.0,"lastupdate":0}
{"name":"吉林敖东","code":"SZ000623","pe":"20.05","pb":0,"volumn":"354.20亿","range52":"13.28 - 45.05","price":0.0,"lastupdate":0}
{"name":"长安汽车","code":"SZ000625","pe":"15.54","pb":0,"volumn":"1175.05亿","range52":"7.74 - 27.01","price":0.0,"lastupdate":0}
{"name":"天茂集团","code":"SZ000627","pe":"226.40","pb":0,"volumn":"189.77亿","range52":"2.29 - 15.00","price":0.0,"lastupdate":0}
{"name":"仁和药业","code":"SZ000650","pe":"40.09","pb":0,"volumn":"129.08亿","range52":"4.42 - 14.38","price":0.0,"lastupdate":0}
{"name":"格力电器","code":"SZ000651","pe":"12.11","pb":0,"volumn":"1714.48亿","range52":"22.90 - 61.45","price":0.0,"lastupdate":0}
{"name":"泰达股份","code":"SZ000652","pe":"63.49","pb":0,"volumn":"157.44亿","range52":"3.06 - 11.92","price":0.0,"lastupdate":0}
{"name":"金科股份","code":"SZ000656","pe":"41.80","pb":0,"volumn":"343.26亿","range52":"6.53 - 34.70","price":0.0,"lastupdate":0}
{"name":"中钨高新","code":"SZ000657","pe":"619.51","pb":0,"volumn":"136.36亿","range52":"9.48 - 23.30","price":0.0,"lastupdate":0}
{"name":"长春高新","code":"SZ000661","pe":"47.98","pb":0,"volumn":"167.57亿","range52":"76.91 - 138.88","price":0.0,"lastupdate":0}
{"name":"索芙特","code":"SZ000662","pe":"349.40","pb":0,"volumn":"66.12亿","range52":"4.88 - 26.40","price":0.0,"lastupdate":0}
{"name":"经纬纺机","code":"SZ000666","pe":"29.38","pb":0,"volumn":"160.96亿","range52":"6.79 - 25.53","price":0.0,"lastupdate":0}
{"name":"金鸿能源","code":"SZ000669","pe":"57.64","pb":0,"volumn":"184.29亿","range52":"16.47 - 42.35","price":0.0,"lastupdate":0}
{"name":"阳光城","code":"SZ000671","pe":"24.54","pb":0,"volumn":"334.90亿","range52":"6.88 - 26.14","price":0.0,"lastupdate":0}
{"name":"视觉中国","code":"SZ000681","pe":"197.54","pb":0,"volumn":"280.05亿","range52":"7.72 - 51.54","price":0.0,"lastupdate":0}
{"name":"中山公用","code":"SZ000685","pe":"23.26","pb":0,"volumn":"222.16亿","range52":"8.55 - 30.24","price":0.0,"lastupdate":0}
{"name":"东北证券","code":"SZ000686","pe":"33.64","pb":0,"volumn":"481.27亿","range52":"6.91 - 27.86","price":0.0,"lastupdate":0}
{"name":"恒天天鹅","code":"SZ000687","pe":"1100.80","pb":0,"volumn":"59.83亿","range52":"2.80 - 7.90","price":0.0,"lastupdate":0}
{"name":"炼石有色","code":"SZ000697","pe":"237.95","pb":0,"volumn":"197.90亿","range52":"8.08 - 36.90","price":0.0,"lastupdate":0}
{"name":"恒逸石化","code":"SZ000703","pe":"-","pb":0,"volumn":"169.69亿","range52":"6.03 - 15.83","price":0.0,"lastupdate":0}
{"name":"河北钢铁","code":"SZ000709","pe":"78.72","pb":0,"volumn":"570.22亿","range52":"1.71 - 6.00","price":0.0,"lastupdate":0}
{"name":"锦龙股份","code":"SZ000712","pe":"112.78","pb":0,"volumn":"422.02亿","range52":"12.21 - 55.17","price":0.0,"lastupdate":0}
{"name":"湖南发展","code":"SZ000722","pe":"43.49","pb":0,"volumn":"76.54亿","range52":"5.80 - 19.30","price":0.0,"lastupdate":0}
{"name":"京东方A","code":"SZ000725","pe":"54.02","pb":0,"volumn":"1595.09亿","range52":"1.96 - 5.11","price":0.0,"lastupdate":0}
{"name":"国元证券","code":"SZ000728","pe":"41.33","pb":0,"volumn":"711.59亿","range52":"7.93 - 41.42","price":0.0,"lastupdate":0}
{"name":"燕京啤酒","code":"SZ000729","pe":"40.64","pb":0,"volumn":"296.14亿","range52":"5.28 - 11.46","price":0.0,"lastupdate":0}
{"name":"泰禾集团","code":"SZ000732","pe":"40.77","pb":0,"volumn":"345.43亿","range52":"8.21 - 37.31","price":0.0,"lastupdate":0}
{"name":"振华科技","code":"SZ000733","pe":"84.96","pb":0,"volumn":"110.76亿","range52":"6.14 - 26.86","price":0.0,"lastupdate":0}
{"name":"长城信息","code":"SZ000748","pe":"244.41","pb":0,"volumn":"205.99亿","range52":"6.00 - 56.68","price":0.0,"lastupdate":0}
{"name":"国海证券","code":"SZ000750","pe":"44.83","pb":0,"volumn":"441.97亿","range52":"8.96 - 21.70","price":0.0,"lastupdate":0}
{"name":"中色股份","code":"SZ000758","pe":"81.22","pb":0,"volumn":"242.14亿","range52":"9.15 - 27.95","price":0.0,"lastupdate":0}
{"name":"漳泽电力","code":"SZ000767","pe":"37.61","pb":0,"volumn":"212.53亿","range52":"2.66 - 9.43","price":0.0,"lastupdate":0}
{"name":"中航飞机","code":"SZ000768","pe":"300.64","pb":0,"volumn":"918.23亿","range52":"8.04 - 36.58","price":0.0,"lastupdate":0}
{"name":"广发证券","code":"SZ000776","pe":"32.02","pb":0,"volumn":"2149.91亿","range52":"9.50 - 32.88","price":0.0,"lastupdate":0}
{"name":"美达股份","code":"SZ000782","pe":"-","pb":0,"volumn":"84.50亿","range52":"3.11 - 17.17","price":0.0,"lastupdate":0}
{"name":"长江证券","code":"SZ000783","pe":"38.41","pb":0,"volumn":"831.83亿","range52":"4.49 - 18.92","price":0.0,"lastupdate":0}
{"name":"甘肃电投","code":"SZ000791","pe":"75.01","pb":0,"volumn":"104.06亿","range52":"4.84 - 16.70","price":0.0,"lastupdate":0}
{"name":"华闻传媒","code":"SZ000793","pe":"42.90","pb":0,"volumn":"322.86亿","range52":"7.51 - 17.58","price":0.0,"lastupdate":0}
{"name":"一汽轿车","code":"SZ000800","pe":"237.37","pb":0,"volumn":"382.79亿","range52":"7.10 - 24.80","price":0.0,"lastupdate":0}
{"name":"四川九洲","code":"SZ000801","pe":"170.82","pb":0,"volumn":"141.91亿","range52":"8.77 - 30.05","price":0.0,"lastupdate":0}
{"name":"北京文化","code":"SZ000802","pe":"111.40","pb":0,"volumn":"85.38亿","range52":"3.63 - 22.75","price":0.0,"lastupdate":0}
{"name":"云铝股份","code":"SZ000807","pe":"-","pb":0,"volumn":"144.22亿","range52":"3.03 - 10.90","price":0.0,"lastupdate":0}
{"name":"创维数字","code":"SZ000810","pe":"50.70","pb":0,"volumn":"233.55亿","range52":"9.12 - 40.00","price":0.0,"lastupdate":0}
{"name":"江淮动力","code":"SZ000816","pe":"326.70","pb":0,"volumn":"177.07亿","range52":"3.50 - 12.97","price":0.0,"lastupdate":0}
{"name":"京山轻机","code":"SZ000821","pe":"568.32","pb":0,"volumn":"60.18亿","range52":"3.24 - 20.69","price":0.0,"lastupdate":0}
{"name":"山东海化","code":"SZ000822","pe":"34.73","pb":0,"volumn":"76.62亿","range52":"2.78 - 9.69","price":0.0,"lastupdate":0}
{"name":"太钢不锈","code":"SZ000825","pe":"144.30","pb":0,"volumn":"432.91亿","range52":"2.30 - 8.72","price":0.0,"lastupdate":0}
{"name":"桑德环境","code":"SZ000826","pe":"40.77","pb":0,"volumn":"327.75亿","range52":"20.13 - 41.55","price":0.0,"lastupdate":0}
{"name":"天音控股","code":"SZ000829","pe":"-","pb":0,"volumn":"178.96亿","range52":"3.68 - 21.32","price":0.0,"lastupdate":0}
{"name":"五矿稀土","code":"SZ000831","pe":"-","pb":0,"volumn":"356.85亿","range52":"13.73 - 41.76","price":0.0,"lastupdate":0}
{"name":"中信国安","code":"SZ000839","pe":"136.79","pb":0,"volumn":"297.59亿","range52":"5.43 - 20.77","price":0.0,"lastupdate":0}
{"name":"承德露露","code":"SZ000848","pe":"30.02","pb":0,"volumn":"130.12亿","range52":"15.68 - 30.40","price":0.0,"lastupdate":0}
{"name":"五粮液","code":"SZ000858","pe":"18.30","pb":0,"volumn":"991.13亿","range52":"14.33 - 28.45","price":0.0,"lastupdate":0}
{"name":"顺鑫农业","code":"SZ000860","pe":"38.32","pb":0,"volumn":"142.02亿","range52":"9.77 - 28.70","price":0.0,"lastupdate":0}
{"name":"新希望","code":"SZ000876","pe":"22.54","pb":0,"volumn":"468.93亿","range52":"8.81 - 24.94","price":0.0,"lastupdate":0}
{"name":"云南铜业","code":"SZ000878","pe":"343.85","pb":0,"volumn":"247.16亿","range52":"6.79 - 18.87","price":0.0,"lastupdate":0}
{"name":"中鼎股份","code":"SZ000887","pe":"47.41","pb":0,"volumn":"268.61亿","range52":"6.07 - 26.68","price":0.0,"lastupdate":0}
{"name":"峨眉山A","code":"SZ000888","pe":"40.41","pb":0,"volumn":"76.59亿","range52":"13.61 - 32.30","price":0.0,"lastupdate":0}
{"name":"东凌粮油","code":"SZ000893","pe":"-","pb":0,"volumn":"68.77亿","range52":"10.01 - 21.67","price":0.0,"lastupdate":0}
{"name":"双汇发展","code":"SZ000895","pe":"20.80","pb":0,"volumn":"840.40亿","range52":"28.01 - 83.40","price":0.0,"lastupdate":0}
{"name":"津滨发展","code":"SZ000897","pe":"1384.60","pb":0,"volumn":"141.03亿","range52":"1.99 - 9.80","price":0.0,"lastupdate":0}
{"name":"大亚科技","code":"SZ000910","pe":"43.77","pb":0,"volumn":"72.95亿","range52":"4.50 - 16.12","price":0.0,"lastupdate":0}
{"name":"山大华特","code":"SZ000915","pe":"33.25","pb":0,"volumn":"70.26亿","range52":"19.01 - 43.37","price":0.0,"lastupdate":0}
{"name":"电广传媒","code":"SZ000917","pe":"151.61","pb":0,"volumn":"406.84亿","range52":"9.68 - 30.17","price":0.0,"lastupdate":0}
{"name":"金陵药业","code":"SZ000919","pe":"51.07","pb":0,"volumn":"100.70亿","range52":"5.95 - 21.09","price":0.0,"lastupdate":0}
{"name":"华菱钢铁","code":"SZ000932","pe":"202.03","pb":0,"volumn":"150.78亿","range52":"1.52 - 5.62","price":0.0,"lastupdate":0}
{"name":"南天信息","code":"SZ000948","pe":"1307.97","pb":0,"volumn":"89.59亿","range52":"5.88 - 37.93","price":0.0,"lastupdate":0}
{"name":"锡业股份","code":"SZ000960","pe":"-","pb":0,"volumn":"253.38亿","range52":"9.51 - 23.96","price":0.0,"lastupdate":0}
{"name":"中南建设","code":"SZ000961","pe":"24.52","pb":0,"volumn":"223.17亿","range52":"5.70 - 21.10","price":0.0,"lastupdate":0}
{"name":"华东医药","code":"SZ000963","pe":"33.66","pb":0,"volumn":"302.54亿","range52":"36.00 - 75.98","price":0.0,"lastupdate":0}
{"name":"安泰科技","code":"SZ000969","pe":"-","pb":0,"volumn":"126.14亿","range52":"6.40 - 15.74","price":0.0,"lastupdate":0}
{"name":"*ST春晖","code":"SZ000976","pe":"-","pb":0,"volumn":"62.77亿","range52":"2.80 - 11.42","price":0.0,"lastupdate":0}
{"name":"浪潮信息","code":"SZ000977","pe":"97.35","pb":0,"volumn":"345.41亿","range52":"18.68 - 71.39","price":0.0,"lastupdate":0}
{"name":"西山煤电","code":"SZ000983","pe":"109.12","pb":0,"volumn":"298.10亿","range52":"4.98 - 12.62","price":0.0,"lastupdate":0}
{"name":"广州友谊","code":"SZ000987","pe":"43.45","pb":0,"volumn":"114.15亿","range52":"8.04 - 36.70","price":0.0,"lastupdate":0}
{"name":"华工科技","code":"SZ000988","pe":"80.28","pb":0,"volumn":"142.40亿","range52":"5.21 - 17.97","price":0.0,"lastupdate":0}
{"name":"新大陆","code":"SZ000997","pe":"73.93","pb":0,"volumn":"194.76亿","range52":"10.02 - 43.98","price":0.0,"lastupdate":0}
{"name":"华润三九","code":"SZ000999","pe":"28.18","pb":0,"volumn":"294.36亿","range52":"18.00 - 32.90","price":0.0,"lastupdate":0}
{"name":"宗申动力","code":"SZ001696","pe":"74.98","pb":0,"volumn":"284.54亿","range52":"3.92 - 25.30","price":0.0,"lastupdate":0}
{"name":"豫能控股","code":"SZ001896","pe":"35.44","pb":0,"volumn":"133.85亿","range52":"4.04 - 17.40","price":0.0,"lastupdate":0}
{"name":"伟星股份","code":"SZ002003","pe":"21.67","pb":0,"volumn":"50.60亿","range52":"7.40 - 16.07","price":0.0,"lastupdate":0}
{"name":"华邦颖泰","code":"SZ002004","pe":"46.34","pb":0,"volumn":"252.31亿","range52":"12.39 - 39.43","price":0.0,"lastupdate":0}
{"name":"华兰生物","code":"SZ002007","pe":"60.89","pb":0,"volumn":"312.74亿","range52":"20.81 - 56.70","price":0.0,"lastupdate":0}
{"name":"大族激光","code":"SZ002008","pe":"37.94","pb":0,"volumn":"285.64亿","range52":"9.80 - 29.57","price":0.0,"lastupdate":0}
{"name":"天奇股份","code":"SZ002009","pe":"92.42","pb":0,"volumn":"89.43亿","range52":"7.39 - 33.70","price":0.0,"lastupdate":0}
{"name":"中航机电","code":"SZ002013","pe":"67.85","pb":0,"volumn":"227.06亿","range52":"10.98 - 34.69","price":0.0,"lastupdate":0}
{"name":"世荣兆业","code":"SZ002016","pe":"-","pb":0,"volumn":"122.17亿","range52":"5.67 - 16.12","price":0.0,"lastupdate":0}
{"name":"科华生物","code":"SZ002022","pe":"66.88","pb":0,"volumn":"194.78亿","range52":"12.95 - 40.73","price":0.0,"lastupdate":0}
{"name":"海特高新","code":"SZ002023","pe":"75.74","pb":0,"volumn":"117.00亿","range52":"9.84 - 38.51","price":0.0,"lastupdate":0}
{"name":"苏宁云商","code":"SZ002024","pe":"111.57","pb":0,"volumn":"967.18亿","range52":"4.56 - 14.40","price":0.0,"lastupdate":0}
{"name":"达安基因","code":"SZ002030","pe":"178.26","pb":0,"volumn":"273.00亿","range52":"8.22 - 58.00","price":0.0,"lastupdate":0}
{"name":"华帝股份","code":"SZ002035","pe":"22.32","pb":0,"volumn":"60.61亿","range52":"8.63 - 18.56","price":0.0,"lastupdate":0}
{"name":"久联发展","code":"SZ002037","pe":"38.68","pb":0,"volumn":"85.67亿","range52":"8.77 - 26.17","price":0.0,"lastupdate":0}
{"name":"黔源电力","code":"SZ002039","pe":"12.99","pb":0,"volumn":"51.77亿","range52":"7.99 - 18.60","price":0.0,"lastupdate":0}
{"name":"南京港","code":"SZ002040","pe":"228.30","pb":0,"volumn":"44.65亿","range52":"4.11 - 21.49","price":0.0,"lastupdate":0}
{"name":"登海种业","code":"SZ002041","pe":"42.36","pb":0,"volumn":"153.68亿","range52":"18.80 - 49.99","price":0.0,"lastupdate":0}
{"name":"华孚色纺","code":"SZ002042","pe":"40.55","pb":0,"volumn":"82.13亿","range52":"3.85 - 10.79","price":0.0,"lastupdate":0}
{"name":"江苏三友","code":"SZ002044","pe":"188.23","pb":0,"volumn":"91.22亿","range52":"5.36 - 46.88","price":0.0,"lastupdate":0}
{"name":"宁波华翔","code":"SZ002048","pe":"25.08","pb":0,"volumn":"122.92亿","range52":"7.21 - 25.68","price":0.0,"lastupdate":0}
{"name":"同方国芯","code":"SZ002049","pe":"74.18","pb":0,"volumn":"229.68亿","range52":"21.03 - 56.88","price":0.0,"lastupdate":0}
{"name":"三花股份","code":"SZ002050","pe":"35.83","pb":0,"volumn":"174.73亿","range52":"9.55 - 28.40","price":0.0,"lastupdate":0}
{"name":"中工国际","code":"SZ002051","pe":"33.08","pb":0,"volumn":"273.44亿","range52":"13.99 - 38.65","price":0.0,"lastupdate":0}
{"name":"得润电子","code":"SZ002055","pe":"158.03","pb":0,"volumn":"162.18亿","range52":"6.57 - 38.38","price":0.0,"lastupdate":0}
{"name":"云南旅游","code":"SZ002059","pe":"132.06","pb":0,"volumn":"76.92亿","range52":"7.00 - 22.68","price":0.0,"lastupdate":0}
{"name":"远光软件","code":"SZ002063","pe":"90.16","pb":0,"volumn":"183.05亿","range52":"13.60 - 48.95","price":0.0,"lastupdate":0}
{"name":"黑猫股份","code":"SZ002068","pe":"58.34","pb":0,"volumn":"57.49亿","range52":"3.80 - 10.30","price":0.0,"lastupdate":0}
{"name":"软控股份","code":"SZ002073","pe":"79.86","pb":0,"volumn":"139.86亿","range52":"7.38 - 20.90","price":0.0,"lastupdate":0}
{"name":"东源电器","code":"SZ002074","pe":"202.74","pb":0,"volumn":"73.17亿","range52":"4.11 - 33.87","price":0.0,"lastupdate":0}
{"name":"沙钢股份","code":"SZ002075","pe":"767.47","pb":0,"volumn":"252.20亿","range52":"2.33 - 18.52","price":0.0,"lastupdate":0}
{"name":"大港股份","code":"SZ002077","pe":"172.71","pb":0,"volumn":"68.10亿","range52":"4.80 - 17.84","price":0.0,"lastupdate":0}
{"name":"太阳纸业","code":"SZ002078","pe":"36.23","pb":0,"volumn":"171.98亿","range52":"2.93 - 7.77","price":0.0,"lastupdate":0}
{"name":"金螳螂","code":"SZ002081","pe":"27.93","pb":0,"volumn":"535.53亿","range52":"12.05 - 49.20","price":0.0,"lastupdate":0}
{"name":"万丰奥威","code":"SZ002085","pe":"41.64","pb":0,"volumn":"189.28亿","range52":"7.33 - 54.65","price":0.0,"lastupdate":0}
{"name":"新海宜","code":"SZ002089","pe":"80.16","pb":0,"volumn":"116.10亿","range52":"5.00 - 22.79","price":0.0,"lastupdate":0}
{"name":"青岛金王","code":"SZ002094","pe":"109.70","pb":0,"volumn":"59.14亿","range52":"6.48 - 23.04","price":0.0,"lastupdate":0}
{"name":"浔兴股份","code":"SZ002098","pe":"53.42","pb":0,"volumn":"41.77亿","range52":"5.63 - 29.81","price":0.0,"lastupdate":0}
{"name":"海翔药业","code":"SZ002099","pe":"69.67","pb":0,"volumn":"147.01亿","range52":"4.61 - 21.54","price":0.0,"lastupdate":0}
{"name":"天康生物","code":"SZ002100","pe":"42.53","pb":0,"volumn":"90.65亿","range52":"7.13 - 22.51","price":0.0,"lastupdate":0}
{"name":"广博股份","code":"SZ002103","pe":"464.10","pb":0,"volumn":"53.71亿","range52":"5.01 - 27.80","price":0.0,"lastupdate":0}
{"name":"沧州明珠","code":"SZ002108","pe":"45.80","pb":0,"volumn":"80.87亿","range52":"6.94 - 24.86","price":0.0,"lastupdate":0}
{"name":"威海广泰","code":"SZ002111","pe":"74.07","pb":0,"volumn":"84.90亿","range52":"6.48 - 28.60","price":0.0,"lastupdate":0}
{"name":"三维通信","code":"SZ002115","pe":"254.48","pb":0,"volumn":"64.15亿","range52":"4.99 - 17.50","price":0.0,"lastupdate":0}
{"name":"科陆电子","code":"SZ002121","pe":"98.15","pb":0,"volumn":"124.50亿","range52":"6.20 - 32.99","price":0.0,"lastupdate":0}
{"name":"天邦股份","code":"SZ002124","pe":"1221.77","pb":0,"volumn":"36.64亿","range52":"5.40 - 21.03","price":0.0,"lastupdate":0}
{"name":"银轮股份","code":"SZ002126","pe":"41.55","pb":0,"volumn":"68.00亿","range52":"4.94 - 22.00","price":0.0,"lastupdate":0}
{"name":"中环股份","code":"SZ002129","pe":"410.36","pb":0,"volumn":"546.05亿","range52":"11.25 - 56.00","price":0.0,"lastupdate":0}
{"name":"顺络电子","code":"SZ002138","pe":"57.80","pb":0,"volumn":"126.40亿","range52":"13.52 - 39.93","price":0.0,"lastupdate":0}
{"name":"宁波银行","code":"SZ002142","pe":"10.73","pb":0,"volumn":"630.79亿","range52":"7.51 - 21.53","price":0.0,"lastupdate":0}
{"name":"荣盛发展","code":"SZ002146","pe":"14.24","pb":0,"volumn":"449.13亿","range52":"8.10 - 24.11","price":0.0,"lastupdate":0}
{"name":"广电运通","code":"SZ002152","pe":"42.44","pb":0,"volumn":"348.36亿","range52":"9.95 - 45.60","price":0.0,"lastupdate":0}
{"name":"石基信息","code":"SZ002153","pe":"101.41","pb":0,"volumn":"390.14亿","range52":"18.02 - 147.98","price":0.0,"lastupdate":0}
{"name":"报喜鸟","code":"SZ002154","pe":"68.02","pb":0,"volumn":"101.03亿","range52":"5.31 - 19.48","price":0.0,"lastupdate":0}
{"name":"通富微电","code":"SZ002156","pe":"86.47","pb":0,"volumn":"116.04亿","range52":"3.84 - 16.45","price":0.0,"lastupdate":0}
{"name":"游族网络","code":"SZ002174","pe":"43.87","pb":0,"volumn":"230.63亿","range52":"15.12 - 94.80","price":0.0,"lastupdate":0}
{"name":"广陆数测","code":"SZ002175","pe":"713.04","pb":0,"volumn":"147.85亿","range52":"8.66 - 103.33","price":0.0,"lastupdate":0}
{"name":"江特电机","code":"SZ002176","pe":"248.12","pb":0,"volumn":"110.91亿","range52":"8.09 - 23.30","price":0.0,"lastupdate":0}
{"name":"延华智能","code":"SZ002178","pe":"222.94","pb":0,"volumn":"132.16亿","range52":"8.12 - 37.62","price":0.0,"lastupdate":0}
{"name":"怡亚通","code":"SZ002183","pe":"108.25","pb":0,"volumn":"375.94亿","range52":"4.60 - 39.30","price":0.0,"lastupdate":0}
{"name":"海得控制","code":"SZ002184","pe":"122.81","pb":0,"volumn":"75.70亿","range52":"4.42 - 41.25","price":0.0,"lastupdate":0}
{"name":"华天科技","code":"SZ002185","pe":"41.45","pb":0,"volumn":"129.93亿","range52":"4.65 - 19.65","price":0.0,"lastupdate":0}
{"name":"利达光电","code":"SZ002189","pe":"382.49","pb":0,"volumn":"66.27亿","range52":"5.86 - 42.30","price":0.0,"lastupdate":0}
{"name":"劲嘉股份","code":"SZ002191","pe":"27.26","pb":0,"volumn":"177.16亿","range52":"7.80 - 28.68","price":0.0,"lastupdate":0}
{"name":"金风科技","code":"SZ002202","pe":"26.72","pb":0,"volumn":"541.88亿","range52":"4.97 - 21.95","price":0.0,"lastupdate":0}
{"name":"海利得","code":"SZ002206","pe":"40.91","pb":0,"volumn":"66.88亿","range52":"4.50 - 14.87","price":0.0,"lastupdate":0}
{"name":"诺普信","code":"SZ002215","pe":"79.32","pb":0,"volumn":"166.24亿","range52":"5.85 - 23.62","price":0.0,"lastupdate":0}
{"name":"三全食品","code":"SZ002216","pe":"157.76","pb":0,"volumn":"123.93亿","range52":"13.01 - 33.78","price":0.0,"lastupdate":0}
{"name":"合力泰","code":"SZ002217","pe":"108.13","pb":0,"volumn":"169.10亿","range52":"3.61 - 18.19","price":0.0,"lastupdate":0}
{"name":"福晶科技","code":"SZ002222","pe":"-","pb":0,"volumn":"43.58亿","range52":"5.55 - 16.50","price":0.0,"lastupdate":0}
{"name":"鱼跃医疗","code":"SZ002223","pe":"81.36","pb":0,"volumn":"253.36亿","range52":"15.60 - 51.12","price":0.0,"lastupdate":0}
{"name":"濮耐股份","code":"SZ002225","pe":"50.89","pb":0,"volumn":"85.23亿","range52":"4.82 - 10.63","price":0.0,"lastupdate":0}
{"name":"合兴包装","code":"SZ002228","pe":"68.08","pb":0,"volumn":"80.83亿","range52":"4.55 - 24.70","price":0.0,"lastupdate":0}
{"name":"鸿博股份","code":"SZ002229","pe":"631.95","pb":0,"volumn":"110.78亿","range52":"5.60 - 38.19","price":0.0,"lastupdate":0}
{"name":"科大讯飞","code":"SZ002230","pe":"149.97","pb":0,"volumn":"592.56亿","range52":"21.60 - 68.84","price":0.0,"lastupdate":0}
{"name":"民和股份","code":"SZ002234","pe":"63.06","pb":0,"volumn":"38.36亿","range52":"6.48 - 13.70","price":0.0,"lastupdate":0}
{"name":"安妮股份","code":"SZ002235","pe":"-","pb":0,"volumn":"58.29亿","range52":"6.20 - 30.69","price":0.0,"lastupdate":0}
{"name":"大华股份","code":"SZ002236","pe":"41.38","pb":0,"volumn":"432.18亿","range52":"21.16 - 70.72","price":0.0,"lastupdate":0}
{"name":"金飞达","code":"SZ002239","pe":"399.29","pb":0,"volumn":"48.67亿","range52":"4.99 - 14.26","price":0.0,"lastupdate":0}
{"name":"歌尔声学","code":"SZ002241","pe":"29.91","pb":0,"volumn":"499.30亿","range52":"23.33 - 71.34","price":0.0,"lastupdate":0}
{"name":"滨江集团","code":"SZ002244","pe":"24.92","pb":0,"volumn":"206.59亿","range52":"5.52 - 16.00","price":0.0,"lastupdate":0}
{"name":"北化股份","code":"SZ002246","pe":"94.48","pb":0,"volumn":"62.47亿","range52":"5.50 - 16.98","price":0.0,"lastupdate":0}
{"name":"帝龙新材","code":"SZ002247","pe":"66.98","pb":0,"volumn":"67.63亿","range52":"7.10 - 26.05","price":0.0,"lastupdate":0}
{"name":"联化科技","code":"SZ002250","pe":"31.13","pb":0,"volumn":"181.08亿","range52":"13.45 - 26.28","price":0.0,"lastupdate":0}
{"name":"步步高","code":"SZ002251","pe":"55.90","pb":0,"volumn":"185.12亿","range52":"10.10 - 28.98","price":0.0,"lastupdate":0}
{"name":"上海莱士","code":"SZ002252","pe":"102.41","pb":0,"volumn":"843.28亿","range52":"18.40 - 71.20","price":0.0,"lastupdate":0}
{"name":"川大智胜","code":"SZ002253","pe":"511.42","pb":0,"volumn":"57.19亿","range52":"12.91 - 51.20","price":0.0,"lastupdate":0}
{"name":"彩虹精化","code":"SZ002256","pe":"182.27","pb":0,"volumn":"80.07亿","range52":"4.54 - 30.70","price":0.0,"lastupdate":0}
{"name":"伊立浦","code":"SZ002260","pe":"610.41","pb":0,"volumn":"135.25亿","range52":"5.80 - 60.19","price":0.0,"lastupdate":0}
{"name":"拓维信息","code":"SZ002261","pe":"132.64","pb":0,"volumn":"189.92亿","range52":"7.92 - 42.90","price":0.0,"lastupdate":0}
{"name":"陕天然气","code":"SZ002267","pe":"31.12","pb":0,"volumn":"175.15亿","range52":"8.38 - 17.44","price":0.0,"lastupdate":0}
{"name":"卫士通","code":"SZ002268","pe":"293.81","pb":0,"volumn":"312.37亿","range52":"10.63 - 129.92","price":0.0,"lastupdate":0}
{"name":"法因数控","code":"SZ002270","pe":"193.23","pb":0,"volumn":"35.73亿","range52":"4.91 - 22.50","price":0.0,"lastupdate":0}
{"name":"东方雨虹","code":"SZ002271","pe":"32.16","pb":0,"volumn":"181.56亿","range52":"13.88 - 47.80","price":0.0,"lastupdate":0}
{"name":"水晶光电","code":"SZ002273","pe":"63.03","pb":0,"volumn":"98.94亿","range52":"15.30 - 41.43","price":0.0,"lastupdate":0}
{"name":"万马股份","code":"SZ002276","pe":"70.30","pb":0,"volumn":"166.97亿","range52":"4.02 - 18.26","price":0.0,"lastupdate":0}
{"name":"友阿股份","code":"SZ002277","pe":"32.62","pb":0,"volumn":"104.06亿","range52":"6.97 - 21.30","price":0.0,"lastupdate":0}
{"name":"久其软件","code":"SZ002279","pe":"204.46","pb":0,"volumn":"152.79亿","range52":"6.70 - 82.00","price":0.0,"lastupdate":0}
{"name":"联络互动","code":"SZ002280","pe":"206.61","pb":0,"volumn":"474.05亿","range52":"8.22 - 168.00","price":0.0,"lastupdate":0}
{"name":"亚太股份","code":"SZ002284","pe":"48.97","pb":0,"volumn":"89.24亿","range52":"5.84 - 29.50","price":0.0,"lastupdate":0}
{"name":"世联行","code":"SZ002285","pe":"69.88","pb":0,"volumn":"279.60亿","range52":"7.44 - 41.82","price":0.0,"lastupdate":0}
{"name":"奇正藏药","code":"SZ002287","pe":"52.35","pb":0,"volumn":"127.36亿","range52":"15.30 - 35.87","price":0.0,"lastupdate":0}
{"name":"奥飞动漫","code":"SZ002292","pe":"80.98","pb":0,"volumn":"370.89亿","range52":"13.19 - 58.69","price":0.0,"lastupdate":0}
{"name":"罗莱家纺","code":"SZ002293","pe":"33.09","pb":0,"volumn":"137.50亿","range52":"15.40 - 56.08","price":0.0,"lastupdate":0}
{"name":"信立泰","code":"SZ002294","pe":"29.44","pb":0,"volumn":"324.37亿","range52":"25.88 - 60.39","price":0.0,"lastupdate":0}
{"name":"鑫龙电器","code":"SZ002298","pe":"528.06","pb":0,"volumn":"81.94亿","range52":"6.42 - 23.31","price":0.0,"lastupdate":0}
{"name":"圣农发展","code":"SZ002299","pe":"-","pb":0,"volumn":"157.13亿","range52":"7.73 - 18.87","price":0.0,"lastupdate":0}
{"name":"美盈森","code":"SZ002303","pe":"68.07","pb":0,"volumn":"189.89亿","range52":"10.48 - 39.78","price":0.0,"lastupdate":0}
{"name":"洋河股份","code":"SZ002304","pe":"21.28","pb":0,"volumn":"1007.21亿","range52":"36.81 - 102.95","price":0.0,"lastupdate":0}
{"name":"威创股份","code":"SZ002308","pe":"161.94","pb":0,"volumn":"127.85亿","range52":"6.15 - 16.05","price":0.0,"lastupdate":0}
{"name":"中利科技","code":"SZ002309","pe":"43.14","pb":0,"volumn":"148.89亿","range52":"10.09 - 30.52","price":0.0,"lastupdate":0}
{"name":"东方园林","code":"SZ002310","pe":"43.18","pb":0,"volumn":"277.60亿","range52":"16.28 - 95.98","price":0.0,"lastupdate":0}
{"name":"海大集团","code":"SZ002311","pe":"39.47","pb":0,"volumn":"214.28亿","range52":"9.25 - 21.44","price":0.0,"lastupdate":0}
{"name":"三泰控股","code":"SZ002312","pe":"320.02","pb":0,"volumn":"205.39亿","range52":"7.34 - 51.57","price":0.0,"lastupdate":0}
{"name":"众生药业","code":"SZ002317","pe":"42.65","pb":0,"volumn":"101.59亿","range52":"14.39 - 29.38","price":0.0,"lastupdate":0}
{"name":"久立特材","code":"SZ002318","pe":"95.99","pb":0,"volumn":"165.51亿","range52":"12.18 - 56.00","price":0.0,"lastupdate":0}
{"name":"普利特","code":"SZ002324","pe":"39.48","pb":0,"volumn":"91.80亿","range52":"12.62 - 36.00","price":0.0,"lastupdate":0}
{"name":"永太科技","code":"SZ002326","pe":"125.85","pb":0,"volumn":"137.46亿","range52":"8.15 - 61.39","price":0.0,"lastupdate":0}
{"name":"皇氏集团","code":"SZ002329","pe":"125.13","pb":0,"volumn":"95.84亿","range52":"9.86 - 35.97","price":0.0,"lastupdate":0}
{"name":"科华恒盛","code":"SZ002335","pe":"82.62","pb":0,"volumn":"97.14亿","range52":"9.85 - 48.84","price":0.0,"lastupdate":0}
{"name":"积成电子","code":"SZ002339","pe":"96.08","pb":0,"volumn":"119.62亿","range52":"7.20 - 33.52","price":0.0,"lastupdate":0}
{"name":"格林美","code":"SZ002340","pe":"82.82","pb":0,"volumn":"183.29亿","range52":"8.30 - 21.89","price":0.0,"lastupdate":0}
{"name":"天神娱乐","code":"SZ002354","pe":"68.05","pb":0,"volumn":"207.66亿","range52":"9.00 - 108.42","price":0.0,"lastupdate":0}
{"name":"森源电气","code":"SZ002358","pe":"73.65","pb":0,"volumn":"180.12亿","range52":"11.77 - 51.99","price":0.0,"lastupdate":0}
{"name":"隆基机械","code":"SZ002363","pe":"171.05","pb":0,"volumn":"84.95亿","range52":"7.13 - 40.00","price":0.0,"lastupdate":0}
{"name":"中恒电气","code":"SZ002364","pe":"112.71","pb":0,"volumn":"148.86亿","range52":"10.40 - 60.09","price":0.0,"lastupdate":0}
{"name":"康力电梯","code":"SZ002367","pe":"28.73","pb":0,"volumn":"120.76亿","range52":"5.76 - 17.95","price":0.0,"lastupdate":0}
{"name":"太极股份","code":"SZ002368","pe":"122.26","pb":0,"volumn":"237.94亿","range52":"16.00 - 90.10","price":0.0,"lastupdate":0}
{"name":"伟星新材","code":"SZ002372","pe":"24.87","pb":0,"volumn":"98.78亿","range52":"9.78 - 24.08","price":0.0,"lastupdate":0}
{"name":"千方科技","code":"SZ002373","pe":"80.57","pb":0,"volumn":"243.91亿","range52":"6.42 - 59.85","price":0.0,"lastupdate":0}
{"name":"亚厦股份","code":"SZ002375","pe":"28.32","pb":0,"volumn":"292.87亿","range52":"16.37 - 37.00","price":0.0,"lastupdate":0}
{"name":"科远股份","code":"SZ002380","pe":"107.50","pb":0,"volumn":"44.19亿","range52":"19.00 - 50.30","price":0.0,"lastupdate":0}
{"name":"蓝帆医疗","code":"SZ002382","pe":"69.39","pb":0,"volumn":"66.37亿","range52":"9.05 - 30.67","price":0.0,"lastupdate":0}
{"name":"合众思壮","code":"SZ002383","pe":"172.21","pb":0,"volumn":"84.93亿","range52":"12.82 - 47.97","price":0.0,"lastupdate":0}
{"name":"东山精密","code":"SZ002384","pe":"309.34","pb":0,"volumn":"153.55亿","range52":"8.68 - 26.19","price":0.0,"lastupdate":0}
{"name":"大北农","code":"SZ002385","pe":"54.76","pb":0,"volumn":"403.92亿","range52":"9.22 - 27.28","price":0.0,"lastupdate":0}
{"name":"信邦制药","code":"SZ002390","pe":"96.43","pb":0,"volumn":"165.55亿","range52":"14.11 - 55.80","price":0.0,"lastupdate":0}
{"name":"长青股份","code":"SZ002391","pe":"30.69","pb":0,"volumn":"72.07亿","range52":"12.30 - 26.84","price":0.0,"lastupdate":0}
{"name":"省广股份","code":"SZ002400","pe":"52.16","pb":0,"volumn":"225.21亿","range52":"18.91 - 58.73","price":0.0,"lastupdate":0}
{"name":"中海科技","code":"SZ002401","pe":"135.64","pb":0,"volumn":"70.65亿","range52":"8.42 - 25.23","price":0.0,"lastupdate":0}
{"name":"四维图新","code":"SZ002405","pe":"218.78","pb":0,"volumn":"259.69亿","range52":"9.32 - 43.60","price":0.0,"lastupdate":0}
{"name":"多氟多","code":"SZ002407","pe":"1387.27","pb":0,"volumn":"74.34亿","range52":"10.30 - 34.80","price":0.0,"lastupdate":0}
{"name":"齐翔腾达","code":"SZ002408","pe":"48.94","pb":0,"volumn":"139.62亿","range52":"10.79 - 26.04","price":0.0,"lastupdate":0}
{"name":"广联达","code":"SZ002410","pe":"47.94","pb":0,"volumn":"287.29亿","range52":"17.26 - 49.37","price":0.0,"lastupdate":0}
{"name":"九九久","code":"SZ002411","pe":"212.88","pb":0,"volumn":"67.19亿","range52":"5.36 - 20.87","price":0.0,"lastupdate":0}
{"name":"常发股份","code":"SZ002413","pe":"297.94","pb":0,"volumn":"100.66亿","range52":"6.08 - 48.00","price":0.0,"lastupdate":0}
{"name":"海康威视","code":"SZ002415","pe":"26.53","pb":0,"volumn":"1332.64亿","range52":"15.38 - 42.14","price":0.0,"lastupdate":0}
{"name":"康盛股份","code":"SZ002418","pe":"-","pb":0,"volumn":"110.69亿","range52":"5.58 - 32.88","price":0.0,"lastupdate":0}
{"name":"天虹商场","code":"SZ002419","pe":"26.07","pb":0,"volumn":"140.38亿","range52":"7.49 - 18.06","price":0.0,"lastupdate":0}
{"name":"科伦药业","code":"SZ002422","pe":"28.80","pb":0,"volumn":"282.17亿","range52":"24.80 - 67.92","price":0.0,"lastupdate":0}
{"name":"兆驰股份","code":"SZ002429","pe":"30.88","pb":0,"volumn":"190.80亿","range52":"7.11 - 16.78","price":0.0,"lastupdate":0}
{"name":"九安医疗","code":"SZ002432","pe":"-","pb":0,"volumn":"118.63亿","range52":"6.80 - 40.00","price":0.0,"lastupdate":0}
{"name":"太安堂","code":"SZ002433","pe":"64.27","pb":0,"volumn":"122.66亿","range52":"8.67 - 32.16","price":0.0,"lastupdate":0}
{"name":"兴森科技","code":"SZ002436","pe":"96.23","pb":0,"volumn":"111.17亿","range52":"14.53 - 56.99","price":0.0,"lastupdate":0}
{"name":"誉衡药业","code":"SZ002437","pe":"47.56","pb":0,"volumn":"238.60亿","range52":"22.53 - 61.49","price":0.0,"lastupdate":0}
{"name":"启明星辰","code":"SZ002439","pe":"117.87","pb":0,"volumn":"223.17亿","range52":"12.66 - 60.49","price":0.0,"lastupdate":0}
{"name":"金洲管道","code":"SZ002443","pe":"100.40","pb":0,"volumn":"78.39亿","range52":"5.40 - 18.00","price":0.0,"lastupdate":0}
{"name":"巨星科技","code":"SZ002444","pe":"41.14","pb":0,"volumn":"207.06亿","range52":"6.59 - 22.06","price":0.0,"lastupdate":0}
{"name":"中南重工","code":"SZ002445","pe":"240.78","pb":0,"volumn":"162.53亿","range52":"6.00 - 47.88","price":0.0,"lastupdate":0}
{"name":"盛路通信","code":"SZ002446","pe":"211.69","pb":0,"volumn":"102.07亿","range52":"8.22 - 60.90","price":0.0,"lastupdate":0}
{"name":"国星光电","code":"SZ002449","pe":"43.32","pb":0,"volumn":"66.91亿","range52":"6.61 - 17.47","price":0.0,"lastupdate":0}
{"name":"康得新","code":"SZ002450","pe":"41.18","pb":0,"volumn":"447.54亿","range52":"18.99 - 49.64","price":0.0,"lastupdate":0}
{"name":"松芝股份","code":"SZ002454","pe":"32.45","pb":0,"volumn":"92.15亿","range52":"8.26 - 25.17","price":0.0,"lastupdate":0}
{"name":"欧菲光","code":"SZ002456","pe":"51.09","pb":0,"volumn":"314.44亿","range52":"17.92 - 83.99","price":0.0,"lastupdate":0}
{"name":"益生股份","code":"SZ002458","pe":"150.28","pb":0,"volumn":"45.10亿","range52":"7.03 - 18.10","price":0.0,"lastupdate":0}
{"name":"嘉事堂","code":"SZ002462","pe":"76.99","pb":0,"volumn":"109.20亿","range52":"7.50 - 54.18","price":0.0,"lastupdate":0}
{"name":"海格通信","code":"SZ002465","pe":"66.99","pb":0,"volumn":"299.26亿","range52":"12.54 - 39.65","price":0.0,"lastupdate":0}
{"name":"天齐锂业","code":"SZ002466","pe":"92.80","pb":0,"volumn":"167.16亿","range52":"26.80 - 76.00","price":0.0,"lastupdate":0}
{"name":"二六三","code":"SZ002467","pe":"83.88","pb":0,"volumn":"121.28亿","range52":"10.65 - 30.59","price":0.0,"lastupdate":0}
{"name":"艾迪西","code":"SZ002468","pe":"1001.48","pb":0,"volumn":"75.94亿","range52":"5.69 - 26.58","price":0.0,"lastupdate":0}
{"name":"三维工程","code":"SZ002469","pe":"45.00","pb":0,"volumn":"72.73亿","range52":"9.58 - 24.68","price":0.0,"lastupdate":0}
{"name":"金正大","code":"SZ002470","pe":"35.43","pb":0,"volumn":"336.09亿","range52":"13.40 - 46.80","price":0.0,"lastupdate":0}
{"name":"立讯精密","code":"SZ002475","pe":"50.02","pb":0,"volumn":"346.33亿","range52":"19.72 - 45.76","price":0.0,"lastupdate":0}
{"name":"常宝股份","code":"SZ002478","pe":"28.81","pb":0,"volumn":"68.82亿","range52":"7.94 - 19.65","price":0.0,"lastupdate":0}
{"name":"双塔食品","code":"SZ002481","pe":"86.20","pb":0,"volumn":"143.27亿","range52":"9.09 - 31.30","price":0.0,"lastupdate":0}
{"name":"金固股份","code":"SZ002488","pe":"221.64","pb":0,"volumn":"142.09亿","range52":"6.44 - 71.69","price":0.0,"lastupdate":0}
{"name":"通鼎互联","code":"SZ002491","pe":"51.60","pb":0,"volumn":"92.23亿","range52":"10.47 - 25.50","price":0.0,"lastupdate":0}
{"name":"辉丰股份","code":"SZ002496","pe":"55.33","pb":0,"volumn":"113.18亿","range52":"10.63 - 34.00","price":0.0,"lastupdate":0}
{"name":"科林环保","code":"SZ002499","pe":"688.07","pb":0,"volumn":"62.17亿","range52":"14.66 - 48.09","price":0.0,"lastupdate":0}
{"name":"山西证券","code":"SZ002500","pe":"58.03","pb":0,"volumn":"543.04亿","range52":"5.51 - 24.47","price":0.0,"lastupdate":0}
{"name":"搜于特","code":"SZ002503","pe":"105.99","pb":0,"volumn":"148.73亿","range52":"7.73 - 32.38","price":0.0,"lastupdate":0}
{"name":"涪陵榨菜","code":"SZ002507","pe":"48.23","pb":0,"volumn":"65.69亿","range52":"20.61 - 42.43","price":0.0,"lastupdate":0}
{"name":"老板电器","code":"SZ002508","pe":"26.53","pb":0,"volumn":"161.21亿","range52":"23.10 - 55.81","price":0.0,"lastupdate":0}
{"name":"天广消防","code":"SZ002509","pe":"72.92","pb":0,"volumn":"90.65亿","range52":"7.67 - 22.50","price":0.0,"lastupdate":0}
{"name":"科士达","code":"SZ002518","pe":"49.43","pb":0,"volumn":"80.18亿","range52":"8.80 - 39.50","price":0.0,"lastupdate":0}
{"name":"日发精机","code":"SZ002520","pe":"172.48","pb":0,"volumn":"78.62亿","range52":"7.37 - 44.60","price":0.0,"lastupdate":0}
{"name":"齐峰新材","code":"SZ002521","pe":"22.20","pb":0,"volumn":"62.48亿","range52":"6.40 - 16.46","price":0.0,"lastupdate":0}
{"name":"浙江众成","code":"SZ002522","pe":"467.05","pb":0,"volumn":"264.94亿","range52":"6.53 - 61.95","price":0.0,"lastupdate":0}
{"name":"山东矿机","code":"SZ002526","pe":"-","pb":0,"volumn":"74.17亿","range52":"4.52 - 15.75","price":0.0,"lastupdate":0}
{"name":"司尔特","code":"SZ002538","pe":"49.78","pb":0,"volumn":"79.62亿","range52":"8.19 - 22.65","price":0.0,"lastupdate":0}
{"name":"新都化工","code":"SZ002539","pe":"80.56","pb":0,"volumn":"93.35亿","range52":"6.97 - 33.52","price":0.0,"lastupdate":0}
{"name":"杰赛科技","code":"SZ002544","pe":"175.08","pb":0,"volumn":"159.78亿","range52":"7.46 - 34.91","price":0.0,"lastupdate":0}
{"name":"春兴精工","code":"SZ002547","pe":"71.49","pb":0,"volumn":"82.58亿","range52":"9.30 - 26.15","price":0.0,"lastupdate":0}
{"name":"尚荣医疗","code":"SZ002551","pe":"125.33","pb":0,"volumn":"138.50亿","range52":"19.40 - 45.62","price":0.0,"lastupdate":0}
{"name":"南方轴承","code":"SZ002553","pe":"64.70","pb":0,"volumn":"43.15亿","range52":"9.90 - 32.09","price":0.0,"lastupdate":0}
{"name":"洽洽食品","code":"SZ002557","pe":"30.96","pb":0,"volumn":"93.69亿","range52":"15.12 - 29.40","price":0.0,"lastupdate":0}
{"name":"森马服饰","code":"SZ002563","pe":"32.25","pb":0,"volumn":"363.68亿","range52":"18.80 - 63.44","price":0.0,"lastupdate":0}
{"name":"天沃科技","code":"SZ002564","pe":"159.95","pb":0,"volumn":"101.19亿","range52":"6.24 - 16.35","price":0.0,"lastupdate":0}
{"name":"百润股份","code":"SZ002568","pe":"382.21","pb":0,"volumn":"218.45亿","range52":"13.15 - 136.53","price":0.0,"lastupdate":0}
{"name":"贝因美","code":"SZ002570","pe":"417.29","pb":0,"volumn":"203.99亿","range52":"12.65 - 45.40","price":0.0,"lastupdate":0}
{"name":"索菲亚","code":"SZ002572","pe":"45.54","pb":0,"volumn":"153.91亿","range52":"12.06 - 36.33","price":0.0,"lastupdate":0}
{"name":"通达动力","code":"SZ002576","pe":"-","pb":0,"volumn":"51.33亿","range52":"5.18 - 35.10","price":0.0,"lastupdate":0}
{"name":"圣阳股份","code":"SZ002580","pe":"187.72","pb":0,"volumn":"39.04亿","range52":"11.88 - 34.38","price":0.0,"lastupdate":0}
{"name":"好想你","code":"SZ002582","pe":"75.53","pb":0,"volumn":"43.14亿","range52":"12.11 - 32.00","price":0.0,"lastupdate":0}
{"name":"史丹利","code":"SZ002588","pe":"31.75","pb":0,"volumn":"165.24亿","range52":"19.60 - 66.18","price":0.0,"lastupdate":0}
{"name":"瑞康医药","code":"SZ002589","pe":"108.41","pb":0,"volumn":"208.20亿","range52":"26.80 - 82.58","price":0.0,"lastupdate":0}
{"name":"比亚迪","code":"SZ002594","pe":"273.84","pb":0,"volumn":"1485.60亿","range52":"19.96 - 66.50","price":0.0,"lastupdate":0}
{"name":"豪迈科技","code":"SZ002595","pe":"35.91","pb":0,"volumn":"193.68亿","range52":"23.71 - 60.88","price":0.0,"lastupdate":0}
{"name":"大连电瓷","code":"SZ002606","pe":"409.36","pb":0,"volumn":"45.44亿","range52":"11.14 - 25.20","price":0.0,"lastupdate":0}
{"name":"捷顺科技","code":"SZ002609","pe":"95.48","pb":0,"volumn":"99.24亿","range52":"7.44 - 43.55","price":0.0,"lastupdate":0}
{"name":"东方精工","code":"SZ002611","pe":"91.86","pb":0,"volumn":"69.96亿","range52":"6.43 - 20.22","price":0.0,"lastupdate":0}
{"name":"丹邦科技","code":"SZ002618","pe":"85.40","pb":0,"volumn":"80.03亿","range52":"13.01 - 48.56","price":0.0,"lastupdate":0}
{"name":"永大集团","code":"SZ002622","pe":"207.21","pb":0,"volumn":"116.30亿","range52":"8.58 - 68.27","price":0.0,"lastupdate":0}
{"name":"德尔家居","code":"SZ002631","pe":"89.25","pb":0,"volumn":"125.26亿","range52":"7.33 - 42.99","price":0.0,"lastupdate":0}
{"name":"百圆裤业","code":"SZ002640","pe":"222.71","pb":0,"volumn":"127.70亿","range52":"11.10 - 67.50","price":0.0,"lastupdate":0}
{"name":"荣之联","code":"SZ002642","pe":"138.65","pb":0,"volumn":"221.27亿","range52":"10.31 - 72.50","price":0.0,"lastupdate":0}
{"name":"烟台万润","code":"SZ002643","pe":"95.14","pb":0,"volumn":"98.15亿","range52":"9.99 - 29.48","price":0.0,"lastupdate":0}
{"name":"佛慈制药","code":"SZ002644","pe":"192.83","pb":0,"volumn":"68.45亿","range52":"13.98 - 39.37","price":0.0,"lastupdate":0}
{"name":"博彦科技","code":"SZ002649","pe":"49.75","pb":0,"volumn":"110.45亿","range52":"18.70 - 73.48","price":0.0,"lastupdate":0}
{"name":"海思科","code":"SZ002653","pe":"57.98","pb":0,"volumn":"271.80亿","range52":"16.88 - 35.10","price":0.0,"lastupdate":0}
{"name":"万润科技","code":"SZ002654","pe":"128.49","pb":0,"volumn":"42.57亿","range52":"7.08 - 26.14","price":0.0,"lastupdate":0}
{"name":"共达电声","code":"SZ002655","pe":"221.38","pb":0,"volumn":"54.25亿","range52":"7.63 - 21.79","price":0.0,"lastupdate":0}
{"name":"中科金财","code":"SZ002657","pe":"342.59","pb":0,"volumn":"317.30亿","range52":"16.39 - 102.50","price":0.0,"lastupdate":0}
{"name":"克明面业","code":"SZ002661","pe":"58.93","pb":0,"volumn":"38.78亿","range52":"25.22 - 52.00","price":0.0,"lastupdate":0}
{"name":"京威股份","code":"SZ002662","pe":"29.73","pb":0,"volumn":"138.45亿","range52":"5.64 - 21.12","price":0.0,"lastupdate":0}
{"name":"普邦园林","code":"SZ002663","pe":"44.57","pb":0,"volumn":"175.22亿","range52":"11.26 - 39.50","price":0.0,"lastupdate":0}
{"name":"信质电机","code":"SZ002664","pe":"64.32","pb":0,"volumn":"119.81亿","range52":"20.87 - 56.94","price":0.0,"lastupdate":0}
{"name":"德联集团","code":"SZ002666","pe":"63.12","pb":0,"volumn":"105.68亿","range52":"6.54 - 31.80","price":0.0,"lastupdate":0}
{"name":"奥马电器","code":"SZ002668","pe":"22.28","pb":0,"volumn":"42.99亿","range52":"11.51 - 30.86","price":0.0,"lastupdate":0}
{"name":"东江环保","code":"SZ002672","pe":"66.97","pb":0,"volumn":"179.33亿","range52":"26.16 - 70.00","price":0.0,"lastupdate":0}
{"name":"兴业科技","code":"SZ002674","pe":"46.47","pb":0,"volumn":"44.16亿","range52":"8.38 - 19.15","price":0.0,"lastupdate":0}
{"name":"东诚药业","code":"SZ002675","pe":"71.62","pb":0,"volumn":"74.04亿","range52":"13.76 - 42.85","price":0.0,"lastupdate":0}
{"name":"猛狮科技","code":"SZ002684","pe":"475.09","pb":0,"volumn":"77.68亿","range52":"13.33 - 41.28","price":0.0,"lastupdate":0}
{"name":"美亚光电","code":"SZ002690","pe":"96.23","pb":0,"volumn":"235.42亿","range52":"21.31 - 69.99","price":0.0,"lastupdate":0}
{"name":"双成药业","code":"SZ002693","pe":"101.85","pb":0,"volumn":"58.73亿","range52":"9.16 - 21.89","price":0.0,"lastupdate":0}
{"name":"红旗连锁","code":"SZ002697","pe":"62.47","pb":0,"volumn":"107.84亿","range52":"7.50 - 18.33","price":0.0,"lastupdate":0}
{"name":"美盛文化","code":"SZ002699","pe":"106.80","pb":0,"volumn":"108.53亿","range52":"14.21 - 46.78","price":0.0,"lastupdate":0}
{"name":"奥瑞金","code":"SZ002701","pe":"28.29","pb":0,"volumn":"247.99亿","range52":"18.39 - 48.82","price":0.0,"lastupdate":0}
{"name":"东易日盛","code":"SZ002713","pe":"64.98","pb":0,"volumn":"65.67亿","range52":"25.20 - 62.25","price":0.0,"lastupdate":0}
{"name":"牧原股份","code":"SZ002714","pe":"153.70","pb":0,"volumn":"177.87亿","range52":"28.88 - 81.28","price":0.0,"lastupdate":0}
{"name":"金一文化","code":"SZ002721","pe":"99.97","pb":0,"volumn":"112.95亿","range52":"12.66 - 64.99","price":0.0,"lastupdate":0}
{"name":"金轮股份","code":"SZ002722","pe":"101.04","pb":0,"volumn":"38.58亿","range52":"8.62 - 41.04","price":0.0,"lastupdate":0}
{"name":"台城制药","code":"SZ002728","pe":"88.31","pb":0,"volumn":"52.50亿","range52":"35.40 - 61.48","price":0.0,"lastupdate":0}
{"name":"国信证券","code":"SZ002736","pe":"33.05","pb":0,"volumn":"2394.40亿","range52":"7.00 - 31.90","price":0.0,"lastupdate":0}
{"name":"万达院线","code":"SZ002739","pe":"102.29","pb":0,"volumn":"947.52亿","range52":"27.94 - 175.25","price":0.0,"lastupdate":0}
{"name":"三圣特材","code":"SZ002742","pe":"38.80","pb":0,"volumn":"45.41亿","range52":"24.44 - 52.30","price":0.0,"lastupdate":0}
{"name":"仙坛股份","code":"SZ002746","pe":"715.95","pb":0,"volumn":"38.26亿","range52":"6.97 - 26.76","price":0.0,"lastupdate":0}
{"name":"埃斯顿","code":"SZ002747","pe":"283.54","pb":0,"volumn":"84.50亿","range52":"8.16 - 76.00","price":0.0,"lastupdate":0}
{"name":"国光股份","code":"SZ002749","pe":"92.17","pb":0,"volumn":"59.65亿","range52":"35.53 - 84.88","price":0.0,"lastupdate":0}
{"name":"龙津药业","code":"SZ002750","pe":"75.59","pb":0,"volumn":"50.85亿","range52":"28.00 - 82.98","price":0.0,"lastupdate":0}
{"name":"神州泰岳","code":"SZ300002","pe":"75.84","pb":0,"volumn":"452.13亿","range52":"11.16 - 38.66","price":0.0,"lastupdate":0}
{"name":"乐普医疗","code":"SZ300003","pe":"63.47","pb":0,"volumn":"290.78亿","range52":"9.35 - 39.60","price":0.0,"lastupdate":0}
{"name":"探路者","code":"SZ300005","pe":"44.93","pb":0,"volumn":"139.71亿","range52":"8.50 - 32.60","price":0.0,"lastupdate":0}
{"name":"汉威电子","code":"SZ300007","pe":"161.88","pb":0,"volumn":"98.16亿","range52":"10.11 - 76.50","price":0.0,"lastupdate":0}
{"name":"安科生物","code":"SZ300009","pe":"78.03","pb":0,"volumn":"90.10亿","range52":"11.77 - 30.80","price":0.0,"lastupdate":0}
{"name":"立思辰","code":"SZ300010","pe":"207.21","pb":0,"volumn":"160.34亿","range52":"6.16 - 61.40","price":0.0,"lastupdate":0}
{"name":"鼎汉技术","code":"SZ300011","pe":"91.61","pb":0,"volumn":"178.15亿","range52":"8.22 - 34.53","price":0.0,"lastupdate":0}
{"name":"华测检测","code":"SZ300012","pe":"70.72","pb":0,"volumn":"97.77亿","range52":"10.39 - 27.86","price":0.0,"lastupdate":0}
{"name":"新宁物流","code":"SZ300013","pe":"866.81","pb":0,"volumn":"60.44亿","range52":"8.30 - 39.20","price":0.0,"lastupdate":0}
{"name":"爱尔眼科","code":"SZ300015","pe":"80.39","pb":0,"volumn":"266.36亿","range52":"17.61 - 45.30","price":0.0,"lastupdate":0}
